<?xml version="1.0" encoding="UTF-8"?>
<robot generator="Robot 7.3.2 (Python 3.13.7 on win32)" generated="2025-09-25T23:09:10.764501" rpa="false" schemaversion="5">
<suite id="s1" name="Tests" source="c:\Users\user\QA\Test\tests.robot">
<kw name="Launch Browser" owner="CustomerPage" type="SETUP">
<kw name="Open Browser" owner="SeleniumLibrary">
<msg time="2025-09-25T23:09:11.998100" level="INFO">Opening browser 'chrome' to base url 'https://marmelab.com/react-admin-demo'.</msg>
<arg>${url}</arg>
<arg>chrome</arg>
<arg>options=add_argument("--start-maximized")</arg>
<doc>Opens a new browser instance to the optional ``url``.</doc>
<status status="PASS" start="2025-09-25T23:09:11.997220" elapsed="7.272684"/>
</kw>
<kw name="Wait Until Keyword Succeeds" owner="BuiltIn">
<kw name="Wait Until Element Is Visible" owner="SeleniumLibrary">
<arg>${element_to_wait}</arg>
<doc>Waits until the element ``locator`` is visible.</doc>
<status status="PASS" start="2025-09-25T23:09:19.271402" elapsed="0.565855"/>
</kw>
<arg>5x</arg>
<arg>.5s</arg>
<arg>Wait Until Element Is Visible</arg>
<arg>${element_to_wait}</arg>
<doc>Runs the specified keyword and retries if it fails.</doc>
<status status="PASS" start="2025-09-25T23:09:19.270678" elapsed="0.566836"/>
</kw>
<status status="PASS" start="2025-09-25T23:09:11.995021" elapsed="7.842664"/>
</kw>
<test id="s1-t1" name="TEST_1_Add_First_5_Users_And_Verify_Table" line="16">
<kw name="Login User" owner="App">
<kw name="Input Text" owner="SeleniumLibrary">
<msg time="2025-09-25T23:09:19.841040" level="INFO">Typing text 'demo' into text field '//input[@name="username"]'.</msg>
<arg>${login_txt_username}</arg>
<arg>${username}</arg>
<doc>Types the given ``text`` into the text field identified by ``locator``.</doc>
<status status="PASS" start="2025-09-25T23:09:19.840613" elapsed="0.284776"/>
</kw>
<kw name="Input Text" owner="SeleniumLibrary">
<msg time="2025-09-25T23:09:20.126175" level="INFO">Typing text 'demo' into text field '//input[@name="password"]'.</msg>
<arg>${login_txt_password}</arg>
<arg>${password}</arg>
<doc>Types the given ``text`` into the text field identified by ``locator``.</doc>
<status status="PASS" start="2025-09-25T23:09:20.125775" elapsed="0.164320"/>
</kw>
<kw name="Click Button" owner="SeleniumLibrary">
<msg time="2025-09-25T23:09:20.291719" level="INFO">Clicking button '//button[@type="submit"]'.</msg>
<arg>${login_btn_submit}</arg>
<doc>Clicks the button identified by ``locator``.</doc>
<status status="PASS" start="2025-09-25T23:09:20.290897" elapsed="0.163194"/>
</kw>
<kw name="Run Keyword And Return Status" owner="BuiltIn">
<kw name="Wait Until Element Is Visible" owner="SeleniumLibrary">
<arg>${dashboard_hdr}</arg>
<doc>Waits until the element ``locator`` is visible.</doc>
<status status="PASS" start="2025-09-25T23:09:20.455133" elapsed="0.391712"/>
</kw>
<msg time="2025-09-25T23:09:20.847391" level="INFO">${status} = True</msg>
<var>${status}</var>
<arg>Wait Until Element Is Visible</arg>
<arg>${dashboard_hdr}</arg>
<doc>Runs the given keyword with given arguments and returns the status as a Boolean value.</doc>
<status status="PASS" start="2025-09-25T23:09:20.454553" elapsed="0.393065"/>
</kw>
<if>
<branch type="IF" condition="${status}">
<kw name="Log To Console" owner="BuiltIn">
<arg>Login Successful</arg>
<doc>Logs the given message to the console.</doc>
<status status="PASS" start="2025-09-25T23:09:20.851540" elapsed="0.014020"/>
</kw>
<status status="PASS" start="2025-09-25T23:09:20.848499" elapsed="0.017351"/>
</branch>
<branch type="ELSE">
<kw name="Log To Console" owner="BuiltIn">
<arg>Login Failed</arg>
<doc>Logs the given message to the console.</doc>
<status status="NOT RUN" start="2025-09-25T23:09:20.872965" elapsed="0.000229"/>
</kw>
<status status="NOT RUN" start="2025-09-25T23:09:20.872498" elapsed="0.001057"/>
</branch>
<status status="PASS" start="2025-09-25T23:09:20.848004" elapsed="0.025720"/>
</if>
<status status="PASS" start="2025-09-25T23:09:19.839799" elapsed="1.034257"/>
</kw>
<kw name="Go To Customers Page" owner="CustomerPage">
<kw name="Click Element" owner="SeleniumLibrary">
<msg time="2025-09-25T23:09:20.914935" level="INFO">Clicking element '(//p[text()="Customers"])[2]'.</msg>
<arg>${nav_btn_customers}</arg>
<doc>Click the element identified by ``locator``.</doc>
<status status="PASS" start="2025-09-25T23:09:20.914300" elapsed="1.088119"/>
</kw>
<kw name="Wait Until Element Is Visible" owner="SeleniumLibrary">
<arg>//table//tbody</arg>
<doc>Waits until the element ``locator`` is visible.</doc>
<status status="PASS" start="2025-09-25T23:09:22.003092" elapsed="1.145907"/>
</kw>
<kw name="Wait Until Element Is Visible" owner="SeleniumLibrary">
<arg>${customers_btn_create}</arg>
<doc>Waits until the element ``locator`` is visible.</doc>
<status status="PASS" start="2025-09-25T23:09:23.149354" elapsed="0.026088"/>
</kw>
<status status="PASS" start="2025-09-25T23:09:20.913538" elapsed="2.262126"/>
</kw>
<kw name=" Add First 5 Users From API" owner="Test1">
<kw name="Get Users From Api" owner="CustomLibrary">
<msg time="2025-09-25T23:09:23.624195" level="INFO">c:\Users\user\QA\rfenv\Lib\site-packages\urllib3\connectionpool.py:1097: InsecureRequestWarning: Unverified HTTPS request is being made to host 'jsonplaceholder.typicode.com'. Adding certificate verification is strongly advised. See: https://urllib3.readthedocs.io/en/latest/advanced-usage.html#tls-warnings
  warnings.warn(</msg>
<msg time="2025-09-25T23:09:23.627817" level="FAIL">AttributeError: 'CustomLibrary' object has no attribute 'handle_name_prefixes'</msg>
<var>${users}</var>
<status status="FAIL" start="2025-09-25T23:09:23.177932" elapsed="0.457564">AttributeError: 'CustomLibrary' object has no attribute 'handle_name_prefixes'</status>
</kw>
<kw name="Add Users" owner="Test1">
<arg>${users}[0:5]</arg>
<status status="NOT RUN" start="2025-09-25T23:09:23.636282" elapsed="0.000171"/>
</kw>
<kw name="Go To Customers Page" owner="CustomerPage">
<status status="NOT RUN" start="2025-09-25T23:09:23.636680" elapsed="0.000087"/>
</kw>
<kw name="Verify Users In Table" owner="Test1">
<arg>${users}[0:5]</arg>
<status status="NOT RUN" start="2025-09-25T23:09:23.636945" elapsed="0.000286"/>
</kw>
<kw name="Go To Customers Page" owner="CustomerPage">
<status status="NOT RUN" start="2025-09-25T23:09:23.638592" elapsed="0.000491"/>
</kw>
<status status="FAIL" start="2025-09-25T23:09:23.177112" elapsed="0.462302">AttributeError: 'CustomLibrary' object has no attribute 'handle_name_prefixes'</status>
</kw>
<doc>TASK 1 and TASK 2: Adds the first 5 users and verifies them in the table.</doc>
<status status="FAIL" start="2025-09-25T23:09:19.838073" elapsed="3.802103">AttributeError: 'CustomLibrary' object has no attribute 'handle_name_prefixes'</status>
</test>
<test id="s1-t2" name="TEST_2_Update_Next_5_Customers" line="23">
<kw name="Get Users From Api" owner="CustomLibrary">
<msg time="2025-09-25T23:09:24.065876" level="INFO">c:\Users\user\QA\rfenv\Lib\site-packages\urllib3\connectionpool.py:1097: InsecureRequestWarning: Unverified HTTPS request is being made to host 'jsonplaceholder.typicode.com'. Adding certificate verification is strongly advised. See: https://urllib3.readthedocs.io/en/latest/advanced-usage.html#tls-warnings
  warnings.warn(</msg>
<msg time="2025-09-25T23:09:24.070549" level="FAIL">AttributeError: 'CustomLibrary' object has no attribute 'handle_name_prefixes'</msg>
<var>${users}</var>
<status status="FAIL" start="2025-09-25T23:09:23.647371" elapsed="0.428378">AttributeError: 'CustomLibrary' object has no attribute 'handle_name_prefixes'</status>
</kw>
<kw name="Set Variable" owner="BuiltIn">
<var>${users_to_edit}</var>
<arg>${users}[5:]</arg>
<doc>Returns the given values which can then be assigned to a variables.</doc>
<status status="NOT RUN" start="2025-09-25T23:09:24.087081" elapsed="0.001161"/>
</kw>
<kw name="Edit And Verify Last Five Users" owner="Test2">
<arg>${users_to_edit}</arg>
<status status="NOT RUN" start="2025-09-25T23:09:24.092961" elapsed="0.000373"/>
</kw>
<doc>TASK 3: Updates users 6-10 with data from API users 6-10.</doc>
<status status="FAIL" start="2025-09-25T23:09:23.646329" elapsed="0.448789">AttributeError: 'CustomLibrary' object has no attribute 'handle_name_prefixes'</status>
</test>
<test id="s1-t3" name="TEST_3_Log_All_Table_Data" line="29">
<kw name="Go To Customers Page" owner="CustomerPage">
<kw name="Click Element" owner="SeleniumLibrary">
<msg time="2025-09-25T23:09:24.112241" level="INFO">Clicking element '(//p[text()="Customers"])[2]'.</msg>
<arg>${nav_btn_customers}</arg>
<doc>Click the element identified by ``locator``.</doc>
<status status="PASS" start="2025-09-25T23:09:24.110969" elapsed="0.100817"/>
</kw>
<kw name="Wait Until Element Is Visible" owner="SeleniumLibrary">
<arg>//table//tbody</arg>
<doc>Waits until the element ``locator`` is visible.</doc>
<status status="PASS" start="2025-09-25T23:09:24.212408" elapsed="0.038221"/>
</kw>
<kw name="Wait Until Element Is Visible" owner="SeleniumLibrary">
<arg>${customers_btn_create}</arg>
<doc>Waits until the element ``locator`` is visible.</doc>
<status status="PASS" start="2025-09-25T23:09:24.250906" elapsed="0.034797"/>
</kw>
<status status="PASS" start="2025-09-25T23:09:24.109415" elapsed="0.176533"/>
</kw>
<kw name="Log Table Data" owner="Test3">
<kw name="Go To Customers Page" owner="CustomerPage">
<kw name="Click Element" owner="SeleniumLibrary">
<msg time="2025-09-25T23:09:24.291185" level="INFO">Clicking element '(//p[text()="Customers"])[2]'.</msg>
<arg>${nav_btn_customers}</arg>
<doc>Click the element identified by ``locator``.</doc>
<status status="PASS" start="2025-09-25T23:09:24.290430" elapsed="0.133685"/>
</kw>
<kw name="Wait Until Element Is Visible" owner="SeleniumLibrary">
<arg>//table//tbody</arg>
<doc>Waits until the element ``locator`` is visible.</doc>
<status status="PASS" start="2025-09-25T23:09:24.424477" elapsed="0.039027"/>
</kw>
<kw name="Wait Until Element Is Visible" owner="SeleniumLibrary">
<arg>${customers_btn_create}</arg>
<doc>Waits until the element ``locator`` is visible.</doc>
<status status="PASS" start="2025-09-25T23:09:24.463797" elapsed="0.037496"/>
</kw>
<status status="PASS" start="2025-09-25T23:09:24.289222" elapsed="0.212313"/>
</kw>
<kw name="Refresh Current Page" owner="App">
<kw name="Click Button" owner="SeleniumLibrary">
<msg time="2025-09-25T23:09:24.502475" level="INFO">Clicking button '//button[@aria-label="Refresh"]'.</msg>
<arg>${btn_refresh}</arg>
<doc>Clicks the button identified by ``locator``.</doc>
<status status="PASS" start="2025-09-25T23:09:24.502194" elapsed="0.162812"/>
</kw>
<kw name="Wait Until Element Is Visible" owner="SeleniumLibrary">
<arg>${loading_icon}</arg>
<doc>Waits until the element ``locator`` is visible.</doc>
<status status="PASS" start="2025-09-25T23:09:24.665553" elapsed="0.046526"/>
</kw>
<kw name="Wait Until Element Is Not Visible" owner="SeleniumLibrary">
<arg>${loading_icon}</arg>
<doc>Waits until the element ``locator`` is not visible.</doc>
<status status="PASS" start="2025-09-25T23:09:24.712440" elapsed="0.333111"/>
</kw>
<status status="PASS" start="2025-09-25T23:09:24.501824" elapsed="0.543966"/>
</kw>
<kw name="Wait Until Element Is Visible" owner="SeleniumLibrary">
<arg>${table_row}</arg>
<doc>Waits until the element ``locator`` is visible.</doc>
<status status="PASS" start="2025-09-25T23:09:25.046061" elapsed="0.024871"/>
</kw>
<kw name="Get Element Count" owner="SeleniumLibrary">
<msg time="2025-09-25T23:09:25.117842" level="INFO">${row_count} = 25</msg>
<var>${row_count}</var>
<arg>${table_row}</arg>
<doc>Returns the number of elements matching ``locator``.</doc>
<status status="PASS" start="2025-09-25T23:09:25.071227" elapsed="0.047487"/>
</kw>
<kw name="Log To Console" owner="BuiltIn">
<arg>\n--- Logging Customer Table Data (${row_count} Rows) ---</arg>
<doc>Logs the given message to the console.</doc>
<status status="PASS" start="2025-09-25T23:09:25.119169" elapsed="0.001326"/>
</kw>
<for flavor="IN RANGE">
<iter>
<kw name="Log To Console" owner="BuiltIn">
<arg>\n====== User ${i} ======</arg>
<doc>Logs the given message to the console.</doc>
<status status="PASS" start="2025-09-25T23:09:25.126403" elapsed="0.004210"/>
</kw>
<kw name="Set Variable" owner="BuiltIn">
<msg time="2025-09-25T23:09:25.133224" level="INFO">${current_row_locator} = (//table//tbody//tr)[1]</msg>
<var>${current_row_locator}</var>
<arg>(${table_row})[${i}]</arg>
<doc>Returns the given values which can then be assigned to a variables.</doc>
<status status="PASS" start="2025-09-25T23:09:25.132070" elapsed="0.001402"/>
</kw>
<kw name="Set Variable" owner="BuiltIn">
<msg time="2025-09-25T23:09:25.134190" level="INFO">${name_locator} = (//table//tbody//tr)[1]/td[2]//a/div</msg>
<var>${name_locator}</var>
<arg>${current_row_locator}/td[2]//a/div</arg>
<doc>Returns the given values which can then be assigned to a variables.</doc>
<status status="PASS" start="2025-09-25T23:09:25.133776" elapsed="0.000586"/>
</kw>
<kw name="Get Text" owner="SeleniumLibrary">
<msg time="2025-09-25T23:09:25.198657" level="INFO">${raw_name} = Larissa Botsford</msg>
<var>${raw_name}</var>
<arg>${name_locator}</arg>
<doc>Returns the text value of the element identified by ``locator``.</doc>
<status status="PASS" start="2025-09-25T23:09:25.134603" elapsed="0.064325"/>
</kw>
<kw name="Evaluate" owner="BuiltIn">
<msg time="2025-09-25T23:09:25.200171" level="INFO">${name} = Botsford</msg>
<var>${name}</var>
<arg>" ".join("""${raw_name}""".split()[1:])</arg>
<doc>Evaluates the given expression in Python and returns the result.</doc>
<status status="PASS" start="2025-09-25T23:09:25.199331" elapsed="0.001123"/>
</kw>
<kw name="Log To Console" owner="BuiltIn">
<arg>Name: ${name}</arg>
<doc>Logs the given message to the console.</doc>
<status status="PASS" start="2025-09-25T23:09:25.200804" elapsed="0.000617"/>
</kw>
<kw name="Set Variable" owner="BuiltIn">
<msg time="2025-09-25T23:09:25.202507" level="INFO">${last_seen_locator} = (//table//tbody//tr)[1]/td[3]</msg>
<var>${last_seen_locator}</var>
<arg>${current_row_locator}/td[3]</arg>
<doc>Returns the given values which can then be assigned to a variables.</doc>
<status status="PASS" start="2025-09-25T23:09:25.201876" elapsed="0.000958"/>
</kw>
<kw name="Get Text" owner="SeleniumLibrary">
<msg time="2025-09-25T23:09:25.245627" level="INFO">${last_seen} = 9/25/2025</msg>
<var>${last_seen}</var>
<arg>${last_seen_locator}</arg>
<doc>Returns the text value of the element identified by ``locator``.</doc>
<status status="PASS" start="2025-09-25T23:09:25.203260" elapsed="0.042564"/>
</kw>
<kw name="Log To Console" owner="BuiltIn">
<arg>Last seen: ${last_seen}</arg>
<doc>Logs the given message to the console.</doc>
<status status="PASS" start="2025-09-25T23:09:25.246043" elapsed="0.000527"/>
</kw>
<kw name="Set Variable" owner="BuiltIn">
<msg time="2025-09-25T23:09:25.247678" level="INFO">${orders_locator} = (//table//tbody//tr)[1]/td[4]</msg>
<var>${orders_locator}</var>
<arg>${current_row_locator}/td[4]</arg>
<doc>Returns the given values which can then be assigned to a variables.</doc>
<status status="PASS" start="2025-09-25T23:09:25.247058" elapsed="0.000868"/>
</kw>
<kw name="Get Text" owner="SeleniumLibrary">
<msg time="2025-09-25T23:09:25.287521" level="INFO">${orders} = 0</msg>
<var>${orders}</var>
<arg>${orders_locator}</arg>
<doc>Returns the text value of the element identified by ``locator``.</doc>
<status status="PASS" start="2025-09-25T23:09:25.248288" elapsed="0.039415"/>
</kw>
<kw name="Log To Console" owner="BuiltIn">
<arg>Orders: ${orders}</arg>
<doc>Logs the given message to the console.</doc>
<status status="PASS" start="2025-09-25T23:09:25.287910" elapsed="0.000442"/>
</kw>
<kw name="Set Variable" owner="BuiltIn">
<msg time="2025-09-25T23:09:25.291044" level="INFO">${total_spent_locator} = (//table//tbody//tr)[1]/td[5]</msg>
<var>${total_spent_locator}</var>
<arg>${current_row_locator}/td[5]</arg>
<doc>Returns the given values which can then be assigned to a variables.</doc>
<status status="PASS" start="2025-09-25T23:09:25.289904" elapsed="0.001363"/>
</kw>
<kw name="Get Text" owner="SeleniumLibrary">
<msg time="2025-09-25T23:09:25.325038" level="INFO">${total_spent} = $0.00</msg>
<var>${total_spent}</var>
<arg>${total_spent_locator}</arg>
<doc>Returns the text value of the element identified by ``locator``.</doc>
<status status="PASS" start="2025-09-25T23:09:25.291786" elapsed="0.033462"/>
</kw>
<kw name="Log To Console" owner="BuiltIn">
<arg>Total spent: ${total_spent}</arg>
<doc>Logs the given message to the console.</doc>
<status status="PASS" start="2025-09-25T23:09:25.325485" elapsed="0.000554"/>
</kw>
<kw name="Set Variable" owner="BuiltIn">
<msg time="2025-09-25T23:09:25.327022" level="INFO">${latest_purchase_locator} = (//table//tbody//tr)[1]/td[6]</msg>
<var>${latest_purchase_locator}</var>
<arg>${current_row_locator}/td[6]</arg>
<doc>Returns the given values which can then be assigned to a variables.</doc>
<status status="PASS" start="2025-09-25T23:09:25.326402" elapsed="0.000873"/>
</kw>
<kw name="Get Text" owner="SeleniumLibrary">
<msg time="2025-09-25T23:09:25.414683" level="INFO">${latest_purchase} = </msg>
<var>${latest_purchase}</var>
<arg>${latest_purchase_locator}</arg>
<doc>Returns the text value of the element identified by ``locator``.</doc>
<status status="PASS" start="2025-09-25T23:09:25.327649" elapsed="0.087320"/>
</kw>
<kw name="Log To Console" owner="BuiltIn">
<arg>Latest purchase: ${latest_purchase}</arg>
<doc>Logs the given message to the console.</doc>
<status status="PASS" start="2025-09-25T23:09:25.415309" elapsed="0.001967"/>
</kw>
<kw name="Set Variable" owner="BuiltIn">
<msg time="2025-09-25T23:09:25.418540" level="INFO">${newsletter_locator} = (//table//tbody//tr)[1]/td[7]//*[@data-testid]</msg>
<var>${newsletter_locator}</var>
<arg>${current_row_locator}/td[7]//*[@data-testid]</arg>
<doc>Returns the given values which can then be assigned to a variables.</doc>
<status status="PASS" start="2025-09-25T23:09:25.417813" elapsed="0.001069"/>
</kw>
<kw name="Get Element Attribute" owner="SeleniumLibrary">
<msg time="2025-09-25T23:09:25.467785" level="INFO">${has_newsletter} = Yes</msg>
<var>${has_newsletter}</var>
<arg>${newsletter_locator}</arg>
<arg>aria-label</arg>
<doc>Returns the value of ``attribute`` from the element ``locator``.</doc>
<status status="PASS" start="2025-09-25T23:09:25.419317" elapsed="0.048805"/>
</kw>
<kw name="Log To Console" owner="BuiltIn">
<arg>Has newsletter: ${has_newsletter}</arg>
<doc>Logs the given message to the console.</doc>
<status status="PASS" start="2025-09-25T23:09:25.468493" elapsed="0.001675"/>
</kw>
<kw name="Set Variable" owner="BuiltIn">
<msg time="2025-09-25T23:09:25.472975" level="INFO">${segment_locator} = (//table//tbody//tr)[1]/td[8]//span</msg>
<var>${segment_locator}</var>
<arg>${current_row_locator}/td[8]//span</arg>
<doc>Returns the given values which can then be assigned to a variables.</doc>
<status status="PASS" start="2025-09-25T23:09:25.470675" elapsed="0.002962"/>
</kw>
<kw name="Get WebElements" owner="SeleniumLibrary">
<msg time="2025-09-25T23:09:25.501951" level="INFO">${segment_spans} = []</msg>
<var>${segment_spans}</var>
<arg>${segment_locator}</arg>
<doc>Returns a list of WebElement objects matching the ``locator``.</doc>
<status status="PASS" start="2025-09-25T23:09:25.474425" elapsed="0.027737"/>
</kw>
<kw name="Create List" owner="BuiltIn">
<msg time="2025-09-25T23:09:25.502682" level="INFO">${segments} = []</msg>
<var>${segments}</var>
<doc>Returns a list containing given items.</doc>
<status status="PASS" start="2025-09-25T23:09:25.502421" elapsed="0.000385"/>
</kw>
<for flavor="IN">
<iter>
<kw name="Get Text" owner="SeleniumLibrary">
<var>${seg_text}</var>
<arg>${seg}</arg>
<doc>Returns the text value of the element identified by ``locator``.</doc>
<status status="NOT RUN" start="2025-09-25T23:09:25.503328" elapsed="0.000089"/>
</kw>
<kw name="Append To List" owner="Collections">
<arg>${segments}</arg>
<arg>${seg_text}</arg>
<doc>Adds ``values`` to the end of ``list``.</doc>
<status status="NOT RUN" start="2025-09-25T23:09:25.503614" elapsed="0.000095"/>
</kw>
<var name="${seg}"/>
<status status="NOT RUN" start="2025-09-25T23:09:25.503154" elapsed="0.000636"/>
</iter>
<var>${seg}</var>
<value>@{segment_spans}</value>
<status status="NOT RUN" start="2025-09-25T23:09:25.502924" elapsed="0.000998"/>
</for>
<kw name="Log To Console" owner="BuiltIn">
<arg>Segments: ${segments}</arg>
<doc>Logs the given message to the console.</doc>
<status status="PASS" start="2025-09-25T23:09:25.504090" elapsed="0.000523"/>
</kw>
<var name="${i}">1</var>
<status status="PASS" start="2025-09-25T23:09:25.125965" elapsed="0.378908"/>
</iter>
<iter>
<kw name="Log To Console" owner="BuiltIn">
<arg>\n====== User ${i} ======</arg>
<doc>Logs the given message to the console.</doc>
<status status="PASS" start="2025-09-25T23:09:25.506323" elapsed="0.000681"/>
</kw>
<kw name="Set Variable" owner="BuiltIn">
<msg time="2025-09-25T23:09:25.507981" level="INFO">${current_row_locator} = (//table//tbody//tr)[2]</msg>
<var>${current_row_locator}</var>
<arg>(${table_row})[${i}]</arg>
<doc>Returns the given values which can then be assigned to a variables.</doc>
<status status="PASS" start="2025-09-25T23:09:25.507420" elapsed="0.000810"/>
</kw>
<kw name="Set Variable" owner="BuiltIn">
<msg time="2025-09-25T23:09:25.508761" level="INFO">${name_locator} = (//table//tbody//tr)[2]/td[2]//a/div</msg>
<var>${name_locator}</var>
<arg>${current_row_locator}/td[2]//a/div</arg>
<doc>Returns the given values which can then be assigned to a variables.</doc>
<status status="PASS" start="2025-09-25T23:09:25.508463" elapsed="0.000413"/>
</kw>
<kw name="Get Text" owner="SeleniumLibrary">
<msg time="2025-09-25T23:09:25.555292" level="INFO">${raw_name} = Kavon Roberts</msg>
<var>${raw_name}</var>
<arg>${name_locator}</arg>
<doc>Returns the text value of the element identified by ``locator``.</doc>
<status status="PASS" start="2025-09-25T23:09:25.509067" elapsed="0.046671"/>
</kw>
<kw name="Evaluate" owner="BuiltIn">
<msg time="2025-09-25T23:09:25.556540" level="INFO">${name} = Roberts</msg>
<var>${name}</var>
<arg>" ".join("""${raw_name}""".split()[1:])</arg>
<doc>Evaluates the given expression in Python and returns the result.</doc>
<status status="PASS" start="2025-09-25T23:09:25.556014" elapsed="0.000777"/>
</kw>
<kw name="Log To Console" owner="BuiltIn">
<arg>Name: ${name}</arg>
<doc>Logs the given message to the console.</doc>
<status status="PASS" start="2025-09-25T23:09:25.557135" elapsed="0.001197"/>
</kw>
<kw name="Set Variable" owner="BuiltIn">
<msg time="2025-09-25T23:09:25.561770" level="INFO">${last_seen_locator} = (//table//tbody//tr)[2]/td[3]</msg>
<var>${last_seen_locator}</var>
<arg>${current_row_locator}/td[3]</arg>
<doc>Returns the given values which can then be assigned to a variables.</doc>
<status status="PASS" start="2025-09-25T23:09:25.558858" elapsed="0.003748"/>
</kw>
<kw name="Get Text" owner="SeleniumLibrary">
<msg time="2025-09-25T23:09:25.619032" level="INFO">${last_seen} = 9/25/2025</msg>
<var>${last_seen}</var>
<arg>${last_seen_locator}</arg>
<doc>Returns the text value of the element identified by ``locator``.</doc>
<status status="PASS" start="2025-09-25T23:09:25.563322" elapsed="0.055903"/>
</kw>
<kw name="Log To Console" owner="BuiltIn">
<arg>Last seen: ${last_seen}</arg>
<doc>Logs the given message to the console.</doc>
<status status="PASS" start="2025-09-25T23:09:25.619445" elapsed="0.001959"/>
</kw>
<kw name="Set Variable" owner="BuiltIn">
<msg time="2025-09-25T23:09:25.624790" level="INFO">${orders_locator} = (//table//tbody//tr)[2]/td[4]</msg>
<var>${orders_locator}</var>
<arg>${current_row_locator}/td[4]</arg>
<doc>Returns the given values which can then be assigned to a variables.</doc>
<status status="PASS" start="2025-09-25T23:09:25.623730" elapsed="0.001470"/>
</kw>
<kw name="Get Text" owner="SeleniumLibrary">
<msg time="2025-09-25T23:09:25.669154" level="INFO">${orders} = 2</msg>
<var>${orders}</var>
<arg>${orders_locator}</arg>
<doc>Returns the text value of the element identified by ``locator``.</doc>
<status status="PASS" start="2025-09-25T23:09:25.625833" elapsed="0.043610"/>
</kw>
<kw name="Log To Console" owner="BuiltIn">
<arg>Orders: ${orders}</arg>
<doc>Logs the given message to the console.</doc>
<status status="PASS" start="2025-09-25T23:09:25.669751" elapsed="0.001214"/>
</kw>
<kw name="Set Variable" owner="BuiltIn">
<msg time="2025-09-25T23:09:25.672482" level="INFO">${total_spent_locator} = (//table//tbody//tr)[2]/td[5]</msg>
<var>${total_spent_locator}</var>
<arg>${current_row_locator}/td[5]</arg>
<doc>Returns the given values which can then be assigned to a variables.</doc>
<status status="PASS" start="2025-09-25T23:09:25.671516" elapsed="0.001262"/>
</kw>
<kw name="Get Text" owner="SeleniumLibrary">
<msg time="2025-09-25T23:09:25.734764" level="INFO">${total_spent} = $1,549.51</msg>
<var>${total_spent}</var>
<arg>${total_spent_locator}</arg>
<doc>Returns the text value of the element identified by ``locator``.</doc>
<status status="PASS" start="2025-09-25T23:09:25.673292" elapsed="0.061809"/>
</kw>
<kw name="Log To Console" owner="BuiltIn">
<arg>Total spent: ${total_spent}</arg>
<doc>Logs the given message to the console.</doc>
<status status="PASS" start="2025-09-25T23:09:25.735469" elapsed="0.002459"/>
</kw>
<kw name="Set Variable" owner="BuiltIn">
<msg time="2025-09-25T23:09:25.739453" level="INFO">${latest_purchase_locator} = (//table//tbody//tr)[2]/td[6]</msg>
<var>${latest_purchase_locator}</var>
<arg>${current_row_locator}/td[6]</arg>
<doc>Returns the given values which can then be assigned to a variables.</doc>
<status status="PASS" start="2025-09-25T23:09:25.738521" elapsed="0.001221"/>
</kw>
<kw name="Get Text" owner="SeleniumLibrary">
<msg time="2025-09-25T23:09:25.826427" level="INFO">${latest_purchase} = 9/25/2025, 9:21:10 PM</msg>
<var>${latest_purchase}</var>
<arg>${latest_purchase_locator}</arg>
<doc>Returns the text value of the element identified by ``locator``.</doc>
<status status="PASS" start="2025-09-25T23:09:25.742272" elapsed="0.084438"/>
</kw>
<kw name="Log To Console" owner="BuiltIn">
<arg>Latest purchase: ${latest_purchase}</arg>
<doc>Logs the given message to the console.</doc>
<status status="PASS" start="2025-09-25T23:09:25.827038" elapsed="0.007117"/>
</kw>
<kw name="Set Variable" owner="BuiltIn">
<msg time="2025-09-25T23:09:25.835344" level="INFO">${newsletter_locator} = (//table//tbody//tr)[2]/td[7]//*[@data-testid]</msg>
<var>${newsletter_locator}</var>
<arg>${current_row_locator}/td[7]//*[@data-testid]</arg>
<doc>Returns the given values which can then be assigned to a variables.</doc>
<status status="PASS" start="2025-09-25T23:09:25.834735" elapsed="0.000877"/>
</kw>
<kw name="Get Element Attribute" owner="SeleniumLibrary">
<msg time="2025-09-25T23:09:25.889855" level="INFO">${has_newsletter} = No</msg>
<var>${has_newsletter}</var>
<arg>${newsletter_locator}</arg>
<arg>aria-label</arg>
<doc>Returns the value of ``attribute`` from the element ``locator``.</doc>
<status status="PASS" start="2025-09-25T23:09:25.835998" elapsed="0.054067"/>
</kw>
<kw name="Log To Console" owner="BuiltIn">
<arg>Has newsletter: ${has_newsletter}</arg>
<doc>Logs the given message to the console.</doc>
<status status="PASS" start="2025-09-25T23:09:25.890286" elapsed="0.002098"/>
</kw>
<kw name="Set Variable" owner="BuiltIn">
<msg time="2025-09-25T23:09:25.895052" level="INFO">${segment_locator} = (//table//tbody//tr)[2]/td[8]//span</msg>
<var>${segment_locator}</var>
<arg>${current_row_locator}/td[8]//span</arg>
<doc>Returns the given values which can then be assigned to a variables.</doc>
<status status="PASS" start="2025-09-25T23:09:25.892973" elapsed="0.002505"/>
</kw>
<kw name="Get WebElements" owner="SeleniumLibrary">
<msg time="2025-09-25T23:09:25.981735" level="INFO">${segment_spans} = [&lt;selenium.webdriver.remote.webelement.WebElement (session="c672f8c5f0d08621b167370554c60371", element="f.BE48ED9EF101BD6AB173C8F2657E4D50.d.2138F00A36A36E8109D204D524D9F0EC.e.124")&gt;, &lt;selenium.webdri...</msg>
<var>${segment_spans}</var>
<arg>${segment_locator}</arg>
<doc>Returns a list of WebElement objects matching the ``locator``.</doc>
<status status="PASS" start="2025-09-25T23:09:25.896407" elapsed="0.085901"/>
</kw>
<kw name="Create List" owner="BuiltIn">
<msg time="2025-09-25T23:09:25.983432" level="INFO">${segments} = []</msg>
<var>${segments}</var>
<doc>Returns a list containing given items.</doc>
<status status="PASS" start="2025-09-25T23:09:25.982903" elapsed="0.000719"/>
</kw>
<for flavor="IN">
<iter>
<kw name="Get Text" owner="SeleniumLibrary">
<msg time="2025-09-25T23:09:25.998141" level="INFO">${seg_text} = Compulsive</msg>
<var>${seg_text}</var>
<arg>${seg}</arg>
<doc>Returns the text value of the element identified by ``locator``.</doc>
<status status="PASS" start="2025-09-25T23:09:25.984782" elapsed="0.013715"/>
</kw>
<kw name="Append To List" owner="Collections">
<arg>${segments}</arg>
<arg>${seg_text}</arg>
<doc>Adds ``values`` to the end of ``list``.</doc>
<status status="PASS" start="2025-09-25T23:09:25.998942" elapsed="0.000719"/>
</kw>
<var name="${seg}">&lt;selenium.webdriver.remote.webelement.WebElement (session="c672f8c5f0d08621b167370554c60371", element="f.BE48ED9EF101BD6AB173C8F2657E4D50.d.2138F00A36A36E8109D204D524D9F0EC.e.124")&gt;</var>
<status status="PASS" start="2025-09-25T23:09:25.984458" elapsed="0.015381"/>
</iter>
<iter>
<kw name="Get Text" owner="SeleniumLibrary">
<msg time="2025-09-25T23:09:26.024071" level="INFO">${seg_text} = Reviewer</msg>
<var>${seg_text}</var>
<arg>${seg}</arg>
<doc>Returns the text value of the element identified by ``locator``.</doc>
<status status="PASS" start="2025-09-25T23:09:26.000501" elapsed="0.023757"/>
</kw>
<kw name="Append To List" owner="Collections">
<arg>${segments}</arg>
<arg>${seg_text}</arg>
<doc>Adds ``values`` to the end of ``list``.</doc>
<status status="PASS" start="2025-09-25T23:09:26.024466" elapsed="0.000269"/>
</kw>
<var name="${seg}">&lt;selenium.webdriver.remote.webelement.WebElement (session="c672f8c5f0d08621b167370554c60371", element="f.BE48ED9EF101BD6AB173C8F2657E4D50.d.2138F00A36A36E8109D204D524D9F0EC.e.125")&gt;</var>
<status status="PASS" start="2025-09-25T23:09:26.000133" elapsed="0.024702"/>
</iter>
<var>${seg}</var>
<value>@{segment_spans}</value>
<status status="PASS" start="2025-09-25T23:09:25.983846" elapsed="0.041090"/>
</for>
<kw name="Log To Console" owner="BuiltIn">
<arg>Segments: ${segments}</arg>
<doc>Logs the given message to the console.</doc>
<status status="PASS" start="2025-09-25T23:09:26.025114" elapsed="0.000455"/>
</kw>
<var name="${i}">2</var>
<status status="PASS" start="2025-09-25T23:09:25.505920" elapsed="0.519868"/>
</iter>
<iter>
<kw name="Log To Console" owner="BuiltIn">
<arg>\n====== User ${i} ======</arg>
<doc>Logs the given message to the console.</doc>
<status status="PASS" start="2025-09-25T23:09:26.026568" elapsed="0.000712"/>
</kw>
<kw name="Set Variable" owner="BuiltIn">
<msg time="2025-09-25T23:09:26.028569" level="INFO">${current_row_locator} = (//table//tbody//tr)[3]</msg>
<var>${current_row_locator}</var>
<arg>(${table_row})[${i}]</arg>
<doc>Returns the given values which can then be assigned to a variables.</doc>
<status status="PASS" start="2025-09-25T23:09:26.027906" elapsed="0.000909"/>
</kw>
<kw name="Set Variable" owner="BuiltIn">
<msg time="2025-09-25T23:09:26.029466" level="INFO">${name_locator} = (//table//tbody//tr)[3]/td[2]//a/div</msg>
<var>${name_locator}</var>
<arg>${current_row_locator}/td[2]//a/div</arg>
<doc>Returns the given values which can then be assigned to a variables.</doc>
<status status="PASS" start="2025-09-25T23:09:26.029094" elapsed="0.000532"/>
</kw>
<kw name="Get Text" owner="SeleniumLibrary">
<msg time="2025-09-25T23:09:26.075229" level="INFO">${raw_name} = T
Trinity Collier</msg>
<var>${raw_name}</var>
<arg>${name_locator}</arg>
<doc>Returns the text value of the element identified by ``locator``.</doc>
<status status="PASS" start="2025-09-25T23:09:26.029901" elapsed="0.045545"/>
</kw>
<kw name="Evaluate" owner="BuiltIn">
<msg time="2025-09-25T23:09:26.076495" level="INFO">${name} = Trinity Collier</msg>
<var>${name}</var>
<arg>" ".join("""${raw_name}""".split()[1:])</arg>
<doc>Evaluates the given expression in Python and returns the result.</doc>
<status status="PASS" start="2025-09-25T23:09:26.075919" elapsed="0.000790"/>
</kw>
<kw name="Log To Console" owner="BuiltIn">
<arg>Name: ${name}</arg>
<doc>Logs the given message to the console.</doc>
<status status="PASS" start="2025-09-25T23:09:26.077068" elapsed="0.000561"/>
</kw>
<kw name="Set Variable" owner="BuiltIn">
<msg time="2025-09-25T23:09:26.078489" level="INFO">${last_seen_locator} = (//table//tbody//tr)[3]/td[3]</msg>
<var>${last_seen_locator}</var>
<arg>${current_row_locator}/td[3]</arg>
<doc>Returns the given values which can then be assigned to a variables.</doc>
<status status="PASS" start="2025-09-25T23:09:26.078016" elapsed="0.000722"/>
</kw>
<kw name="Get Text" owner="SeleniumLibrary">
<msg time="2025-09-25T23:09:26.102274" level="INFO">${last_seen} = 9/25/2025</msg>
<var>${last_seen}</var>
<arg>${last_seen_locator}</arg>
<doc>Returns the text value of the element identified by ``locator``.</doc>
<status status="PASS" start="2025-09-25T23:09:26.079123" elapsed="0.023327"/>
</kw>
<kw name="Log To Console" owner="BuiltIn">
<arg>Last seen: ${last_seen}</arg>
<doc>Logs the given message to the console.</doc>
<status status="PASS" start="2025-09-25T23:09:26.102663" elapsed="0.000446"/>
</kw>
<kw name="Set Variable" owner="BuiltIn">
<msg time="2025-09-25T23:09:26.103926" level="INFO">${orders_locator} = (//table//tbody//tr)[3]/td[4]</msg>
<var>${orders_locator}</var>
<arg>${current_row_locator}/td[4]</arg>
<doc>Returns the given values which can then be assigned to a variables.</doc>
<status status="PASS" start="2025-09-25T23:09:26.103495" elapsed="0.000656"/>
</kw>
<kw name="Get Text" owner="SeleniumLibrary">
<msg time="2025-09-25T23:09:26.137309" level="INFO">${orders} = 0</msg>
<var>${orders}</var>
<arg>${orders_locator}</arg>
<doc>Returns the text value of the element identified by ``locator``.</doc>
<status status="PASS" start="2025-09-25T23:09:26.104503" elapsed="0.032989"/>
</kw>
<kw name="Log To Console" owner="BuiltIn">
<arg>Orders: ${orders}</arg>
<doc>Logs the given message to the console.</doc>
<status status="PASS" start="2025-09-25T23:09:26.137699" elapsed="0.000483"/>
</kw>
<kw name="Set Variable" owner="BuiltIn">
<msg time="2025-09-25T23:09:26.139392" level="INFO">${total_spent_locator} = (//table//tbody//tr)[3]/td[5]</msg>
<var>${total_spent_locator}</var>
<arg>${current_row_locator}/td[5]</arg>
<doc>Returns the given values which can then be assigned to a variables.</doc>
<status status="PASS" start="2025-09-25T23:09:26.138624" elapsed="0.001043"/>
</kw>
<kw name="Get Text" owner="SeleniumLibrary">
<msg time="2025-09-25T23:09:26.218635" level="INFO">${total_spent} = $0.00</msg>
<var>${total_spent}</var>
<arg>${total_spent_locator}</arg>
<doc>Returns the text value of the element identified by ``locator``.</doc>
<status status="PASS" start="2025-09-25T23:09:26.140270" elapsed="0.078673"/>
</kw>
<kw name="Log To Console" owner="BuiltIn">
<arg>Total spent: ${total_spent}</arg>
<doc>Logs the given message to the console.</doc>
<status status="PASS" start="2025-09-25T23:09:26.219323" elapsed="0.002177"/>
</kw>
<kw name="Set Variable" owner="BuiltIn">
<msg time="2025-09-25T23:09:26.222744" level="INFO">${latest_purchase_locator} = (//table//tbody//tr)[3]/td[6]</msg>
<var>${latest_purchase_locator}</var>
<arg>${current_row_locator}/td[6]</arg>
<doc>Returns the given values which can then be assigned to a variables.</doc>
<status status="PASS" start="2025-09-25T23:09:26.222126" elapsed="0.000875"/>
</kw>
<kw name="Get Text" owner="SeleniumLibrary">
<msg time="2025-09-25T23:09:26.289990" level="INFO">${latest_purchase} = </msg>
<var>${latest_purchase}</var>
<arg>${latest_purchase_locator}</arg>
<doc>Returns the text value of the element identified by ``locator``.</doc>
<status status="PASS" start="2025-09-25T23:09:26.225503" elapsed="0.064690"/>
</kw>
<kw name="Log To Console" owner="BuiltIn">
<arg>Latest purchase: ${latest_purchase}</arg>
<doc>Logs the given message to the console.</doc>
<status status="PASS" start="2025-09-25T23:09:26.290415" elapsed="0.000506"/>
</kw>
<kw name="Set Variable" owner="BuiltIn">
<msg time="2025-09-25T23:09:26.291817" level="INFO">${newsletter_locator} = (//table//tbody//tr)[3]/td[7]//*[@data-testid]</msg>
<var>${newsletter_locator}</var>
<arg>${current_row_locator}/td[7]//*[@data-testid]</arg>
<doc>Returns the given values which can then be assigned to a variables.</doc>
<status status="PASS" start="2025-09-25T23:09:26.291343" elapsed="0.000698"/>
</kw>
<kw name="Get Element Attribute" owner="SeleniumLibrary">
<msg time="2025-09-25T23:09:26.333564" level="INFO">${has_newsletter} = Yes</msg>
<var>${has_newsletter}</var>
<arg>${newsletter_locator}</arg>
<arg>aria-label</arg>
<doc>Returns the value of ``attribute`` from the element ``locator``.</doc>
<status status="PASS" start="2025-09-25T23:09:26.292429" elapsed="0.041342"/>
</kw>
<kw name="Log To Console" owner="BuiltIn">
<arg>Has newsletter: ${has_newsletter}</arg>
<doc>Logs the given message to the console.</doc>
<status status="PASS" start="2025-09-25T23:09:26.334013" elapsed="0.000501"/>
</kw>
<kw name="Set Variable" owner="BuiltIn">
<msg time="2025-09-25T23:09:26.335405" level="INFO">${segment_locator} = (//table//tbody//tr)[3]/td[8]//span</msg>
<var>${segment_locator}</var>
<arg>${current_row_locator}/td[8]//span</arg>
<doc>Returns the given values which can then be assigned to a variables.</doc>
<status status="PASS" start="2025-09-25T23:09:26.334956" elapsed="0.000719"/>
</kw>
<kw name="Get WebElements" owner="SeleniumLibrary">
<msg time="2025-09-25T23:09:26.363638" level="INFO">${segment_spans} = []</msg>
<var>${segment_spans}</var>
<arg>${segment_locator}</arg>
<doc>Returns a list of WebElement objects matching the ``locator``.</doc>
<status status="PASS" start="2025-09-25T23:09:26.336015" elapsed="0.027830"/>
</kw>
<kw name="Create List" owner="BuiltIn">
<msg time="2025-09-25T23:09:26.364446" level="INFO">${segments} = []</msg>
<var>${segments}</var>
<doc>Returns a list containing given items.</doc>
<status status="PASS" start="2025-09-25T23:09:26.364100" elapsed="0.000577"/>
</kw>
<for flavor="IN">
<iter>
<kw name="Get Text" owner="SeleniumLibrary">
<var>${seg_text}</var>
<arg>${seg}</arg>
<doc>Returns the text value of the element identified by ``locator``.</doc>
<status status="NOT RUN" start="2025-09-25T23:09:26.365492" elapsed="0.000115"/>
</kw>
<kw name="Append To List" owner="Collections">
<arg>${segments}</arg>
<arg>${seg_text}</arg>
<doc>Adds ``values`` to the end of ``list``.</doc>
<status status="NOT RUN" start="2025-09-25T23:09:26.365804" elapsed="0.000094"/>
</kw>
<var name="${seg}"/>
<status status="NOT RUN" start="2025-09-25T23:09:26.365209" elapsed="0.000803"/>
</iter>
<var>${seg}</var>
<value>@{segment_spans}</value>
<status status="NOT RUN" start="2025-09-25T23:09:26.364907" elapsed="0.001201"/>
</for>
<kw name="Log To Console" owner="BuiltIn">
<arg>Segments: ${segments}</arg>
<doc>Logs the given message to the console.</doc>
<status status="PASS" start="2025-09-25T23:09:26.366272" elapsed="0.000578"/>
</kw>
<var name="${i}">3</var>
<status status="PASS" start="2025-09-25T23:09:26.026192" elapsed="0.340939"/>
</iter>
<iter>
<kw name="Log To Console" owner="BuiltIn">
<arg>\n====== User ${i} ======</arg>
<doc>Logs the given message to the console.</doc>
<status status="PASS" start="2025-09-25T23:09:26.368137" elapsed="0.001337"/>
</kw>
<kw name="Set Variable" owner="BuiltIn">
<msg time="2025-09-25T23:09:26.371197" level="INFO">${current_row_locator} = (//table//tbody//tr)[4]</msg>
<var>${current_row_locator}</var>
<arg>(${table_row})[${i}]</arg>
<doc>Returns the given values which can then be assigned to a variables.</doc>
<status status="PASS" start="2025-09-25T23:09:26.370223" elapsed="0.001161"/>
</kw>
<kw name="Set Variable" owner="BuiltIn">
<msg time="2025-09-25T23:09:26.373246" level="INFO">${name_locator} = (//table//tbody//tr)[4]/td[2]//a/div</msg>
<var>${name_locator}</var>
<arg>${current_row_locator}/td[2]//a/div</arg>
<doc>Returns the given values which can then be assigned to a variables.</doc>
<status status="PASS" start="2025-09-25T23:09:26.371754" elapsed="0.001997"/>
</kw>
<kw name="Get Text" owner="SeleniumLibrary">
<msg time="2025-09-25T23:09:26.410619" level="INFO">${raw_name} = A
Alison Marvin</msg>
<var>${raw_name}</var>
<arg>${name_locator}</arg>
<doc>Returns the text value of the element identified by ``locator``.</doc>
<status status="PASS" start="2025-09-25T23:09:26.374853" elapsed="0.035968"/>
</kw>
<kw name="Evaluate" owner="BuiltIn">
<msg time="2025-09-25T23:09:26.411403" level="INFO">${name} = Alison Marvin</msg>
<var>${name}</var>
<arg>" ".join("""${raw_name}""".split()[1:])</arg>
<doc>Evaluates the given expression in Python and returns the result.</doc>
<status status="PASS" start="2025-09-25T23:09:26.411045" elapsed="0.000468"/>
</kw>
<kw name="Log To Console" owner="BuiltIn">
<arg>Name: ${name}</arg>
<doc>Logs the given message to the console.</doc>
<status status="PASS" start="2025-09-25T23:09:26.411675" elapsed="0.000508"/>
</kw>
<kw name="Set Variable" owner="BuiltIn">
<msg time="2025-09-25T23:09:26.413069" level="INFO">${last_seen_locator} = (//table//tbody//tr)[4]/td[3]</msg>
<var>${last_seen_locator}</var>
<arg>${current_row_locator}/td[3]</arg>
<doc>Returns the given values which can then be assigned to a variables.</doc>
<status status="PASS" start="2025-09-25T23:09:26.412594" elapsed="0.000749"/>
</kw>
<kw name="Get Text" owner="SeleniumLibrary">
<msg time="2025-09-25T23:09:26.455874" level="INFO">${last_seen} = 9/25/2025</msg>
<var>${last_seen}</var>
<arg>${last_seen_locator}</arg>
<doc>Returns the text value of the element identified by ``locator``.</doc>
<status status="PASS" start="2025-09-25T23:09:26.413730" elapsed="0.042402"/>
</kw>
<kw name="Log To Console" owner="BuiltIn">
<arg>Last seen: ${last_seen}</arg>
<doc>Logs the given message to the console.</doc>
<status status="PASS" start="2025-09-25T23:09:26.456898" elapsed="0.001304"/>
</kw>
<kw name="Set Variable" owner="BuiltIn">
<msg time="2025-09-25T23:09:26.459581" level="INFO">${orders_locator} = (//table//tbody//tr)[4]/td[4]</msg>
<var>${orders_locator}</var>
<arg>${current_row_locator}/td[4]</arg>
<doc>Returns the given values which can then be assigned to a variables.</doc>
<status status="PASS" start="2025-09-25T23:09:26.458944" elapsed="0.000924"/>
</kw>
<kw name="Get Text" owner="SeleniumLibrary">
<msg time="2025-09-25T23:09:26.485396" level="INFO">${orders} = 0</msg>
<var>${orders}</var>
<arg>${orders_locator}</arg>
<doc>Returns the text value of the element identified by ``locator``.</doc>
<status status="PASS" start="2025-09-25T23:09:26.460331" elapsed="0.025244"/>
</kw>
<kw name="Log To Console" owner="BuiltIn">
<arg>Orders: ${orders}</arg>
<doc>Logs the given message to the console.</doc>
<status status="PASS" start="2025-09-25T23:09:26.485789" elapsed="0.000475"/>
</kw>
<kw name="Set Variable" owner="BuiltIn">
<msg time="2025-09-25T23:09:26.486959" level="INFO">${total_spent_locator} = (//table//tbody//tr)[4]/td[5]</msg>
<var>${total_spent_locator}</var>
<arg>${current_row_locator}/td[5]</arg>
<doc>Returns the given values which can then be assigned to a variables.</doc>
<status status="PASS" start="2025-09-25T23:09:26.486611" elapsed="0.000494"/>
</kw>
<kw name="Get Text" owner="SeleniumLibrary">
<msg time="2025-09-25T23:09:26.521471" level="INFO">${total_spent} = $0.00</msg>
<var>${total_spent}</var>
<arg>${total_spent_locator}</arg>
<doc>Returns the text value of the element identified by ``locator``.</doc>
<status status="PASS" start="2025-09-25T23:09:26.487364" elapsed="0.034280"/>
</kw>
<kw name="Log To Console" owner="BuiltIn">
<arg>Total spent: ${total_spent}</arg>
<doc>Logs the given message to the console.</doc>
<status status="PASS" start="2025-09-25T23:09:26.521902" elapsed="0.000571"/>
</kw>
<kw name="Set Variable" owner="BuiltIn">
<msg time="2025-09-25T23:09:26.524069" level="INFO">${latest_purchase_locator} = (//table//tbody//tr)[4]/td[6]</msg>
<var>${latest_purchase_locator}</var>
<arg>${current_row_locator}/td[6]</arg>
<doc>Returns the given values which can then be assigned to a variables.</doc>
<status status="PASS" start="2025-09-25T23:09:26.522960" elapsed="0.001493"/>
</kw>
<kw name="Get Text" owner="SeleniumLibrary">
<msg time="2025-09-25T23:09:26.560755" level="INFO">${latest_purchase} = </msg>
<var>${latest_purchase}</var>
<arg>${latest_purchase_locator}</arg>
<doc>Returns the text value of the element identified by ``locator``.</doc>
<status status="PASS" start="2025-09-25T23:09:26.525037" elapsed="0.038090"/>
</kw>
<kw name="Log To Console" owner="BuiltIn">
<arg>Latest purchase: ${latest_purchase}</arg>
<doc>Logs the given message to the console.</doc>
<status status="PASS" start="2025-09-25T23:09:26.563613" elapsed="0.002860"/>
</kw>
<kw name="Set Variable" owner="BuiltIn">
<msg time="2025-09-25T23:09:26.569349" level="INFO">${newsletter_locator} = (//table//tbody//tr)[4]/td[7]//*[@data-testid]</msg>
<var>${newsletter_locator}</var>
<arg>${current_row_locator}/td[7]//*[@data-testid]</arg>
<doc>Returns the given values which can then be assigned to a variables.</doc>
<status status="PASS" start="2025-09-25T23:09:26.567016" elapsed="0.002667"/>
</kw>
<kw name="Get Element Attribute" owner="SeleniumLibrary">
<msg time="2025-09-25T23:09:26.636125" level="INFO">${has_newsletter} = Yes</msg>
<var>${has_newsletter}</var>
<arg>${newsletter_locator}</arg>
<arg>aria-label</arg>
<doc>Returns the value of ``attribute`` from the element ``locator``.</doc>
<status status="PASS" start="2025-09-25T23:09:26.570147" elapsed="0.066249"/>
</kw>
<kw name="Log To Console" owner="BuiltIn">
<arg>Has newsletter: ${has_newsletter}</arg>
<doc>Logs the given message to the console.</doc>
<status status="PASS" start="2025-09-25T23:09:26.636787" elapsed="0.002591"/>
</kw>
<kw name="Set Variable" owner="BuiltIn">
<msg time="2025-09-25T23:09:26.640486" level="INFO">${segment_locator} = (//table//tbody//tr)[4]/td[8]//span</msg>
<var>${segment_locator}</var>
<arg>${current_row_locator}/td[8]//span</arg>
<doc>Returns the given values which can then be assigned to a variables.</doc>
<status status="PASS" start="2025-09-25T23:09:26.639956" elapsed="0.000798"/>
</kw>
<kw name="Get WebElements" owner="SeleniumLibrary">
<msg time="2025-09-25T23:09:26.674296" level="INFO">${segment_spans} = []</msg>
<var>${segment_spans}</var>
<arg>${segment_locator}</arg>
<doc>Returns a list of WebElement objects matching the ``locator``.</doc>
<status status="PASS" start="2025-09-25T23:09:26.641288" elapsed="0.033560"/>
</kw>
<kw name="Create List" owner="BuiltIn">
<msg time="2025-09-25T23:09:26.676899" level="INFO">${segments} = []</msg>
<var>${segments}</var>
<doc>Returns a list containing given items.</doc>
<status status="PASS" start="2025-09-25T23:09:26.675775" elapsed="0.001439"/>
</kw>
<for flavor="IN">
<iter>
<kw name="Get Text" owner="SeleniumLibrary">
<var>${seg_text}</var>
<arg>${seg}</arg>
<doc>Returns the text value of the element identified by ``locator``.</doc>
<status status="NOT RUN" start="2025-09-25T23:09:26.678145" elapsed="0.000163"/>
</kw>
<kw name="Append To List" owner="Collections">
<arg>${segments}</arg>
<arg>${seg_text}</arg>
<doc>Adds ``values`` to the end of ``list``.</doc>
<status status="NOT RUN" start="2025-09-25T23:09:26.678627" elapsed="0.000154"/>
</kw>
<var name="${seg}"/>
<status status="NOT RUN" start="2025-09-25T23:09:26.677841" elapsed="0.001121"/>
</iter>
<var>${seg}</var>
<value>@{segment_spans}</value>
<status status="NOT RUN" start="2025-09-25T23:09:26.677436" elapsed="0.001707"/>
</for>
<kw name="Log To Console" owner="BuiltIn">
<arg>Segments: ${segments}</arg>
<doc>Logs the given message to the console.</doc>
<status status="PASS" start="2025-09-25T23:09:26.679524" elapsed="0.002071"/>
</kw>
<var name="${i}">4</var>
<status status="PASS" start="2025-09-25T23:09:26.367683" elapsed="0.314805"/>
</iter>
<iter>
<kw name="Log To Console" owner="BuiltIn">
<arg>\n====== User ${i} ======</arg>
<doc>Logs the given message to the console.</doc>
<status status="PASS" start="2025-09-25T23:09:26.683619" elapsed="0.001215"/>
</kw>
<kw name="Set Variable" owner="BuiltIn">
<msg time="2025-09-25T23:09:26.686511" level="INFO">${current_row_locator} = (//table//tbody//tr)[5]</msg>
<var>${current_row_locator}</var>
<arg>(${table_row})[${i}]</arg>
<doc>Returns the given values which can then be assigned to a variables.</doc>
<status status="PASS" start="2025-09-25T23:09:26.685811" elapsed="0.001022"/>
</kw>
<kw name="Set Variable" owner="BuiltIn">
<msg time="2025-09-25T23:09:26.687864" level="INFO">${name_locator} = (//table//tbody//tr)[5]/td[2]//a/div</msg>
<var>${name_locator}</var>
<arg>${current_row_locator}/td[2]//a/div</arg>
<doc>Returns the given values which can then be assigned to a variables.</doc>
<status status="PASS" start="2025-09-25T23:09:26.687285" elapsed="0.000926"/>
</kw>
<kw name="Get Text" owner="SeleniumLibrary">
<msg time="2025-09-25T23:09:26.739704" level="INFO">${raw_name} = L
Lukas Zieme</msg>
<var>${raw_name}</var>
<arg>${name_locator}</arg>
<doc>Returns the text value of the element identified by ``locator``.</doc>
<status status="PASS" start="2025-09-25T23:09:26.688774" elapsed="0.051322"/>
</kw>
<kw name="Evaluate" owner="BuiltIn">
<msg time="2025-09-25T23:09:26.742103" level="INFO">${name} = Lukas Zieme</msg>
<var>${name}</var>
<arg>" ".join("""${raw_name}""".split()[1:])</arg>
<doc>Evaluates the given expression in Python and returns the result.</doc>
<status status="PASS" start="2025-09-25T23:09:26.740737" elapsed="0.002022"/>
</kw>
<kw name="Log To Console" owner="BuiltIn">
<arg>Name: ${name}</arg>
<doc>Logs the given message to the console.</doc>
<status status="PASS" start="2025-09-25T23:09:26.743101" elapsed="0.000682"/>
</kw>
<kw name="Set Variable" owner="BuiltIn">
<msg time="2025-09-25T23:09:26.744920" level="INFO">${last_seen_locator} = (//table//tbody//tr)[5]/td[3]</msg>
<var>${last_seen_locator}</var>
<arg>${current_row_locator}/td[3]</arg>
<doc>Returns the given values which can then be assigned to a variables.</doc>
<status status="PASS" start="2025-09-25T23:09:26.744313" elapsed="0.000958"/>
</kw>
<kw name="Get Text" owner="SeleniumLibrary">
<msg time="2025-09-25T23:09:26.777762" level="INFO">${last_seen} = 9/25/2025</msg>
<var>${last_seen}</var>
<arg>${last_seen_locator}</arg>
<doc>Returns the text value of the element identified by ``locator``.</doc>
<status status="PASS" start="2025-09-25T23:09:26.745645" elapsed="0.032343"/>
</kw>
<kw name="Log To Console" owner="BuiltIn">
<arg>Last seen: ${last_seen}</arg>
<doc>Logs the given message to the console.</doc>
<status status="PASS" start="2025-09-25T23:09:26.778305" elapsed="0.000541"/>
</kw>
<kw name="Set Variable" owner="BuiltIn">
<msg time="2025-09-25T23:09:26.779842" level="INFO">${orders_locator} = (//table//tbody//tr)[5]/td[4]</msg>
<var>${orders_locator}</var>
<arg>${current_row_locator}/td[4]</arg>
<doc>Returns the given values which can then be assigned to a variables.</doc>
<status status="PASS" start="2025-09-25T23:09:26.779293" elapsed="0.000843"/>
</kw>
<kw name="Get Text" owner="SeleniumLibrary">
<msg time="2025-09-25T23:09:26.811046" level="INFO">${orders} = 0</msg>
<var>${orders}</var>
<arg>${orders_locator}</arg>
<doc>Returns the text value of the element identified by ``locator``.</doc>
<status status="PASS" start="2025-09-25T23:09:26.780442" elapsed="0.030794"/>
</kw>
<kw name="Log To Console" owner="BuiltIn">
<arg>Orders: ${orders}</arg>
<doc>Logs the given message to the console.</doc>
<status status="PASS" start="2025-09-25T23:09:26.811456" elapsed="0.000519"/>
</kw>
<kw name="Set Variable" owner="BuiltIn">
<msg time="2025-09-25T23:09:26.812928" level="INFO">${total_spent_locator} = (//table//tbody//tr)[5]/td[5]</msg>
<var>${total_spent_locator}</var>
<arg>${current_row_locator}/td[5]</arg>
<doc>Returns the given values which can then be assigned to a variables.</doc>
<status status="PASS" start="2025-09-25T23:09:26.812383" elapsed="0.000791"/>
</kw>
<kw name="Get Text" owner="SeleniumLibrary">
<msg time="2025-09-25T23:09:26.854725" level="INFO">${total_spent} = $0.00</msg>
<var>${total_spent}</var>
<arg>${total_spent_locator}</arg>
<doc>Returns the text value of the element identified by ``locator``.</doc>
<status status="PASS" start="2025-09-25T23:09:26.813568" elapsed="0.041330"/>
</kw>
<kw name="Log To Console" owner="BuiltIn">
<arg>Total spent: ${total_spent}</arg>
<doc>Logs the given message to the console.</doc>
<status status="PASS" start="2025-09-25T23:09:26.855101" elapsed="0.000987"/>
</kw>
<kw name="Set Variable" owner="BuiltIn">
<msg time="2025-09-25T23:09:26.856977" level="INFO">${latest_purchase_locator} = (//table//tbody//tr)[5]/td[6]</msg>
<var>${latest_purchase_locator}</var>
<arg>${current_row_locator}/td[6]</arg>
<doc>Returns the given values which can then be assigned to a variables.</doc>
<status status="PASS" start="2025-09-25T23:09:26.856483" elapsed="0.000729"/>
</kw>
<kw name="Get Text" owner="SeleniumLibrary">
<msg time="2025-09-25T23:09:26.889788" level="INFO">${latest_purchase} = </msg>
<var>${latest_purchase}</var>
<arg>${latest_purchase_locator}</arg>
<doc>Returns the text value of the element identified by ``locator``.</doc>
<status status="PASS" start="2025-09-25T23:09:26.857458" elapsed="0.032837"/>
</kw>
<kw name="Log To Console" owner="BuiltIn">
<arg>Latest purchase: ${latest_purchase}</arg>
<doc>Logs the given message to the console.</doc>
<status status="PASS" start="2025-09-25T23:09:26.890669" elapsed="0.000713"/>
</kw>
<kw name="Set Variable" owner="BuiltIn">
<msg time="2025-09-25T23:09:26.892391" level="INFO">${newsletter_locator} = (//table//tbody//tr)[5]/td[7]//*[@data-testid]</msg>
<var>${newsletter_locator}</var>
<arg>${current_row_locator}/td[7]//*[@data-testid]</arg>
<doc>Returns the given values which can then be assigned to a variables.</doc>
<status status="PASS" start="2025-09-25T23:09:26.891880" elapsed="0.000792"/>
</kw>
<kw name="Get Element Attribute" owner="SeleniumLibrary">
<msg time="2025-09-25T23:09:26.916053" level="INFO">${has_newsletter} = Yes</msg>
<var>${has_newsletter}</var>
<arg>${newsletter_locator}</arg>
<arg>aria-label</arg>
<doc>Returns the value of ``attribute`` from the element ``locator``.</doc>
<status status="PASS" start="2025-09-25T23:09:26.892947" elapsed="0.023298"/>
</kw>
<kw name="Log To Console" owner="BuiltIn">
<arg>Has newsletter: ${has_newsletter}</arg>
<doc>Logs the given message to the console.</doc>
<status status="PASS" start="2025-09-25T23:09:26.916474" elapsed="0.000581"/>
</kw>
<kw name="Set Variable" owner="BuiltIn">
<msg time="2025-09-25T23:09:26.917909" level="INFO">${segment_locator} = (//table//tbody//tr)[5]/td[8]//span</msg>
<var>${segment_locator}</var>
<arg>${current_row_locator}/td[8]//span</arg>
<doc>Returns the given values which can then be assigned to a variables.</doc>
<status status="PASS" start="2025-09-25T23:09:26.917452" elapsed="0.000713"/>
</kw>
<kw name="Get WebElements" owner="SeleniumLibrary">
<msg time="2025-09-25T23:09:26.965972" level="INFO">${segment_spans} = []</msg>
<var>${segment_spans}</var>
<arg>${segment_locator}</arg>
<doc>Returns a list of WebElement objects matching the ``locator``.</doc>
<status status="PASS" start="2025-09-25T23:09:26.918482" elapsed="0.047816"/>
</kw>
<kw name="Create List" owner="BuiltIn">
<msg time="2025-09-25T23:09:26.967059" level="INFO">${segments} = []</msg>
<var>${segments}</var>
<doc>Returns a list containing given items.</doc>
<status status="PASS" start="2025-09-25T23:09:26.966661" elapsed="0.000623"/>
</kw>
<for flavor="IN">
<iter>
<kw name="Get Text" owner="SeleniumLibrary">
<var>${seg_text}</var>
<arg>${seg}</arg>
<doc>Returns the text value of the element identified by ``locator``.</doc>
<status status="NOT RUN" start="2025-09-25T23:09:26.968138" elapsed="0.001007"/>
</kw>
<kw name="Append To List" owner="Collections">
<arg>${segments}</arg>
<arg>${seg_text}</arg>
<doc>Adds ``values`` to the end of ``list``.</doc>
<status status="NOT RUN" start="2025-09-25T23:09:26.969537" elapsed="0.000178"/>
</kw>
<var name="${seg}"/>
<status status="NOT RUN" start="2025-09-25T23:09:26.967846" elapsed="0.002039"/>
</iter>
<var>${seg}</var>
<value>@{segment_spans}</value>
<status status="NOT RUN" start="2025-09-25T23:09:26.967486" elapsed="0.002860"/>
</for>
<kw name="Log To Console" owner="BuiltIn">
<arg>Segments: ${segments}</arg>
<doc>Logs the given message to the console.</doc>
<status status="PASS" start="2025-09-25T23:09:26.973185" elapsed="0.002983"/>
</kw>
<var name="${i}">5</var>
<status status="PASS" start="2025-09-25T23:09:26.683203" elapsed="0.294134"/>
</iter>
<iter>
<kw name="Log To Console" owner="BuiltIn">
<arg>\n====== User ${i} ======</arg>
<doc>Logs the given message to the console.</doc>
<status status="PASS" start="2025-09-25T23:09:26.979625" elapsed="0.002340"/>
</kw>
<kw name="Set Variable" owner="BuiltIn">
<msg time="2025-09-25T23:09:26.984084" level="INFO">${current_row_locator} = (//table//tbody//tr)[6]</msg>
<var>${current_row_locator}</var>
<arg>(${table_row})[${i}]</arg>
<doc>Returns the given values which can then be assigned to a variables.</doc>
<status status="PASS" start="2025-09-25T23:09:26.983220" elapsed="0.001194"/>
</kw>
<kw name="Set Variable" owner="BuiltIn">
<msg time="2025-09-25T23:09:26.985321" level="INFO">${name_locator} = (//table//tbody//tr)[6]/td[2]//a/div</msg>
<var>${name_locator}</var>
<arg>${current_row_locator}/td[2]//a/div</arg>
<doc>Returns the given values which can then be assigned to a variables.</doc>
<status status="PASS" start="2025-09-25T23:09:26.984825" elapsed="0.001025"/>
</kw>
<kw name="Get Text" owner="SeleniumLibrary">
<msg time="2025-09-25T23:09:27.114538" level="INFO">${raw_name} = S
Stuart Dare</msg>
<var>${raw_name}</var>
<arg>${name_locator}</arg>
<doc>Returns the text value of the element identified by ``locator``.</doc>
<status status="PASS" start="2025-09-25T23:09:26.996336" elapsed="0.118489"/>
</kw>
<kw name="Evaluate" owner="BuiltIn">
<msg time="2025-09-25T23:09:27.115733" level="INFO">${name} = Stuart Dare</msg>
<var>${name}</var>
<arg>" ".join("""${raw_name}""".split()[1:])</arg>
<doc>Evaluates the given expression in Python and returns the result.</doc>
<status status="PASS" start="2025-09-25T23:09:27.115158" elapsed="0.000818"/>
</kw>
<kw name="Log To Console" owner="BuiltIn">
<arg>Name: ${name}</arg>
<doc>Logs the given message to the console.</doc>
<status status="PASS" start="2025-09-25T23:09:27.116298" elapsed="0.002267"/>
</kw>
<kw name="Set Variable" owner="BuiltIn">
<msg time="2025-09-25T23:09:27.122015" level="INFO">${last_seen_locator} = (//table//tbody//tr)[6]/td[3]</msg>
<var>${last_seen_locator}</var>
<arg>${current_row_locator}/td[3]</arg>
<doc>Returns the given values which can then be assigned to a variables.</doc>
<status status="PASS" start="2025-09-25T23:09:27.119116" elapsed="0.003861"/>
</kw>
<kw name="Get Text" owner="SeleniumLibrary">
<msg time="2025-09-25T23:09:27.191622" level="INFO">${last_seen} = 9/25/2025</msg>
<var>${last_seen}</var>
<arg>${last_seen_locator}</arg>
<doc>Returns the text value of the element identified by ``locator``.</doc>
<status status="PASS" start="2025-09-25T23:09:27.124022" elapsed="0.067796"/>
</kw>
<kw name="Log To Console" owner="BuiltIn">
<arg>Last seen: ${last_seen}</arg>
<doc>Logs the given message to the console.</doc>
<status status="PASS" start="2025-09-25T23:09:27.192045" elapsed="0.000506"/>
</kw>
<kw name="Set Variable" owner="BuiltIn">
<msg time="2025-09-25T23:09:27.193397" level="INFO">${orders_locator} = (//table//tbody//tr)[6]/td[4]</msg>
<var>${orders_locator}</var>
<arg>${current_row_locator}/td[4]</arg>
<doc>Returns the given values which can then be assigned to a variables.</doc>
<status status="PASS" start="2025-09-25T23:09:27.192944" elapsed="0.000740"/>
</kw>
<kw name="Get Text" owner="SeleniumLibrary">
<msg time="2025-09-25T23:09:27.239172" level="INFO">${orders} = 0</msg>
<var>${orders}</var>
<arg>${orders_locator}</arg>
<doc>Returns the text value of the element identified by ``locator``.</doc>
<status status="PASS" start="2025-09-25T23:09:27.194067" elapsed="0.045277"/>
</kw>
<kw name="Log To Console" owner="BuiltIn">
<arg>Orders: ${orders}</arg>
<doc>Logs the given message to the console.</doc>
<status status="PASS" start="2025-09-25T23:09:27.239550" elapsed="0.000440"/>
</kw>
<kw name="Set Variable" owner="BuiltIn">
<msg time="2025-09-25T23:09:27.240795" level="INFO">${total_spent_locator} = (//table//tbody//tr)[6]/td[5]</msg>
<var>${total_spent_locator}</var>
<arg>${current_row_locator}/td[5]</arg>
<doc>Returns the given values which can then be assigned to a variables.</doc>
<status status="PASS" start="2025-09-25T23:09:27.240359" elapsed="0.000717"/>
</kw>
<kw name="Get Text" owner="SeleniumLibrary">
<msg time="2025-09-25T23:09:27.273138" level="INFO">${total_spent} = $0.00</msg>
<var>${total_spent}</var>
<arg>${total_spent_locator}</arg>
<doc>Returns the text value of the element identified by ``locator``.</doc>
<status status="PASS" start="2025-09-25T23:09:27.241329" elapsed="0.032125"/>
</kw>
<kw name="Log To Console" owner="BuiltIn">
<arg>Total spent: ${total_spent}</arg>
<doc>Logs the given message to the console.</doc>
<status status="PASS" start="2025-09-25T23:09:27.273875" elapsed="0.000778"/>
</kw>
<kw name="Set Variable" owner="BuiltIn">
<msg time="2025-09-25T23:09:27.275798" level="INFO">${latest_purchase_locator} = (//table//tbody//tr)[6]/td[6]</msg>
<var>${latest_purchase_locator}</var>
<arg>${current_row_locator}/td[6]</arg>
<doc>Returns the given values which can then be assigned to a variables.</doc>
<status status="PASS" start="2025-09-25T23:09:27.275128" elapsed="0.000904"/>
</kw>
<kw name="Get Text" owner="SeleniumLibrary">
<msg time="2025-09-25T23:09:27.305584" level="INFO">${latest_purchase} = </msg>
<var>${latest_purchase}</var>
<arg>${latest_purchase_locator}</arg>
<doc>Returns the text value of the element identified by ``locator``.</doc>
<status status="PASS" start="2025-09-25T23:09:27.276267" elapsed="0.029576"/>
</kw>
<kw name="Log To Console" owner="BuiltIn">
<arg>Latest purchase: ${latest_purchase}</arg>
<doc>Logs the given message to the console.</doc>
<status status="PASS" start="2025-09-25T23:09:27.306194" elapsed="0.001963"/>
</kw>
<kw name="Set Variable" owner="BuiltIn">
<msg time="2025-09-25T23:09:27.310472" level="INFO">${newsletter_locator} = (//table//tbody//tr)[6]/td[7]//*[@data-testid]</msg>
<var>${newsletter_locator}</var>
<arg>${current_row_locator}/td[7]//*[@data-testid]</arg>
<doc>Returns the given values which can then be assigned to a variables.</doc>
<status status="PASS" start="2025-09-25T23:09:27.309069" elapsed="0.001848"/>
</kw>
<kw name="Get Element Attribute" owner="SeleniumLibrary">
<msg time="2025-09-25T23:09:27.354984" level="INFO">${has_newsletter} = Yes</msg>
<var>${has_newsletter}</var>
<arg>${newsletter_locator}</arg>
<arg>aria-label</arg>
<doc>Returns the value of ``attribute`` from the element ``locator``.</doc>
<status status="PASS" start="2025-09-25T23:09:27.311561" elapsed="0.043667"/>
</kw>
<kw name="Log To Console" owner="BuiltIn">
<arg>Has newsletter: ${has_newsletter}</arg>
<doc>Logs the given message to the console.</doc>
<status status="PASS" start="2025-09-25T23:09:27.355666" elapsed="0.000634"/>
</kw>
<kw name="Set Variable" owner="BuiltIn">
<msg time="2025-09-25T23:09:27.357274" level="INFO">${segment_locator} = (//table//tbody//tr)[6]/td[8]//span</msg>
<var>${segment_locator}</var>
<arg>${current_row_locator}/td[8]//span</arg>
<doc>Returns the given values which can then be assigned to a variables.</doc>
<status status="PASS" start="2025-09-25T23:09:27.356786" elapsed="0.000829"/>
</kw>
<kw name="Get WebElements" owner="SeleniumLibrary">
<msg time="2025-09-25T23:09:27.371516" level="INFO">${segment_spans} = []</msg>
<var>${segment_spans}</var>
<arg>${segment_locator}</arg>
<doc>Returns a list of WebElement objects matching the ``locator``.</doc>
<status status="PASS" start="2025-09-25T23:09:27.358027" elapsed="0.013657"/>
</kw>
<kw name="Create List" owner="BuiltIn">
<msg time="2025-09-25T23:09:27.372726" level="INFO">${segments} = []</msg>
<var>${segments}</var>
<doc>Returns a list containing given items.</doc>
<status status="PASS" start="2025-09-25T23:09:27.372196" elapsed="0.000753"/>
</kw>
<for flavor="IN">
<iter>
<kw name="Get Text" owner="SeleniumLibrary">
<var>${seg_text}</var>
<arg>${seg}</arg>
<doc>Returns the text value of the element identified by ``locator``.</doc>
<status status="NOT RUN" start="2025-09-25T23:09:27.373800" elapsed="0.000096"/>
</kw>
<kw name="Append To List" owner="Collections">
<arg>${segments}</arg>
<arg>${seg_text}</arg>
<doc>Adds ``values`` to the end of ``list``.</doc>
<status status="NOT RUN" start="2025-09-25T23:09:27.374063" elapsed="0.000079"/>
</kw>
<var name="${seg}"/>
<status status="NOT RUN" start="2025-09-25T23:09:27.373584" elapsed="0.000667"/>
</iter>
<var>${seg}</var>
<value>@{segment_spans}</value>
<status status="NOT RUN" start="2025-09-25T23:09:27.373300" elapsed="0.001045"/>
</for>
<kw name="Log To Console" owner="BuiltIn">
<arg>Segments: ${segments}</arg>
<doc>Logs the given message to the console.</doc>
<status status="PASS" start="2025-09-25T23:09:27.374512" elapsed="0.000463"/>
</kw>
<var name="${i}">6</var>
<status status="PASS" start="2025-09-25T23:09:26.978783" elapsed="0.396404"/>
</iter>
<iter>
<kw name="Log To Console" owner="BuiltIn">
<arg>\n====== User ${i} ======</arg>
<doc>Logs the given message to the console.</doc>
<status status="PASS" start="2025-09-25T23:09:27.375912" elapsed="0.000689"/>
</kw>
<kw name="Set Variable" owner="BuiltIn">
<msg time="2025-09-25T23:09:27.377560" level="INFO">${current_row_locator} = (//table//tbody//tr)[7]</msg>
<var>${current_row_locator}</var>
<arg>(${table_row})[${i}]</arg>
<doc>Returns the given values which can then be assigned to a variables.</doc>
<status status="PASS" start="2025-09-25T23:09:27.377022" elapsed="0.000798"/>
</kw>
<kw name="Set Variable" owner="BuiltIn">
<msg time="2025-09-25T23:09:27.378688" level="INFO">${name_locator} = (//table//tbody//tr)[7]/td[2]//a/div</msg>
<var>${name_locator}</var>
<arg>${current_row_locator}/td[2]//a/div</arg>
<doc>Returns the given values which can then be assigned to a variables.</doc>
<status status="PASS" start="2025-09-25T23:09:27.378202" elapsed="0.000713"/>
</kw>
<kw name="Get Text" owner="SeleniumLibrary">
<msg time="2025-09-25T23:09:27.422104" level="INFO">${raw_name} = W
Wilhelmine Macejkovic</msg>
<var>${raw_name}</var>
<arg>${name_locator}</arg>
<doc>Returns the text value of the element identified by ``locator``.</doc>
<status status="PASS" start="2025-09-25T23:09:27.379139" elapsed="0.043251"/>
</kw>
<kw name="Evaluate" owner="BuiltIn">
<msg time="2025-09-25T23:09:27.423473" level="INFO">${name} = Wilhelmine Macejkovic</msg>
<var>${name}</var>
<arg>" ".join("""${raw_name}""".split()[1:])</arg>
<doc>Evaluates the given expression in Python and returns the result.</doc>
<status status="PASS" start="2025-09-25T23:09:27.422801" elapsed="0.000968"/>
</kw>
<kw name="Log To Console" owner="BuiltIn">
<arg>Name: ${name}</arg>
<doc>Logs the given message to the console.</doc>
<status status="PASS" start="2025-09-25T23:09:27.424182" elapsed="0.004160"/>
</kw>
<kw name="Set Variable" owner="BuiltIn">
<msg time="2025-09-25T23:09:27.429856" level="INFO">${last_seen_locator} = (//table//tbody//tr)[7]/td[3]</msg>
<var>${last_seen_locator}</var>
<arg>${current_row_locator}/td[3]</arg>
<doc>Returns the given values which can then be assigned to a variables.</doc>
<status status="PASS" start="2025-09-25T23:09:27.428934" elapsed="0.001302"/>
</kw>
<kw name="Get Text" owner="SeleniumLibrary">
<msg time="2025-09-25T23:09:27.507570" level="INFO">${last_seen} = 9/25/2025</msg>
<var>${last_seen}</var>
<arg>${last_seen_locator}</arg>
<doc>Returns the text value of the element identified by ``locator``.</doc>
<status status="PASS" start="2025-09-25T23:09:27.430705" elapsed="0.077200"/>
</kw>
<kw name="Log To Console" owner="BuiltIn">
<arg>Last seen: ${last_seen}</arg>
<doc>Logs the given message to the console.</doc>
<status status="PASS" start="2025-09-25T23:09:27.508285" elapsed="0.002472"/>
</kw>
<kw name="Set Variable" owner="BuiltIn">
<msg time="2025-09-25T23:09:27.512170" level="INFO">${orders_locator} = (//table//tbody//tr)[7]/td[4]</msg>
<var>${orders_locator}</var>
<arg>${current_row_locator}/td[4]</arg>
<doc>Returns the given values which can then be assigned to a variables.</doc>
<status status="PASS" start="2025-09-25T23:09:27.511412" elapsed="0.001069"/>
</kw>
<kw name="Get Text" owner="SeleniumLibrary">
<msg time="2025-09-25T23:09:27.592169" level="INFO">${orders} = 0</msg>
<var>${orders}</var>
<arg>${orders_locator}</arg>
<doc>Returns the text value of the element identified by ``locator``.</doc>
<status status="PASS" start="2025-09-25T23:09:27.514246" elapsed="0.078109"/>
</kw>
<kw name="Log To Console" owner="BuiltIn">
<arg>Orders: ${orders}</arg>
<doc>Logs the given message to the console.</doc>
<status status="PASS" start="2025-09-25T23:09:27.592569" elapsed="0.000497"/>
</kw>
<kw name="Set Variable" owner="BuiltIn">
<msg time="2025-09-25T23:09:27.593938" level="INFO">${total_spent_locator} = (//table//tbody//tr)[7]/td[5]</msg>
<var>${total_spent_locator}</var>
<arg>${current_row_locator}/td[5]</arg>
<doc>Returns the given values which can then be assigned to a variables.</doc>
<status status="PASS" start="2025-09-25T23:09:27.593463" elapsed="0.000752"/>
</kw>
<kw name="Get Text" owner="SeleniumLibrary">
<msg time="2025-09-25T23:09:27.639121" level="INFO">${total_spent} = $0.00</msg>
<var>${total_spent}</var>
<arg>${total_spent_locator}</arg>
<doc>Returns the text value of the element identified by ``locator``.</doc>
<status status="PASS" start="2025-09-25T23:09:27.594539" elapsed="0.044764"/>
</kw>
<kw name="Log To Console" owner="BuiltIn">
<arg>Total spent: ${total_spent}</arg>
<doc>Logs the given message to the console.</doc>
<status status="PASS" start="2025-09-25T23:09:27.639540" elapsed="0.000450"/>
</kw>
<kw name="Set Variable" owner="BuiltIn">
<msg time="2025-09-25T23:09:27.640745" level="INFO">${latest_purchase_locator} = (//table//tbody//tr)[7]/td[6]</msg>
<var>${latest_purchase_locator}</var>
<arg>${current_row_locator}/td[6]</arg>
<doc>Returns the given values which can then be assigned to a variables.</doc>
<status status="PASS" start="2025-09-25T23:09:27.640335" elapsed="0.000713"/>
</kw>
<kw name="Get Text" owner="SeleniumLibrary">
<msg time="2025-09-25T23:09:27.676582" level="INFO">${latest_purchase} = </msg>
<var>${latest_purchase}</var>
<arg>${latest_purchase_locator}</arg>
<doc>Returns the text value of the element identified by ``locator``.</doc>
<status status="PASS" start="2025-09-25T23:09:27.641321" elapsed="0.035462"/>
</kw>
<kw name="Log To Console" owner="BuiltIn">
<arg>Latest purchase: ${latest_purchase}</arg>
<doc>Logs the given message to the console.</doc>
<status status="PASS" start="2025-09-25T23:09:27.677172" elapsed="0.000790"/>
</kw>
<kw name="Set Variable" owner="BuiltIn">
<msg time="2025-09-25T23:09:27.678763" level="INFO">${newsletter_locator} = (//table//tbody//tr)[7]/td[7]//*[@data-testid]</msg>
<var>${newsletter_locator}</var>
<arg>${current_row_locator}/td[7]//*[@data-testid]</arg>
<doc>Returns the given values which can then be assigned to a variables.</doc>
<status status="PASS" start="2025-09-25T23:09:27.678390" elapsed="0.000540"/>
</kw>
<kw name="Get Element Attribute" owner="SeleniumLibrary">
<msg time="2025-09-25T23:09:27.702637" level="INFO">${has_newsletter} = Yes</msg>
<var>${has_newsletter}</var>
<arg>${newsletter_locator}</arg>
<arg>aria-label</arg>
<doc>Returns the value of ``attribute`` from the element ``locator``.</doc>
<status status="PASS" start="2025-09-25T23:09:27.679157" elapsed="0.023684"/>
</kw>
<kw name="Log To Console" owner="BuiltIn">
<arg>Has newsletter: ${has_newsletter}</arg>
<doc>Logs the given message to the console.</doc>
<status status="PASS" start="2025-09-25T23:09:27.703209" elapsed="0.000544"/>
</kw>
<kw name="Set Variable" owner="BuiltIn">
<msg time="2025-09-25T23:09:27.704641" level="INFO">${segment_locator} = (//table//tbody//tr)[7]/td[8]//span</msg>
<var>${segment_locator}</var>
<arg>${current_row_locator}/td[8]//span</arg>
<doc>Returns the given values which can then be assigned to a variables.</doc>
<status status="PASS" start="2025-09-25T23:09:27.704178" elapsed="0.000692"/>
</kw>
<kw name="Get WebElements" owner="SeleniumLibrary">
<msg time="2025-09-25T23:09:27.732665" level="INFO">${segment_spans} = [&lt;selenium.webdriver.remote.webelement.WebElement (session="c672f8c5f0d08621b167370554c60371", element="f.BE48ED9EF101BD6AB173C8F2657E4D50.d.2138F00A36A36E8109D204D524D9F0EC.e.155")&gt;]</msg>
<var>${segment_spans}</var>
<arg>${segment_locator}</arg>
<doc>Returns a list of WebElement objects matching the ``locator``.</doc>
<status status="PASS" start="2025-09-25T23:09:27.705240" elapsed="0.027616"/>
</kw>
<kw name="Create List" owner="BuiltIn">
<msg time="2025-09-25T23:09:27.733308" level="INFO">${segments} = []</msg>
<var>${segments}</var>
<doc>Returns a list containing given items.</doc>
<status status="PASS" start="2025-09-25T23:09:27.733072" elapsed="0.000334"/>
</kw>
<for flavor="IN">
<iter>
<kw name="Get Text" owner="SeleniumLibrary">
<msg time="2025-09-25T23:09:27.759895" level="INFO">${seg_text} = Regular</msg>
<var>${seg_text}</var>
<arg>${seg}</arg>
<doc>Returns the text value of the element identified by ``locator``.</doc>
<status status="PASS" start="2025-09-25T23:09:27.733885" elapsed="0.026236"/>
</kw>
<kw name="Append To List" owner="Collections">
<arg>${segments}</arg>
<arg>${seg_text}</arg>
<doc>Adds ``values`` to the end of ``list``.</doc>
<status status="PASS" start="2025-09-25T23:09:27.760397" elapsed="0.000320"/>
</kw>
<var name="${seg}">&lt;selenium.webdriver.remote.webelement.WebElement (session="c672f8c5f0d08621b167370554c60371", element="f.BE48ED9EF101BD6AB173C8F2657E4D50.d.2138F00A36A36E8109D204D524D9F0EC.e.155")&gt;</var>
<status status="PASS" start="2025-09-25T23:09:27.733727" elapsed="0.027135"/>
</iter>
<var>${seg}</var>
<value>@{segment_spans}</value>
<status status="PASS" start="2025-09-25T23:09:27.733515" elapsed="0.027461"/>
</for>
<kw name="Log To Console" owner="BuiltIn">
<arg>Segments: ${segments}</arg>
<doc>Logs the given message to the console.</doc>
<status status="PASS" start="2025-09-25T23:09:27.761167" elapsed="0.000477"/>
</kw>
<var name="${i}">7</var>
<status status="PASS" start="2025-09-25T23:09:27.375596" elapsed="0.386419"/>
</iter>
<iter>
<kw name="Log To Console" owner="BuiltIn">
<arg>\n====== User ${i} ======</arg>
<doc>Logs the given message to the console.</doc>
<status status="PASS" start="2025-09-25T23:09:27.763165" elapsed="0.002172"/>
</kw>
<kw name="Set Variable" owner="BuiltIn">
<msg time="2025-09-25T23:09:27.767316" level="INFO">${current_row_locator} = (//table//tbody//tr)[8]</msg>
<var>${current_row_locator}</var>
<arg>(${table_row})[${i}]</arg>
<doc>Returns the given values which can then be assigned to a variables.</doc>
<status status="PASS" start="2025-09-25T23:09:27.766136" elapsed="0.001932"/>
</kw>
<kw name="Set Variable" owner="BuiltIn">
<msg time="2025-09-25T23:09:27.770535" level="INFO">${name_locator} = (//table//tbody//tr)[8]/td[2]//a/div</msg>
<var>${name_locator}</var>
<arg>${current_row_locator}/td[2]//a/div</arg>
<doc>Returns the given values which can then be assigned to a variables.</doc>
<status status="PASS" start="2025-09-25T23:09:27.769368" elapsed="0.001597"/>
</kw>
<kw name="Get Text" owner="SeleniumLibrary">
<msg time="2025-09-25T23:09:27.799542" level="INFO">${raw_name} = B
Brandy Lind</msg>
<var>${raw_name}</var>
<arg>${name_locator}</arg>
<doc>Returns the text value of the element identified by ``locator``.</doc>
<status status="PASS" start="2025-09-25T23:09:27.773060" elapsed="0.026695"/>
</kw>
<kw name="Evaluate" owner="BuiltIn">
<msg time="2025-09-25T23:09:27.800300" level="INFO">${name} = Brandy Lind</msg>
<var>${name}</var>
<arg>" ".join("""${raw_name}""".split()[1:])</arg>
<doc>Evaluates the given expression in Python and returns the result.</doc>
<status status="PASS" start="2025-09-25T23:09:27.799977" elapsed="0.000424"/>
</kw>
<kw name="Log To Console" owner="BuiltIn">
<arg>Name: ${name}</arg>
<doc>Logs the given message to the console.</doc>
<status status="PASS" start="2025-09-25T23:09:27.800556" elapsed="0.000453"/>
</kw>
<kw name="Set Variable" owner="BuiltIn">
<msg time="2025-09-25T23:09:27.803125" level="INFO">${last_seen_locator} = (//table//tbody//tr)[8]/td[3]</msg>
<var>${last_seen_locator}</var>
<arg>${current_row_locator}/td[3]</arg>
<doc>Returns the given values which can then be assigned to a variables.</doc>
<status status="PASS" start="2025-09-25T23:09:27.801754" elapsed="0.001798"/>
</kw>
<kw name="Get Text" owner="SeleniumLibrary">
<msg time="2025-09-25T23:09:27.854428" level="INFO">${last_seen} = 9/25/2025</msg>
<var>${last_seen}</var>
<arg>${last_seen_locator}</arg>
<doc>Returns the text value of the element identified by ``locator``.</doc>
<status status="PASS" start="2025-09-25T23:09:27.804153" elapsed="0.050450"/>
</kw>
<kw name="Log To Console" owner="BuiltIn">
<arg>Last seen: ${last_seen}</arg>
<doc>Logs the given message to the console.</doc>
<status status="PASS" start="2025-09-25T23:09:27.854808" elapsed="0.001185"/>
</kw>
<kw name="Set Variable" owner="BuiltIn">
<msg time="2025-09-25T23:09:27.857205" level="INFO">${orders_locator} = (//table//tbody//tr)[8]/td[4]</msg>
<var>${orders_locator}</var>
<arg>${current_row_locator}/td[4]</arg>
<doc>Returns the given values which can then be assigned to a variables.</doc>
<status status="PASS" start="2025-09-25T23:09:27.856473" elapsed="0.001116"/>
</kw>
<kw name="Get Text" owner="SeleniumLibrary">
<msg time="2025-09-25T23:09:27.962709" level="INFO">${orders} = 0</msg>
<var>${orders}</var>
<arg>${orders_locator}</arg>
<doc>Returns the text value of the element identified by ``locator``.</doc>
<status status="PASS" start="2025-09-25T23:09:27.857992" elapsed="0.105034"/>
</kw>
<kw name="Log To Console" owner="BuiltIn">
<arg>Orders: ${orders}</arg>
<doc>Logs the given message to the console.</doc>
<status status="PASS" start="2025-09-25T23:09:27.963415" elapsed="0.002716"/>
</kw>
<kw name="Set Variable" owner="BuiltIn">
<msg time="2025-09-25T23:09:27.967562" level="INFO">${total_spent_locator} = (//table//tbody//tr)[8]/td[5]</msg>
<var>${total_spent_locator}</var>
<arg>${current_row_locator}/td[5]</arg>
<doc>Returns the given values which can then be assigned to a variables.</doc>
<status status="PASS" start="2025-09-25T23:09:27.966660" elapsed="0.003854"/>
</kw>
<kw name="Get Text" owner="SeleniumLibrary">
<msg time="2025-09-25T23:09:28.065252" level="INFO">${total_spent} = $0.00</msg>
<var>${total_spent}</var>
<arg>${total_spent_locator}</arg>
<doc>Returns the text value of the element identified by ``locator``.</doc>
<status status="PASS" start="2025-09-25T23:09:27.971296" elapsed="0.094284"/>
</kw>
<kw name="Log To Console" owner="BuiltIn">
<arg>Total spent: ${total_spent}</arg>
<doc>Logs the given message to the console.</doc>
[...]
<kw name="Log To Console" owner="BuiltIn">
<arg>${name}: ${spent_text}</arg>
<doc>Logs the given message to the console.</doc>
<status status="PASS" start="2025-09-25T23:09:40.440907" elapsed="0.013071"/>
</kw>
<kw name="Evaluate" owner="BuiltIn">
<msg time="2025-09-25T23:09:40.455424" level="INFO">${total_spending} = 2761.56</msg>
<var>${total_spending}</var>
<arg>${total_spending} + ${spent_value}</arg>
<doc>Evaluates the given expression in Python and returns the result.</doc>
<status status="PASS" start="2025-09-25T23:09:40.454652" elapsed="0.001066"/>
</kw>
<status status="PASS" start="2025-09-25T23:09:40.440384" elapsed="0.015591"/>
</branch>
<status status="PASS" start="2025-09-25T23:09:40.440329" elapsed="0.015832"/>
</if>
<var name="${index}">18</var>
<status status="PASS" start="2025-09-25T23:09:40.350583" elapsed="0.105643"/>
</iter>
<iter>
<kw name="Set Variable" owner="BuiltIn">
<msg time="2025-09-25T23:09:40.457574" level="INFO">${row_locator} = (//table//tbody//tr)[19]</msg>
<var>${row_locator}</var>
<arg>(//table//tbody//tr)[${index}]</arg>
<doc>Returns the given values which can then be assigned to a variables.</doc>
<status status="PASS" start="2025-09-25T23:09:40.457068" elapsed="0.000749"/>
</kw>
<kw name="Get Text" owner="SeleniumLibrary">
<msg time="2025-09-25T23:09:40.564099" level="INFO">${name} = M
Madalyn Mante</msg>
<var>${name}</var>
<arg>${row_locator}//td[2]</arg>
<doc>Returns the text value of the element identified by ``locator``.</doc>
<status status="PASS" start="2025-09-25T23:09:40.458250" elapsed="0.106234"/>
</kw>
<kw name="Get Text" owner="SeleniumLibrary">
<msg time="2025-09-25T23:09:40.602828" level="INFO">${spent_text} = $0.00</msg>
<var>${spent_text}</var>
<arg>${row_locator}//td[5]</arg>
<doc>Returns the text value of the element identified by ``locator``.</doc>
<status status="PASS" start="2025-09-25T23:09:40.565066" elapsed="0.038056"/>
</kw>
<kw name="Evaluate" owner="BuiltIn">
<msg time="2025-09-25T23:09:40.604319" level="INFO">${spent_value} = 0.0</msg>
<var>${spent_value}</var>
<arg>float("""${spent_text}""".replace('$','').replace(',',''))</arg>
<doc>Evaluates the given expression in Python and returns the result.</doc>
<status status="PASS" start="2025-09-25T23:09:40.603476" elapsed="0.001590"/>
</kw>
<if>
<branch type="IF" condition="${spent_value} &gt; 0">
<kw name="Log To Console" owner="BuiltIn">
<arg>${name}: ${spent_text}</arg>
<doc>Logs the given message to the console.</doc>
<status status="NOT RUN" start="2025-09-25T23:09:40.606111" elapsed="0.000174"/>
</kw>
<kw name="Evaluate" owner="BuiltIn">
<var>${total_spending}</var>
<arg>${total_spending} + ${spent_value}</arg>
<doc>Evaluates the given expression in Python and returns the result.</doc>
<status status="NOT RUN" start="2025-09-25T23:09:40.606598" elapsed="0.000135"/>
</kw>
<status status="NOT RUN" start="2025-09-25T23:09:40.605513" elapsed="0.001363"/>
</branch>
<status status="PASS" start="2025-09-25T23:09:40.605450" elapsed="0.001569"/>
</if>
<var name="${index}">19</var>
<status status="PASS" start="2025-09-25T23:09:40.456660" elapsed="0.150405"/>
</iter>
<iter>
<kw name="Set Variable" owner="BuiltIn">
<msg time="2025-09-25T23:09:40.608186" level="INFO">${row_locator} = (//table//tbody//tr)[20]</msg>
<var>${row_locator}</var>
<arg>(//table//tbody//tr)[${index}]</arg>
<doc>Returns the given values which can then be assigned to a variables.</doc>
<status status="PASS" start="2025-09-25T23:09:40.607695" elapsed="0.000723"/>
</kw>
<kw name="Get Text" owner="SeleniumLibrary">
<msg time="2025-09-25T23:09:40.652723" level="INFO">${name} = C
Chasity Hodkiewicz</msg>
<var>${name}</var>
<arg>${row_locator}//td[2]</arg>
<doc>Returns the text value of the element identified by ``locator``.</doc>
<status status="PASS" start="2025-09-25T23:09:40.608761" elapsed="0.044308"/>
</kw>
<kw name="Get Text" owner="SeleniumLibrary">
<msg time="2025-09-25T23:09:40.683416" level="INFO">${spent_text} = $0.00</msg>
<var>${spent_text}</var>
<arg>${row_locator}//td[5]</arg>
<doc>Returns the text value of the element identified by ``locator``.</doc>
<status status="PASS" start="2025-09-25T23:09:40.653431" elapsed="0.030307"/>
</kw>
<kw name="Evaluate" owner="BuiltIn">
<msg time="2025-09-25T23:09:40.684783" level="INFO">${spent_value} = 0.0</msg>
<var>${spent_value}</var>
<arg>float("""${spent_text}""".replace('$','').replace(',',''))</arg>
<doc>Evaluates the given expression in Python and returns the result.</doc>
<status status="PASS" start="2025-09-25T23:09:40.684140" elapsed="0.000901"/>
</kw>
<if>
<branch type="IF" condition="${spent_value} &gt; 0">
<kw name="Log To Console" owner="BuiltIn">
<arg>${name}: ${spent_text}</arg>
<doc>Logs the given message to the console.</doc>
<status status="NOT RUN" start="2025-09-25T23:09:40.685882" elapsed="0.000145"/>
</kw>
<kw name="Evaluate" owner="BuiltIn">
<var>${total_spending}</var>
<arg>${total_spending} + ${spent_value}</arg>
<doc>Evaluates the given expression in Python and returns the result.</doc>
<status status="NOT RUN" start="2025-09-25T23:09:40.686335" elapsed="0.000138"/>
</kw>
<status status="NOT RUN" start="2025-09-25T23:09:40.685376" elapsed="0.001237"/>
</branch>
<status status="PASS" start="2025-09-25T23:09:40.685320" elapsed="0.001434"/>
</if>
<var name="${index}">20</var>
<status status="PASS" start="2025-09-25T23:09:40.607413" elapsed="0.079387"/>
</iter>
<iter>
<kw name="Set Variable" owner="BuiltIn">
<msg time="2025-09-25T23:09:40.687887" level="INFO">${row_locator} = (//table//tbody//tr)[21]</msg>
<var>${row_locator}</var>
<arg>(//table//tbody//tr)[${index}]</arg>
<doc>Returns the given values which can then be assigned to a variables.</doc>
<status status="PASS" start="2025-09-25T23:09:40.687465" elapsed="0.000614"/>
</kw>
<kw name="Get Text" owner="SeleniumLibrary">
<msg time="2025-09-25T23:09:40.718136" level="INFO">${name} = T
Theresia Hermiston</msg>
<var>${name}</var>
<arg>${row_locator}//td[2]</arg>
<doc>Returns the text value of the element identified by ``locator``.</doc>
<status status="PASS" start="2025-09-25T23:09:40.688349" elapsed="0.030062"/>
</kw>
<kw name="Get Text" owner="SeleniumLibrary">
<msg time="2025-09-25T23:09:40.746264" level="INFO">${spent_text} = $0.00</msg>
<var>${spent_text}</var>
<arg>${row_locator}//td[5]</arg>
<doc>Returns the text value of the element identified by ``locator``.</doc>
<status status="PASS" start="2025-09-25T23:09:40.718776" elapsed="0.027807"/>
</kw>
<kw name="Evaluate" owner="BuiltIn">
<msg time="2025-09-25T23:09:40.747944" level="INFO">${spent_value} = 0.0</msg>
<var>${spent_value}</var>
<arg>float("""${spent_text}""".replace('$','').replace(',',''))</arg>
<doc>Evaluates the given expression in Python and returns the result.</doc>
<status status="PASS" start="2025-09-25T23:09:40.747058" elapsed="0.001173"/>
</kw>
<if>
<branch type="IF" condition="${spent_value} &gt; 0">
<kw name="Log To Console" owner="BuiltIn">
<arg>${name}: ${spent_text}</arg>
<doc>Logs the given message to the console.</doc>
<status status="NOT RUN" start="2025-09-25T23:09:40.749231" elapsed="0.000211"/>
</kw>
<kw name="Evaluate" owner="BuiltIn">
<var>${total_spending}</var>
<arg>${total_spending} + ${spent_value}</arg>
<doc>Evaluates the given expression in Python and returns the result.</doc>
<status status="NOT RUN" start="2025-09-25T23:09:40.749763" elapsed="0.000185"/>
</kw>
<status status="NOT RUN" start="2025-09-25T23:09:40.748553" elapsed="0.001621"/>
</branch>
<status status="PASS" start="2025-09-25T23:09:40.748491" elapsed="0.001880"/>
</if>
<var name="${index}">21</var>
<status status="PASS" start="2025-09-25T23:09:40.687179" elapsed="0.063251"/>
</iter>
<iter>
<kw name="Set Variable" owner="BuiltIn">
<msg time="2025-09-25T23:09:40.751812" level="INFO">${row_locator} = (//table//tbody//tr)[22]</msg>
<var>${row_locator}</var>
<arg>(//table//tbody//tr)[${index}]</arg>
<doc>Returns the given values which can then be assigned to a variables.</doc>
<status status="PASS" start="2025-09-25T23:09:40.751293" elapsed="0.000797"/>
</kw>
<kw name="Get Text" owner="SeleniumLibrary">
<msg time="2025-09-25T23:09:40.918284" level="INFO">${name} = I
Isaiah Keebler</msg>
<var>${name}</var>
<arg>${row_locator}//td[2]</arg>
<doc>Returns the text value of the element identified by ``locator``.</doc>
<status status="PASS" start="2025-09-25T23:09:40.752455" elapsed="0.166182"/>
</kw>
<kw name="Get Text" owner="SeleniumLibrary">
<msg time="2025-09-25T23:09:40.956794" level="INFO">${spent_text} = $0.00</msg>
<var>${spent_text}</var>
<arg>${row_locator}//td[5]</arg>
<doc>Returns the text value of the element identified by ``locator``.</doc>
<status status="PASS" start="2025-09-25T23:09:40.919044" elapsed="0.038031"/>
</kw>
<kw name="Evaluate" owner="BuiltIn">
<msg time="2025-09-25T23:09:40.958160" level="INFO">${spent_value} = 0.0</msg>
<var>${spent_value}</var>
<arg>float("""${spent_text}""".replace('$','').replace(',',''))</arg>
<doc>Evaluates the given expression in Python and returns the result.</doc>
<status status="PASS" start="2025-09-25T23:09:40.957463" elapsed="0.000931"/>
</kw>
<if>
<branch type="IF" condition="${spent_value} &gt; 0">
<kw name="Log To Console" owner="BuiltIn">
<arg>${name}: ${spent_text}</arg>
<doc>Logs the given message to the console.</doc>
<status status="NOT RUN" start="2025-09-25T23:09:40.959224" elapsed="0.000195"/>
</kw>
<kw name="Evaluate" owner="BuiltIn">
<var>${total_spending}</var>
<arg>${total_spending} + ${spent_value}</arg>
<doc>Evaluates the given expression in Python and returns the result.</doc>
<status status="NOT RUN" start="2025-09-25T23:09:40.959778" elapsed="0.000431"/>
</kw>
<status status="NOT RUN" start="2025-09-25T23:09:40.958685" elapsed="0.001737"/>
</branch>
<status status="PASS" start="2025-09-25T23:09:40.958632" elapsed="0.001964"/>
</if>
<var name="${index}">22</var>
<status status="PASS" start="2025-09-25T23:09:40.750883" elapsed="0.209768"/>
</iter>
<iter>
<kw name="Set Variable" owner="BuiltIn">
<msg time="2025-09-25T23:09:40.962553" level="INFO">${row_locator} = (//table//tbody//tr)[23]</msg>
<var>${row_locator}</var>
<arg>(//table//tbody//tr)[${index}]</arg>
<doc>Returns the given values which can then be assigned to a variables.</doc>
<status status="PASS" start="2025-09-25T23:09:40.961528" elapsed="0.001257"/>
</kw>
<kw name="Get Text" owner="SeleniumLibrary">
<msg time="2025-09-25T23:09:41.012798" level="INFO">${name} = Marcos Jenkins</msg>
<var>${name}</var>
<arg>${row_locator}//td[2]</arg>
<doc>Returns the text value of the element identified by ``locator``.</doc>
<status status="PASS" start="2025-09-25T23:09:40.963116" elapsed="0.050048"/>
</kw>
<kw name="Get Text" owner="SeleniumLibrary">
<msg time="2025-09-25T23:09:41.051567" level="INFO">${spent_text} = $249.17</msg>
<var>${spent_text}</var>
<arg>${row_locator}//td[5]</arg>
<doc>Returns the text value of the element identified by ``locator``.</doc>
<status status="PASS" start="2025-09-25T23:09:41.013623" elapsed="0.038198"/>
</kw>
<kw name="Evaluate" owner="BuiltIn">
<msg time="2025-09-25T23:09:41.052744" level="INFO">${spent_value} = 249.17</msg>
<var>${spent_value}</var>
<arg>float("""${spent_text}""".replace('$','').replace(',',''))</arg>
<doc>Evaluates the given expression in Python and returns the result.</doc>
<status status="PASS" start="2025-09-25T23:09:41.052159" elapsed="0.000838"/>
</kw>
<if>
<branch type="IF" condition="${spent_value} &gt; 0">
<kw name="Log To Console" owner="BuiltIn">
<arg>${name}: ${spent_text}</arg>
<doc>Logs the given message to the console.</doc>
<status status="PASS" start="2025-09-25T23:09:41.053777" elapsed="0.000687"/>
</kw>
<kw name="Evaluate" owner="BuiltIn">
<msg time="2025-09-25T23:09:41.055840" level="INFO">${total_spending} = 3010.73</msg>
<var>${total_spending}</var>
<arg>${total_spending} + ${spent_value}</arg>
<doc>Evaluates the given expression in Python and returns the result.</doc>
<status status="PASS" start="2025-09-25T23:09:41.055003" elapsed="0.001196"/>
</kw>
<status status="PASS" start="2025-09-25T23:09:41.053295" elapsed="0.003168"/>
</branch>
<status status="PASS" start="2025-09-25T23:09:41.053246" elapsed="0.003397"/>
</if>
<var name="${index}">23</var>
<status status="PASS" start="2025-09-25T23:09:40.961078" elapsed="0.095626"/>
</iter>
<iter>
<kw name="Set Variable" owner="BuiltIn">
<msg time="2025-09-25T23:09:41.057938" level="INFO">${row_locator} = (//table//tbody//tr)[24]</msg>
<var>${row_locator}</var>
<arg>(//table//tbody//tr)[${index}]</arg>
<doc>Returns the given values which can then be assigned to a variables.</doc>
<status status="PASS" start="2025-09-25T23:09:41.057500" elapsed="0.000703"/>
</kw>
<kw name="Get Text" owner="SeleniumLibrary">
<msg time="2025-09-25T23:09:41.113192" level="INFO">${name} = D
Delmer Lueilwitz</msg>
<var>${name}</var>
<arg>${row_locator}//td[2]</arg>
<doc>Returns the text value of the element identified by ``locator``.</doc>
<status status="PASS" start="2025-09-25T23:09:41.058555" elapsed="0.054963"/>
</kw>
<kw name="Get Text" owner="SeleniumLibrary">
<msg time="2025-09-25T23:09:41.140254" level="INFO">${spent_text} = $0.00</msg>
<var>${spent_text}</var>
<arg>${row_locator}//td[5]</arg>
<doc>Returns the text value of the element identified by ``locator``.</doc>
<status status="PASS" start="2025-09-25T23:09:41.113935" elapsed="0.026531"/>
</kw>
<kw name="Evaluate" owner="BuiltIn">
<msg time="2025-09-25T23:09:41.141201" level="INFO">${spent_value} = 0.0</msg>
<var>${spent_value}</var>
<arg>float("""${spent_text}""".replace('$','').replace(',',''))</arg>
<doc>Evaluates the given expression in Python and returns the result.</doc>
<status status="PASS" start="2025-09-25T23:09:41.140754" elapsed="0.000581"/>
</kw>
<if>
<branch type="IF" condition="${spent_value} &gt; 0">
<kw name="Log To Console" owner="BuiltIn">
<arg>${name}: ${spent_text}</arg>
<doc>Logs the given message to the console.</doc>
<status status="NOT RUN" start="2025-09-25T23:09:41.141867" elapsed="0.000101"/>
</kw>
<kw name="Evaluate" owner="BuiltIn">
<var>${total_spending}</var>
<arg>${total_spending} + ${spent_value}</arg>
<doc>Evaluates the given expression in Python and returns the result.</doc>
<status status="NOT RUN" start="2025-09-25T23:09:41.142178" elapsed="0.000119"/>
</kw>
<status status="NOT RUN" start="2025-09-25T23:09:41.141502" elapsed="0.000881"/>
</branch>
<status status="PASS" start="2025-09-25T23:09:41.141472" elapsed="0.001011"/>
</if>
<var name="${index}">24</var>
<status status="PASS" start="2025-09-25T23:09:41.057160" elapsed="0.085354"/>
</iter>
<iter>
<kw name="Set Variable" owner="BuiltIn">
<msg time="2025-09-25T23:09:41.143251" level="INFO">${row_locator} = (//table//tbody//tr)[25]</msg>
<var>${row_locator}</var>
<arg>(//table//tbody//tr)[${index}]</arg>
<doc>Returns the given values which can then be assigned to a variables.</doc>
<status status="PASS" start="2025-09-25T23:09:41.142954" elapsed="0.000466"/>
</kw>
<kw name="Get Text" owner="SeleniumLibrary">
<msg time="2025-09-25T23:09:41.174701" level="INFO">${name} = M
Mafalda Keeling</msg>
<var>${name}</var>
<arg>${row_locator}//td[2]</arg>
<doc>Returns the text value of the element identified by ``locator``.</doc>
<status status="PASS" start="2025-09-25T23:09:41.143638" elapsed="0.031274"/>
</kw>
<kw name="Get Text" owner="SeleniumLibrary">
<msg time="2025-09-25T23:09:41.196506" level="INFO">${spent_text} = $0.00</msg>
<var>${spent_text}</var>
<arg>${row_locator}//td[5]</arg>
<doc>Returns the text value of the element identified by ``locator``.</doc>
<status status="PASS" start="2025-09-25T23:09:41.175173" elapsed="0.021523"/>
</kw>
<kw name="Evaluate" owner="BuiltIn">
<msg time="2025-09-25T23:09:41.197336" level="INFO">${spent_value} = 0.0</msg>
<var>${spent_value}</var>
<arg>float("""${spent_text}""".replace('$','').replace(',',''))</arg>
<doc>Evaluates the given expression in Python and returns the result.</doc>
<status status="PASS" start="2025-09-25T23:09:41.196937" elapsed="0.000503"/>
</kw>
<if>
<branch type="IF" condition="${spent_value} &gt; 0">
<kw name="Log To Console" owner="BuiltIn">
<arg>${name}: ${spent_text}</arg>
<doc>Logs the given message to the console.</doc>
<status status="NOT RUN" start="2025-09-25T23:09:41.197822" elapsed="0.000080"/>
</kw>
<kw name="Evaluate" owner="BuiltIn">
<var>${total_spending}</var>
<arg>${total_spending} + ${spent_value}</arg>
<doc>Evaluates the given expression in Python and returns the result.</doc>
<status status="NOT RUN" start="2025-09-25T23:09:41.198057" elapsed="0.000079"/>
</kw>
<status status="NOT RUN" start="2025-09-25T23:09:41.197583" elapsed="0.000632"/>
</branch>
<status status="PASS" start="2025-09-25T23:09:41.197555" elapsed="0.000742"/>
</if>
<var name="${index}">25</var>
<status status="PASS" start="2025-09-25T23:09:41.142750" elapsed="0.055576"/>
</iter>
<var>${index}</var>
<value>1</value>
<value>${row_count}+1</value>
<status status="PASS" start="2025-09-25T23:09:37.992450" elapsed="3.205971"/>
</for>
<return>
<value>${total_spending}</value>
<status status="PASS" start="2025-09-25T23:09:41.198976" elapsed="0.000309"/>
</return>
<msg time="2025-09-25T23:09:41.199567" level="INFO">${total_spending} = 3010.73</msg>
<var>${total_spending}</var>
<status status="PASS" start="2025-09-25T23:09:37.972225" elapsed="3.227450"/>
</kw>
<kw name="Log To Console" owner="BuiltIn">
<arg>\n==================================</arg>
<doc>Logs the given message to the console.</doc>
<status status="PASS" start="2025-09-25T23:09:41.199853" elapsed="0.000422"/>
</kw>
<kw name="Log To Console" owner="BuiltIn">
<arg>Total Customer Spending: ${total_spending}</arg>
<doc>Logs the given message to the console.</doc>
<status status="PASS" start="2025-09-25T23:09:41.200740" elapsed="0.000599"/>
</kw>
<kw name="Log To Console" owner="BuiltIn">
<arg>==================================</arg>
<doc>Logs the given message to the console.</doc>
<status status="PASS" start="2025-09-25T23:09:41.201913" elapsed="0.003810"/>
</kw>
<kw name="Run Keyword If" owner="BuiltIn">
<kw name="Fail" owner="BuiltIn">
<msg time="2025-09-25T23:09:41.208127" level="FAIL">FAIL: Total spending (3010.73) is below minimum threshold ($3500)</msg>
<arg>FAIL: Total spending (${total_spending}) is below minimum threshold ($3500)</arg>
<doc>Fails the test with the given message and optionally alters its tags.</doc>
<status status="FAIL" start="2025-09-25T23:09:41.207285" elapsed="0.002464">FAIL: Total spending (3010.73) is below minimum threshold ($3500)</status>
</kw>
<arg>${total_spending} &lt; 3500</arg>
<arg>Fail</arg>
<arg>FAIL: Total spending (${total_spending}) is below minimum threshold ($3500)</arg>
<arg>ELSE</arg>
<arg>Log To Console</arg>
<arg>PASS: Total spending (${total_spending}) meets minimum threshold ($3500)</arg>
<doc>Runs the given keyword with the given arguments, if ``condition`` is true.</doc>
<status status="FAIL" start="2025-09-25T23:09:41.206242" elapsed="0.003815">FAIL: Total spending (3010.73) is below minimum threshold ($3500)</status>
</kw>
<status status="FAIL" start="2025-09-25T23:09:37.947903" elapsed="3.262607">FAIL: Total spending (3010.73) is below minimum threshold ($3500)</status>
</kw>
<doc>TASK 5: Analyzes and validates user spending.</doc>
<status status="FAIL" start="2025-09-25T23:09:37.776529" elapsed="3.434927">FAIL: Total spending (3010.73) is below minimum threshold ($3500)</status>
</test>
<kw name="Close All Browsers" owner="SeleniumLibrary" type="TEARDOWN">
<doc>Closes all open browsers and resets the browser cache.</doc>
<status status="PASS" start="2025-09-25T23:09:41.220150" elapsed="2.788924"/>
</kw>
<status status="FAIL" start="2025-09-25T23:09:10.796192" elapsed="33.213252"/>
</suite>
<statistics>
<total>
<stat pass="1" fail="3" skip="0">All Tests</stat>
</total>
<tag>
</tag>
<suite>
<stat name="Tests" id="s1" pass="1" fail="3" skip="0">Tests</stat>
</suite>
</statistics>
<errors>
</errors>
</robot>
