<?xml version="1.0" encoding="UTF-8"?>
<robot generator="Robot 7.3.2 (Python 3.13.7 on win32)" generated="2025-09-25T23:04:19.493642" rpa="false" schemaversion="5">
<suite id="s1" name="Tests" source="c:\Users\user\QA\Test\tests.robot">
<kw name="Launch Browser" owner="CustomerPage" type="SETUP">
<kw name="Open Browser" owner="SeleniumLibrary">
<msg time="2025-09-25T23:04:21.252117" level="INFO">Opening browser 'chrome' to base url 'https://marmelab.com/react-admin-demo'.</msg>
<arg>${url}</arg>
<arg>chrome</arg>
<arg>options=add_argument("--start-maximized")</arg>
<doc>Opens a new browser instance to the optional ``url``.</doc>
<status status="PASS" start="2025-09-25T23:04:21.251017" elapsed="4.188033"/>
</kw>
<kw name="Wait Until Keyword Succeeds" owner="BuiltIn">
<kw name="Wait Until Element Is Visible" owner="SeleniumLibrary">
<msg time="2025-09-25T23:04:30.652505" level="INFO" html="true">&lt;/td&gt;&lt;/tr&gt;&lt;tr&gt;&lt;td colspan="3"&gt;&lt;a href="selenium-screenshot-1.png"&gt;&lt;img src="selenium-screenshot-1.png" width="800px"&gt;&lt;/a&gt;</msg>
<msg time="2025-09-25T23:04:30.653378" level="FAIL">Element '//input[@name="username"]' not visible after 5 seconds.</msg>
<arg>${element_to_wait}</arg>
<doc>Waits until the element ``locator`` is visible.</doc>
<status status="FAIL" start="2025-09-25T23:04:25.446473" elapsed="5.221132">Element '//input[@name="username"]' not visible after 5 seconds.</status>
</kw>
<kw name="Wait Until Element Is Visible" owner="SeleniumLibrary">
<arg>${element_to_wait}</arg>
<doc>Waits until the element ``locator`` is visible.</doc>
<status status="PASS" start="2025-09-25T23:04:31.168765" elapsed="2.231927"/>
</kw>
<arg>5x</arg>
<arg>.5s</arg>
<arg>Wait Until Element Is Visible</arg>
<arg>${element_to_wait}</arg>
<doc>Runs the specified keyword and retries if it fails.</doc>
<status status="PASS" start="2025-09-25T23:04:25.440780" elapsed="7.960289"/>
</kw>
<status status="PASS" start="2025-09-25T23:04:21.246592" elapsed="12.154921"/>
</kw>
<test id="s1-t1" name="TEST_1_Add_First_5_Users_And_Verify_Table" line="16">
<kw name="Login User" owner="App">
<kw name="Input Text" owner="SeleniumLibrary">
<msg time="2025-09-25T23:04:33.408804" level="INFO">Typing text 'demo' into text field '//input[@name="username"]'.</msg>
<arg>${login_txt_username}</arg>
<arg>${username}</arg>
<doc>Types the given ``text`` into the text field identified by ``locator``.</doc>
<status status="PASS" start="2025-09-25T23:04:33.408300" elapsed="0.297002"/>
</kw>
<kw name="Input Text" owner="SeleniumLibrary">
<msg time="2025-09-25T23:04:33.706412" level="INFO">Typing text 'demo' into text field '//input[@name="password"]'.</msg>
<arg>${login_txt_password}</arg>
<arg>${password}</arg>
<doc>Types the given ``text`` into the text field identified by ``locator``.</doc>
<status status="PASS" start="2025-09-25T23:04:33.705878" elapsed="0.140136"/>
</kw>
<kw name="Click Button" owner="SeleniumLibrary">
<msg time="2025-09-25T23:04:33.847294" level="INFO">Clicking button '//button[@type="submit"]'.</msg>
<arg>${login_btn_submit}</arg>
<doc>Clicks the button identified by ``locator``.</doc>
<status status="PASS" start="2025-09-25T23:04:33.846559" elapsed="0.172946"/>
</kw>
<kw name="Run Keyword And Return Status" owner="BuiltIn">
<kw name="Wait Until Element Is Visible" owner="SeleniumLibrary">
<arg>${dashboard_hdr}</arg>
<doc>Waits until the element ``locator`` is visible.</doc>
<status status="PASS" start="2025-09-25T23:04:34.020461" elapsed="0.521107"/>
</kw>
<msg time="2025-09-25T23:04:34.542320" level="INFO">${status} = True</msg>
<var>${status}</var>
<arg>Wait Until Element Is Visible</arg>
<arg>${dashboard_hdr}</arg>
<doc>Runs the given keyword with given arguments and returns the status as a Boolean value.</doc>
<status status="PASS" start="2025-09-25T23:04:34.020071" elapsed="0.522473"/>
</kw>
<if>
<branch type="IF" condition="${status}">
<kw name="Log To Console" owner="BuiltIn">
<arg>Login Successful</arg>
<doc>Logs the given message to the console.</doc>
<status status="PASS" start="2025-09-25T23:04:34.543828" elapsed="0.005721"/>
</kw>
<status status="PASS" start="2025-09-25T23:04:34.543080" elapsed="0.006798"/>
</branch>
<branch type="ELSE">
<kw name="Log To Console" owner="BuiltIn">
<arg>Login Failed</arg>
<doc>Logs the given message to the console.</doc>
<status status="NOT RUN" start="2025-09-25T23:04:34.550551" elapsed="0.003157"/>
</kw>
<status status="NOT RUN" start="2025-09-25T23:04:34.550142" elapsed="0.003848"/>
</branch>
<status status="PASS" start="2025-09-25T23:04:34.542889" elapsed="0.013296"/>
</if>
<status status="PASS" start="2025-09-25T23:04:33.407405" elapsed="1.149094"/>
</kw>
<kw name="Go To Customers Page" owner="CustomerPage">
<kw name="Click Element" owner="SeleniumLibrary">
<msg time="2025-09-25T23:04:34.576861" level="INFO">Clicking element '(//p[text()="Customers"])[2]'.</msg>
<arg>${nav_btn_customers}</arg>
<doc>Click the element identified by ``locator``.</doc>
<status status="PASS" start="2025-09-25T23:04:34.576374" elapsed="0.565141"/>
</kw>
<kw name="Wait Until Element Is Visible" owner="SeleniumLibrary">
<arg>//table//tbody</arg>
<doc>Waits until the element ``locator`` is visible.</doc>
<status status="PASS" start="2025-09-25T23:04:35.142149" elapsed="0.730880"/>
</kw>
<kw name="Wait Until Element Is Visible" owner="SeleniumLibrary">
<arg>${customers_btn_create}</arg>
<doc>Waits until the element ``locator`` is visible.</doc>
<status status="PASS" start="2025-09-25T23:04:35.873430" elapsed="0.019600"/>
</kw>
<status status="PASS" start="2025-09-25T23:04:34.574667" elapsed="1.318629"/>
</kw>
<kw name=" Add First 5 Users From API" owner="Test1">
<kw name="Get Users From Api" owner="CustomLibrary">
<msg time="2025-09-25T23:04:36.386143" level="INFO">c:\Users\user\QA\rfenv\Lib\site-packages\urllib3\connectionpool.py:1097: InsecureRequestWarning: Unverified HTTPS request is being made to host 'jsonplaceholder.typicode.com'. Adding certificate verification is strongly advised. See: https://urllib3.readthedocs.io/en/latest/advanced-usage.html#tls-warnings
  warnings.warn(</msg>
<msg time="2025-09-25T23:04:36.388213" level="INFO">${users} = [{'id': 1, 'name': 'Leanne Graham', 'username': 'Bret', 'email': 'Sincere@april.biz', 'address': {'street': 'Kulas Light', 'suite': 'Apt. 556', 'city': 'Gwenborough', 'zipcode': '92998-3874', 'geo': {...</msg>
<var>${users}</var>
<status status="PASS" start="2025-09-25T23:04:35.894993" elapsed="0.493479"/>
</kw>
<kw name="Add Users" owner="Test1">
<for flavor="IN">
<iter>
<kw name="Go To Customers Page" owner="CustomerPage">
<kw name="Click Element" owner="SeleniumLibrary">
<msg time="2025-09-25T23:04:36.393914" level="INFO">Clicking element '(//p[text()="Customers"])[2]'.</msg>
<arg>${nav_btn_customers}</arg>
<doc>Click the element identified by ``locator``.</doc>
<status status="PASS" start="2025-09-25T23:04:36.393300" elapsed="0.109826"/>
</kw>
<kw name="Wait Until Element Is Visible" owner="SeleniumLibrary">
<arg>//table//tbody</arg>
<doc>Waits until the element ``locator`` is visible.</doc>
<status status="PASS" start="2025-09-25T23:04:36.503560" elapsed="0.065524"/>
</kw>
<kw name="Wait Until Element Is Visible" owner="SeleniumLibrary">
<arg>${customers_btn_create}</arg>
<doc>Waits until the element ``locator`` is visible.</doc>
<status status="PASS" start="2025-09-25T23:04:36.569477" elapsed="0.023056"/>
</kw>
<status status="PASS" start="2025-09-25T23:04:36.392523" elapsed="0.200322"/>
</kw>
<kw name="Click Element" owner="SeleniumLibrary">
<msg time="2025-09-25T23:04:36.593584" level="INFO">Clicking element '//a[@aria-label="Create"]'.</msg>
<arg>${customers_btn_create}</arg>
<doc>Click the element identified by ``locator``.</doc>
<status status="PASS" start="2025-09-25T23:04:36.593173" elapsed="0.148384"/>
</kw>
<kw name="Wait Until Element Is Visible" owner="SeleniumLibrary">
<arg>${customers_txt_firstname}</arg>
<doc>Waits until the element ``locator`` is visible.</doc>
<status status="PASS" start="2025-09-25T23:04:36.742180" elapsed="0.490055"/>
</kw>
<kw name="Verify And Input User Data" owner="Test1">
<kw name="Set Variable" owner="BuiltIn">
<msg time="2025-09-25T23:04:37.236661" level="INFO">${first_name} = Leanne</msg>
<var>${first_name}</var>
<arg>${user["first_name"]}</arg>
<doc>Returns the given values which can then be assigned to a variables.</doc>
<status status="PASS" start="2025-09-25T23:04:37.234232" elapsed="0.002689"/>
</kw>
<kw name="Set Variable" owner="BuiltIn">
<msg time="2025-09-25T23:04:37.238561" level="INFO">${last_name} = Graham</msg>
<var>${last_name}</var>
<arg>${user["last_name"]}</arg>
<doc>Returns the given values which can then be assigned to a variables.</doc>
<status status="PASS" start="2025-09-25T23:04:37.237214" elapsed="0.001572"/>
</kw>
<kw name="Clear Element Text" owner="SeleniumLibrary">
<arg>${customers_txt_firstname}</arg>
<doc>Clears the value of the text-input-element identified by ``locator``.</doc>
<status status="PASS" start="2025-09-25T23:04:37.239073" elapsed="0.069773"/>
</kw>
<kw name="Input Text" owner="SeleniumLibrary">
<msg time="2025-09-25T23:04:37.309605" level="INFO">Typing text 'Leanne' into text field '//input[@name="first_name"]'.</msg>
<arg>${customers_txt_firstname}</arg>
<arg>${first_name}</arg>
<doc>Types the given ``text`` into the text field identified by ``locator``.</doc>
<status status="PASS" start="2025-09-25T23:04:37.309171" elapsed="0.162627"/>
</kw>
<kw name="Get Value" owner="SeleniumLibrary">
<msg time="2025-09-25T23:04:37.520118" level="INFO">${fetched_first_name} = Leanne</msg>
<var>${fetched_first_name}</var>
<arg>${customers_txt_firstname}</arg>
<doc>Returns the value attribute of the element identified by ``locator``.</doc>
<status status="PASS" start="2025-09-25T23:04:37.472932" elapsed="0.047489"/>
</kw>
<kw name="Should Be Equal As Strings" owner="BuiltIn">
<arg>${fetched_first_name}</arg>
<arg>${first_name}</arg>
<doc>Fails if objects are unequal after converting them to strings.</doc>
<status status="PASS" start="2025-09-25T23:04:37.521586" elapsed="0.001077"/>
</kw>
<kw name="Clear Element Text" owner="SeleniumLibrary">
<arg>${customers_txt_lastname}</arg>
<doc>Clears the value of the text-input-element identified by ``locator``.</doc>
<status status="PASS" start="2025-09-25T23:04:37.523428" elapsed="0.113294"/>
</kw>
<kw name="Input Text" owner="SeleniumLibrary">
<msg time="2025-09-25T23:04:37.641167" level="INFO">Typing text 'Graham' into text field '//input[@name="last_name"]'.</msg>
<arg>${customers_txt_lastname}</arg>
<arg>${last_name}</arg>
<doc>Types the given ``text`` into the text field identified by ``locator``.</doc>
<status status="PASS" start="2025-09-25T23:04:37.637257" elapsed="0.167740"/>
</kw>
<kw name="Get Value" owner="SeleniumLibrary">
<msg time="2025-09-25T23:04:37.833952" level="INFO">${fetched_last_name} = Graham</msg>
<var>${fetched_last_name}</var>
<arg>${customers_txt_lastname}</arg>
<doc>Returns the value attribute of the element identified by ``locator``.</doc>
<status status="PASS" start="2025-09-25T23:04:37.805944" elapsed="0.028214"/>
</kw>
<kw name="Should Be Equal As Strings" owner="BuiltIn">
<arg>${fetched_last_name}</arg>
<arg>${last_name}</arg>
<doc>Fails if objects are unequal after converting them to strings.</doc>
<status status="PASS" start="2025-09-25T23:04:37.834386" elapsed="0.000297"/>
</kw>
<kw name="Clear Element Text" owner="SeleniumLibrary">
<arg>${customers_txt_email}</arg>
<doc>Clears the value of the text-input-element identified by ``locator``.</doc>
<status status="PASS" start="2025-09-25T23:04:37.834866" elapsed="0.047807"/>
</kw>
<kw name="Input Text" owner="SeleniumLibrary">
<msg time="2025-09-25T23:04:37.883852" level="INFO">Typing text 'Sincere@april.biz' into text field '//input[@name="email"]'.</msg>
<arg>${customers_txt_email}</arg>
<arg>${user["email"]}</arg>
<doc>Types the given ``text`` into the text field identified by ``locator``.</doc>
<status status="PASS" start="2025-09-25T23:04:37.882994" elapsed="0.208817"/>
</kw>
<kw name="Get Value" owner="SeleniumLibrary">
<msg time="2025-09-25T23:04:38.116292" level="INFO">${fetched_email} = Sincere@april.biz</msg>
<var>${fetched_email}</var>
<arg>${customers_txt_email}</arg>
<doc>Returns the value attribute of the element identified by ``locator``.</doc>
<status status="PASS" start="2025-09-25T23:04:38.092358" elapsed="0.024316"/>
</kw>
<kw name="Should Be Equal As Strings" owner="BuiltIn">
<arg>${fetched_email}</arg>
<arg>${user["email"]}</arg>
<doc>Fails if objects are unequal after converting them to strings.</doc>
<status status="PASS" start="2025-09-25T23:04:38.117065" elapsed="0.001338"/>
</kw>
<kw name="Input Text" owner="SeleniumLibrary">
<msg time="2025-09-25T23:04:38.120299" level="INFO">Typing text '06091999' into text field '//input[@name="birthday"]'.</msg>
<arg>${customers_txt_birthday}</arg>
<arg>${user["birthday"]}</arg>
<doc>Types the given ``text`` into the text field identified by ``locator``.</doc>
<status status="PASS" start="2025-09-25T23:04:38.118878" elapsed="0.241389"/>
</kw>
<kw name="Clear Element Text" owner="SeleniumLibrary">
<arg>${customers_txt_address}</arg>
<doc>Clears the value of the text-input-element identified by ``locator``.</doc>
<status status="PASS" start="2025-09-25T23:04:38.360780" elapsed="0.032614"/>
</kw>
<kw name="Input Text" owner="SeleniumLibrary">
<msg time="2025-09-25T23:04:38.394867" level="INFO">Typing text 'Kulas Light Apt. 556' into text field '//textarea[@name="address"]'.</msg>
<arg>${customers_txt_address}</arg>
<arg>${user["address"]["street"]} ${user["address"]["suite"]}</arg>
<doc>Types the given ``text`` into the text field identified by ``locator``.</doc>
<status status="PASS" start="2025-09-25T23:04:38.393693" elapsed="0.297393"/>
</kw>
<kw name="Get Value" owner="SeleniumLibrary">
<msg time="2025-09-25T23:04:38.737107" level="INFO">${fetched_address} = Kulas Light Apt. 556</msg>
<var>${fetched_address}</var>
<arg>${customers_txt_address}</arg>
<doc>Returns the value attribute of the element identified by ``locator``.</doc>
<status status="PASS" start="2025-09-25T23:04:38.691705" elapsed="0.048203"/>
</kw>
<kw name="Should Be Equal As Strings" owner="BuiltIn">
<arg>${fetched_address}</arg>
<arg>${user["address"]["street"]} ${user["address"]["suite"]}</arg>
<doc>Fails if objects are unequal after converting them to strings.</doc>
<status status="PASS" start="2025-09-25T23:04:38.740425" elapsed="0.003043"/>
</kw>
<kw name="Clear Element Text" owner="SeleniumLibrary">
<arg>${customers_txt_city}</arg>
<doc>Clears the value of the text-input-element identified by ``locator``.</doc>
<status status="PASS" start="2025-09-25T23:04:38.744969" elapsed="0.127743"/>
</kw>
<kw name="Input Text" owner="SeleniumLibrary">
<msg time="2025-09-25T23:04:38.874211" level="INFO">Typing text 'Gwenborough' into text field '//input[@name="city"]'.</msg>
<arg>${customers_txt_city}</arg>
<arg>${user["address"]["city"]}</arg>
<doc>Types the given ``text`` into the text field identified by ``locator``.</doc>
<status status="PASS" start="2025-09-25T23:04:38.873085" elapsed="0.285475"/>
</kw>
<kw name="Get Value" owner="SeleniumLibrary">
<msg time="2025-09-25T23:04:39.199553" level="INFO">${fetched_city} = Gwenborough</msg>
<var>${fetched_city}</var>
<arg>${customers_txt_city}</arg>
<doc>Returns the value attribute of the element identified by ``locator``.</doc>
<status status="PASS" start="2025-09-25T23:04:39.159350" elapsed="0.040601"/>
</kw>
<kw name="Should Be Equal As Strings" owner="BuiltIn">
<arg>${fetched_city}</arg>
<arg>${user["address"]["city"]}</arg>
<doc>Fails if objects are unequal after converting them to strings.</doc>
<status status="PASS" start="2025-09-25T23:04:39.200343" elapsed="0.001551"/>
</kw>
<kw name="Clear Element Text" owner="SeleniumLibrary">
<arg>${customers_txt_stateAbbr}</arg>
<doc>Clears the value of the text-input-element identified by ``locator``.</doc>
<status status="PASS" start="2025-09-25T23:04:39.202698" elapsed="0.310455"/>
</kw>
<kw name="Input Text" owner="SeleniumLibrary">
<msg time="2025-09-25T23:04:39.515420" level="INFO">Typing text 'KU' into text field '//input[@name="stateAbbr"]'.</msg>
<arg>${customers_txt_stateAbbr}</arg>
<arg>${user["address"]["stateAbbr"]}</arg>
<doc>Types the given ``text`` into the text field identified by ``locator``.</doc>
<status status="PASS" start="2025-09-25T23:04:39.513642" elapsed="0.253697"/>
</kw>
<kw name="Get Value" owner="SeleniumLibrary">
<msg time="2025-09-25T23:04:39.799640" level="INFO">${fetched_state} = KU</msg>
<var>${fetched_state}</var>
<arg>${customers_txt_stateAbbr}</arg>
<doc>Returns the value attribute of the element identified by ``locator``.</doc>
<status status="PASS" start="2025-09-25T23:04:39.767732" elapsed="0.032276"/>
</kw>
<kw name="Should Be Equal As Strings" owner="BuiltIn">
<arg>${fetched_state}</arg>
<arg>${user["address"]["stateAbbr"]}</arg>
<doc>Fails if objects are unequal after converting them to strings.</doc>
<status status="PASS" start="2025-09-25T23:04:39.800485" elapsed="0.001319"/>
</kw>
<kw name="Clear Element Text" owner="SeleniumLibrary">
<arg>${customers_txt_zipcode}</arg>
<doc>Clears the value of the text-input-element identified by ``locator``.</doc>
<status status="PASS" start="2025-09-25T23:04:39.802248" elapsed="0.285005"/>
</kw>
<kw name="Input Text" owner="SeleniumLibrary">
<msg time="2025-09-25T23:04:40.089023" level="INFO">Typing text '92998-3874' into text field '//input[@name="zipcode"]'.</msg>
<arg>${customers_txt_zipcode}</arg>
<arg>${user["address"]["zipcode"]}</arg>
<doc>Types the given ``text`` into the text field identified by ``locator``.</doc>
<status status="PASS" start="2025-09-25T23:04:40.087720" elapsed="0.370040"/>
</kw>
<kw name="Get Value" owner="SeleniumLibrary">
<msg time="2025-09-25T23:04:40.518008" level="INFO">${fetched_zipcode} = 92998-3874</msg>
<var>${fetched_zipcode}</var>
<arg>${customers_txt_zipcode}</arg>
<doc>Returns the value attribute of the element identified by ``locator``.</doc>
<status status="PASS" start="2025-09-25T23:04:40.458595" elapsed="0.059735"/>
</kw>
<kw name="Should Be Equal As Strings" owner="BuiltIn">
<arg>${fetched_zipcode}</arg>
<arg>${user["address"]["zipcode"]}</arg>
<doc>Fails if objects are unequal after converting them to strings.</doc>
<status status="PASS" start="2025-09-25T23:04:40.518821" elapsed="0.001300"/>
</kw>
<kw name="Clear Element Text" owner="SeleniumLibrary">
<arg>${customers_txt_password}</arg>
<doc>Clears the value of the text-input-element identified by ``locator``.</doc>
<status status="PASS" start="2025-09-25T23:04:40.535700" elapsed="0.168186"/>
</kw>
<kw name="Input Text" owner="SeleniumLibrary">
<msg time="2025-09-25T23:04:40.705306" level="INFO">Typing text 'bh!bCTa8' into text field '//input[@name="password"]'.</msg>
<arg>${customers_txt_password}</arg>
<arg>${user["password"]}</arg>
<doc>Types the given ``text`` into the text field identified by ``locator``.</doc>
<status status="PASS" start="2025-09-25T23:04:40.704299" elapsed="0.189032"/>
</kw>
<kw name="Get Value" owner="SeleniumLibrary">
<msg time="2025-09-25T23:04:40.916808" level="INFO">${fetched_password} = bh!bCTa8</msg>
<var>${fetched_password}</var>
<arg>${customers_txt_password}</arg>
<doc>Returns the value attribute of the element identified by ``locator``.</doc>
<status status="PASS" start="2025-09-25T23:04:40.893865" elapsed="0.023183"/>
</kw>
<kw name="Should Be Equal As Strings" owner="BuiltIn">
<arg>${fetched_password}</arg>
<arg>${user["password"]}</arg>
<doc>Fails if objects are unequal after converting them to strings.</doc>
<status status="PASS" start="2025-09-25T23:04:40.917297" elapsed="0.000784"/>
</kw>
<kw name="Clear Element Text" owner="SeleniumLibrary">
<arg>${customers_txt_confirm_password}</arg>
<doc>Clears the value of the text-input-element identified by ``locator``.</doc>
<status status="PASS" start="2025-09-25T23:04:40.918328" elapsed="0.074715"/>
</kw>
<kw name="Input Text" owner="SeleniumLibrary">
<msg time="2025-09-25T23:04:40.994146" level="INFO">Typing text 'bh!bCTa8' into text field '//input[@name="confirm_password"]'.</msg>
<arg>${customers_txt_confirm_password}</arg>
<arg>${user["password"]}</arg>
<doc>Types the given ``text`` into the text field identified by ``locator``.</doc>
<status status="PASS" start="2025-09-25T23:04:40.993357" elapsed="0.134242"/>
</kw>
<kw name="Get Value" owner="SeleniumLibrary">
<msg time="2025-09-25T23:04:41.147122" level="INFO">${fetched_confirm_password} = bh!bCTa8</msg>
<var>${fetched_confirm_password}</var>
<arg>${customers_txt_confirm_password}</arg>
<doc>Returns the value attribute of the element identified by ``locator``.</doc>
<status status="PASS" start="2025-09-25T23:04:41.128230" elapsed="0.019094"/>
</kw>
<kw name="Should Be Equal As Strings" owner="BuiltIn">
<arg>${fetched_confirm_password}</arg>
<arg>${user["password"]}</arg>
<doc>Fails if objects are unequal after converting them to strings.</doc>
<status status="PASS" start="2025-09-25T23:04:41.147550" elapsed="0.000765"/>
</kw>
<arg>${user}</arg>
<status status="PASS" start="2025-09-25T23:04:37.233341" elapsed="3.915119"/>
</kw>
<kw name="Click Button" owner="SeleniumLibrary">
<msg time="2025-09-25T23:04:41.148868" level="INFO">Clicking button '//button[@aria-label="Save"]'.</msg>
<arg>${customers_txt_save}</arg>
<doc>Clicks the button identified by ``locator``.</doc>
<status status="PASS" start="2025-09-25T23:04:41.148629" elapsed="0.169642"/>
</kw>
<kw name="Wait Until Page Contains" owner="SeleniumLibrary">
<arg>Customer created</arg>
<doc>Waits until ``text`` appears on the current page.</doc>
<status status="PASS" start="2025-09-25T23:04:41.318657" elapsed="0.709869"/>
</kw>
<kw name="Go To Customers Page" owner="CustomerPage">
<kw name="Click Element" owner="SeleniumLibrary">
<msg time="2025-09-25T23:04:42.030293" level="INFO">Clicking element '(//p[text()="Customers"])[2]'.</msg>
<arg>${nav_btn_customers}</arg>
<doc>Click the element identified by ``locator``.</doc>
<status status="PASS" start="2025-09-25T23:04:42.029723" elapsed="0.363200"/>
</kw>
<kw name="Wait Until Element Is Visible" owner="SeleniumLibrary">
<arg>//table//tbody</arg>
<doc>Waits until the element ``locator`` is visible.</doc>
<status status="PASS" start="2025-09-25T23:04:42.393359" elapsed="0.439003"/>
</kw>
<kw name="Wait Until Element Is Visible" owner="SeleniumLibrary">
<arg>${customers_btn_create}</arg>
<doc>Waits until the element ``locator`` is visible.</doc>
<status status="PASS" start="2025-09-25T23:04:42.832886" elapsed="0.087039"/>
</kw>
<status status="PASS" start="2025-09-25T23:04:42.029069" elapsed="0.891184"/>
</kw>
<kw name="Refresh Customer Table Data" owner="Test1">
<kw name="Wait Until Element Is Visible" owner="SeleniumLibrary">
<arg>${btn_refresh}</arg>
<doc>Waits until the element ``locator`` is visible.</doc>
<status status="PASS" start="2025-09-25T23:04:42.923146" elapsed="0.316261"/>
</kw>
<kw name="Click Element" owner="SeleniumLibrary">
<msg time="2025-09-25T23:04:43.240833" level="INFO">Clicking element '//button[@aria-label="Refresh"]'.</msg>
<arg>${btn_refresh}</arg>
<doc>Click the element identified by ``locator``.</doc>
<status status="PASS" start="2025-09-25T23:04:43.240137" elapsed="0.384113"/>
</kw>
<kw name="Wait Until Element Is Visible" owner="SeleniumLibrary">
<arg>${loading_icon}</arg>
<arg>timeout=5s</arg>
<doc>Waits until the element ``locator`` is visible.</doc>
<status status="PASS" start="2025-09-25T23:04:43.624691" elapsed="0.071629"/>
</kw>
<kw name="Wait Until Element Is Not Visible" owner="SeleniumLibrary">
<arg>${loading_icon}</arg>
<arg>timeout=15s</arg>
<doc>Waits until the element ``locator`` is not visible.</doc>
<status status="PASS" start="2025-09-25T23:04:43.696878" elapsed="0.355160"/>
</kw>
<kw name="Wait Until Element Is Visible" owner="SeleniumLibrary">
<arg>//table//tbody</arg>
<doc>Waits until the element ``locator`` is visible.</doc>
<status status="PASS" start="2025-09-25T23:04:44.052629" elapsed="0.030113"/>
</kw>
<status status="PASS" start="2025-09-25T23:04:42.921749" elapsed="1.161396"/>
</kw>
<var name="${user}">{'id': 1, 'name': 'Leanne Graham', 'username': 'Bret', 'email': 'Sincere@april.biz', 'address': {'street': 'Kulas Light', 'suite': 'Apt. 556', 'city': 'Gwenborough', 'zipcode': '92998-3874', 'geo': {'...</var>
<status status="PASS" start="2025-09-25T23:04:36.391754" elapsed="7.691746"/>
</iter>
<iter>
<kw name="Go To Customers Page" owner="CustomerPage">
<kw name="Click Element" owner="SeleniumLibrary">
<msg time="2025-09-25T23:04:44.086062" level="INFO">Clicking element '(//p[text()="Customers"])[2]'.</msg>
<arg>${nav_btn_customers}</arg>
<doc>Click the element identified by ``locator``.</doc>
<status status="PASS" start="2025-09-25T23:04:44.085404" elapsed="0.125895"/>
</kw>
<kw name="Wait Until Element Is Visible" owner="SeleniumLibrary">
<arg>//table//tbody</arg>
<doc>Waits until the element ``locator`` is visible.</doc>
<status status="PASS" start="2025-09-25T23:04:44.211989" elapsed="0.057588"/>
</kw>
<kw name="Wait Until Element Is Visible" owner="SeleniumLibrary">
<arg>${customers_btn_create}</arg>
<doc>Waits until the element ``locator`` is visible.</doc>
<status status="PASS" start="2025-09-25T23:04:44.269898" elapsed="0.027371"/>
</kw>
<status status="PASS" start="2025-09-25T23:04:44.084684" elapsed="0.212979"/>
</kw>
<kw name="Click Element" owner="SeleniumLibrary">
<msg time="2025-09-25T23:04:44.298534" level="INFO">Clicking element '//a[@aria-label="Create"]'.</msg>
<arg>${customers_btn_create}</arg>
<doc>Click the element identified by ``locator``.</doc>
<status status="PASS" start="2025-09-25T23:04:44.298032" elapsed="0.193507"/>
</kw>
<kw name="Wait Until Element Is Visible" owner="SeleniumLibrary">
<arg>${customers_txt_firstname}</arg>
<doc>Waits until the element ``locator`` is visible.</doc>
<status status="PASS" start="2025-09-25T23:04:44.492078" elapsed="0.138539"/>
</kw>
<kw name="Verify And Input User Data" owner="Test1">
<kw name="Set Variable" owner="BuiltIn">
<msg time="2025-09-25T23:04:44.632578" level="INFO">${first_name} = Ervin</msg>
<var>${first_name}</var>
<arg>${user["first_name"]}</arg>
<doc>Returns the given values which can then be assigned to a variables.</doc>
<status status="PASS" start="2025-09-25T23:04:44.631656" elapsed="0.001116"/>
</kw>
<kw name="Set Variable" owner="BuiltIn">
<msg time="2025-09-25T23:04:44.633912" level="INFO">${last_name} = Howell</msg>
<var>${last_name}</var>
<arg>${user["last_name"]}</arg>
<doc>Returns the given values which can then be assigned to a variables.</doc>
<status status="PASS" start="2025-09-25T23:04:44.633077" elapsed="0.000997"/>
</kw>
<kw name="Clear Element Text" owner="SeleniumLibrary">
<arg>${customers_txt_firstname}</arg>
<doc>Clears the value of the text-input-element identified by ``locator``.</doc>
<status status="PASS" start="2025-09-25T23:04:44.634866" elapsed="0.209484"/>
</kw>
<kw name="Input Text" owner="SeleniumLibrary">
<msg time="2025-09-25T23:04:44.845277" level="INFO">Typing text 'Ervin' into text field '//input[@name="first_name"]'.</msg>
<arg>${customers_txt_firstname}</arg>
<arg>${first_name}</arg>
<doc>Types the given ``text`` into the text field identified by ``locator``.</doc>
<status status="PASS" start="2025-09-25T23:04:44.844799" elapsed="0.188333"/>
</kw>
<kw name="Get Value" owner="SeleniumLibrary">
<msg time="2025-09-25T23:04:45.050744" level="INFO">${fetched_first_name} = Ervin</msg>
<var>${fetched_first_name}</var>
<arg>${customers_txt_firstname}</arg>
<doc>Returns the value attribute of the element identified by ``locator``.</doc>
<status status="PASS" start="2025-09-25T23:04:45.033554" elapsed="0.017406"/>
</kw>
<kw name="Should Be Equal As Strings" owner="BuiltIn">
<arg>${fetched_first_name}</arg>
<arg>${first_name}</arg>
<doc>Fails if objects are unequal after converting them to strings.</doc>
<status status="PASS" start="2025-09-25T23:04:45.051201" elapsed="0.000350"/>
</kw>
<kw name="Clear Element Text" owner="SeleniumLibrary">
<arg>${customers_txt_lastname}</arg>
<doc>Clears the value of the text-input-element identified by ``locator``.</doc>
<status status="PASS" start="2025-09-25T23:04:45.051723" elapsed="0.074873"/>
</kw>
<kw name="Input Text" owner="SeleniumLibrary">
<msg time="2025-09-25T23:04:45.127230" level="INFO">Typing text 'Howell' into text field '//input[@name="last_name"]'.</msg>
<arg>${customers_txt_lastname}</arg>
<arg>${last_name}</arg>
<doc>Types the given ``text`` into the text field identified by ``locator``.</doc>
<status status="PASS" start="2025-09-25T23:04:45.126889" elapsed="0.142163"/>
</kw>
<kw name="Get Value" owner="SeleniumLibrary">
<msg time="2025-09-25T23:04:45.293814" level="INFO">${fetched_last_name} = Howell</msg>
<var>${fetched_last_name}</var>
<arg>${customers_txt_lastname}</arg>
<doc>Returns the value attribute of the element identified by ``locator``.</doc>
<status status="PASS" start="2025-09-25T23:04:45.269654" elapsed="0.024368"/>
</kw>
<kw name="Should Be Equal As Strings" owner="BuiltIn">
<arg>${fetched_last_name}</arg>
<arg>${last_name}</arg>
<doc>Fails if objects are unequal after converting them to strings.</doc>
<status status="PASS" start="2025-09-25T23:04:45.294352" elapsed="0.000446"/>
</kw>
<kw name="Clear Element Text" owner="SeleniumLibrary">
<arg>${customers_txt_email}</arg>
<doc>Clears the value of the text-input-element identified by ``locator``.</doc>
<status status="PASS" start="2025-09-25T23:04:45.295054" elapsed="0.036003"/>
</kw>
<kw name="Input Text" owner="SeleniumLibrary">
<msg time="2025-09-25T23:04:45.332127" level="INFO">Typing text 'Shanna@melissa.tv' into text field '//input[@name="email"]'.</msg>
<arg>${customers_txt_email}</arg>
<arg>${user["email"]}</arg>
<doc>Types the given ``text`` into the text field identified by ``locator``.</doc>
<status status="PASS" start="2025-09-25T23:04:45.331336" elapsed="0.220674"/>
</kw>
<kw name="Get Value" owner="SeleniumLibrary">
<msg time="2025-09-25T23:04:45.592859" level="INFO">${fetched_email} = Shanna@melissa.tv</msg>
<var>${fetched_email}</var>
<arg>${customers_txt_email}</arg>
<doc>Returns the value attribute of the element identified by ``locator``.</doc>
<status status="PASS" start="2025-09-25T23:04:45.552495" elapsed="0.040645"/>
</kw>
<kw name="Should Be Equal As Strings" owner="BuiltIn">
<arg>${fetched_email}</arg>
<arg>${user["email"]}</arg>
<doc>Fails if objects are unequal after converting them to strings.</doc>
<status status="PASS" start="2025-09-25T23:04:45.593537" elapsed="0.001116"/>
</kw>
<kw name="Input Text" owner="SeleniumLibrary">
<msg time="2025-09-25T23:04:45.596121" level="INFO">Typing text '02132004' into text field '//input[@name="birthday"]'.</msg>
<arg>${customers_txt_birthday}</arg>
<arg>${user["birthday"]}</arg>
<doc>Types the given ``text`` into the text field identified by ``locator``.</doc>
<status status="PASS" start="2025-09-25T23:04:45.595010" elapsed="0.146767"/>
</kw>
<kw name="Clear Element Text" owner="SeleniumLibrary">
<arg>${customers_txt_address}</arg>
<doc>Clears the value of the text-input-element identified by ``locator``.</doc>
<status status="PASS" start="2025-09-25T23:04:45.742067" elapsed="0.032501"/>
</kw>
<kw name="Input Text" owner="SeleniumLibrary">
<msg time="2025-09-25T23:04:45.775996" level="INFO">Typing text 'Victor Plains Suite 879' into text field '//textarea[@name="address"]'.</msg>
<arg>${customers_txt_address}</arg>
<arg>${user["address"]["street"]} ${user["address"]["suite"]}</arg>
<doc>Types the given ``text`` into the text field identified by ``locator``.</doc>
<status status="PASS" start="2025-09-25T23:04:45.774863" elapsed="0.255863"/>
</kw>
<kw name="Get Value" owner="SeleniumLibrary">
<msg time="2025-09-25T23:04:46.049794" level="INFO">${fetched_address} = Victor Plains Suite 879</msg>
<var>${fetched_address}</var>
<arg>${customers_txt_address}</arg>
<doc>Returns the value attribute of the element identified by ``locator``.</doc>
<status status="PASS" start="2025-09-25T23:04:46.031285" elapsed="0.018718"/>
</kw>
<kw name="Should Be Equal As Strings" owner="BuiltIn">
<arg>${fetched_address}</arg>
<arg>${user["address"]["street"]} ${user["address"]["suite"]}</arg>
<doc>Fails if objects are unequal after converting them to strings.</doc>
<status status="PASS" start="2025-09-25T23:04:46.050236" elapsed="0.001885"/>
</kw>
<kw name="Clear Element Text" owner="SeleniumLibrary">
<arg>${customers_txt_city}</arg>
<doc>Clears the value of the text-input-element identified by ``locator``.</doc>
<status status="PASS" start="2025-09-25T23:04:46.052402" elapsed="0.062877"/>
</kw>
<kw name="Input Text" owner="SeleniumLibrary">
<msg time="2025-09-25T23:04:46.116275" level="INFO">Typing text 'Wisokyburgh' into text field '//input[@name="city"]'.</msg>
<arg>${customers_txt_city}</arg>
<arg>${user["address"]["city"]}</arg>
<doc>Types the given ``text`` into the text field identified by ``locator``.</doc>
<status status="PASS" start="2025-09-25T23:04:46.115567" elapsed="0.145504"/>
</kw>
<kw name="Get Value" owner="SeleniumLibrary">
<msg time="2025-09-25T23:04:46.280658" level="INFO">${fetched_city} = Wisokyburgh</msg>
<var>${fetched_city}</var>
<arg>${customers_txt_city}</arg>
<doc>Returns the value attribute of the element identified by ``locator``.</doc>
<status status="PASS" start="2025-09-25T23:04:46.261690" elapsed="0.019179"/>
</kw>
<kw name="Should Be Equal As Strings" owner="BuiltIn">
<arg>${fetched_city}</arg>
<arg>${user["address"]["city"]}</arg>
<doc>Fails if objects are unequal after converting them to strings.</doc>
<status status="PASS" start="2025-09-25T23:04:46.281107" elapsed="0.000745"/>
</kw>
<kw name="Clear Element Text" owner="SeleniumLibrary">
<arg>${customers_txt_stateAbbr}</arg>
<doc>Clears the value of the text-input-element identified by ``locator``.</doc>
<status status="PASS" start="2025-09-25T23:04:46.282073" elapsed="0.078821"/>
</kw>
<kw name="Input Text" owner="SeleniumLibrary">
<msg time="2025-09-25T23:04:46.361979" level="INFO">Typing text 'VI' into text field '//input[@name="stateAbbr"]'.</msg>
<arg>${customers_txt_stateAbbr}</arg>
<arg>${user["address"]["stateAbbr"]}</arg>
<doc>Types the given ``text`` into the text field identified by ``locator``.</doc>
<status status="PASS" start="2025-09-25T23:04:46.361207" elapsed="0.151734"/>
</kw>
<kw name="Get Value" owner="SeleniumLibrary">
<msg time="2025-09-25T23:04:46.530676" level="INFO">${fetched_state} = VI</msg>
<var>${fetched_state}</var>
<arg>${customers_txt_stateAbbr}</arg>
<doc>Returns the value attribute of the element identified by ``locator``.</doc>
<status status="PASS" start="2025-09-25T23:04:46.513381" elapsed="0.017499"/>
</kw>
<kw name="Should Be Equal As Strings" owner="BuiltIn">
<arg>${fetched_state}</arg>
<arg>${user["address"]["stateAbbr"]}</arg>
<doc>Fails if objects are unequal after converting them to strings.</doc>
<status status="PASS" start="2025-09-25T23:04:46.531102" elapsed="0.000681"/>
</kw>
<kw name="Clear Element Text" owner="SeleniumLibrary">
<arg>${customers_txt_zipcode}</arg>
<doc>Clears the value of the text-input-element identified by ``locator``.</doc>
<status status="PASS" start="2025-09-25T23:04:46.531960" elapsed="0.050453"/>
</kw>
<kw name="Input Text" owner="SeleniumLibrary">
<msg time="2025-09-25T23:04:46.583395" level="INFO">Typing text '90566-7771' into text field '//input[@name="zipcode"]'.</msg>
<arg>${customers_txt_zipcode}</arg>
<arg>${user["address"]["zipcode"]}</arg>
<doc>Types the given ``text`` into the text field identified by ``locator``.</doc>
<status status="PASS" start="2025-09-25T23:04:46.582690" elapsed="0.179878"/>
</kw>
<kw name="Get Value" owner="SeleniumLibrary">
<msg time="2025-09-25T23:04:46.786851" level="INFO">${fetched_zipcode} = 90566-7771</msg>
<var>${fetched_zipcode}</var>
<arg>${customers_txt_zipcode}</arg>
<doc>Returns the value attribute of the element identified by ``locator``.</doc>
<status status="PASS" start="2025-09-25T23:04:46.762985" elapsed="0.024468"/>
</kw>
<kw name="Should Be Equal As Strings" owner="BuiltIn">
<arg>${fetched_zipcode}</arg>
<arg>${user["address"]["zipcode"]}</arg>
<doc>Fails if objects are unequal after converting them to strings.</doc>
<status status="PASS" start="2025-09-25T23:04:46.788222" elapsed="0.002082"/>
</kw>
<kw name="Clear Element Text" owner="SeleniumLibrary">
<arg>${customers_txt_password}</arg>
<doc>Clears the value of the text-input-element identified by ``locator``.</doc>
<status status="PASS" start="2025-09-25T23:04:46.790930" elapsed="0.057576"/>
</kw>
<kw name="Input Text" owner="SeleniumLibrary">
<msg time="2025-09-25T23:04:46.849764" level="INFO">Typing text '7G##1Fay' into text field '//input[@name="password"]'.</msg>
<arg>${customers_txt_password}</arg>
<arg>${user["password"]}</arg>
<doc>Types the given ``text`` into the text field identified by ``locator``.</doc>
<status status="PASS" start="2025-09-25T23:04:46.848852" elapsed="0.145248"/>
</kw>
<kw name="Get Value" owner="SeleniumLibrary">
<msg time="2025-09-25T23:04:47.026880" level="INFO">${fetched_password} = 7G##1Fay</msg>
<var>${fetched_password}</var>
<arg>${customers_txt_password}</arg>
<doc>Returns the value attribute of the element identified by ``locator``.</doc>
<status status="PASS" start="2025-09-25T23:04:46.994614" elapsed="0.032523"/>
</kw>
<kw name="Should Be Equal As Strings" owner="BuiltIn">
<arg>${fetched_password}</arg>
<arg>${user["password"]}</arg>
<doc>Fails if objects are unequal after converting them to strings.</doc>
<status status="PASS" start="2025-09-25T23:04:47.027451" elapsed="0.000911"/>
</kw>
<kw name="Clear Element Text" owner="SeleniumLibrary">
<arg>${customers_txt_confirm_password}</arg>
<doc>Clears the value of the text-input-element identified by ``locator``.</doc>
<status status="PASS" start="2025-09-25T23:04:47.028614" elapsed="0.213543"/>
</kw>
<kw name="Input Text" owner="SeleniumLibrary">
<msg time="2025-09-25T23:04:47.244467" level="INFO">Typing text '7G##1Fay' into text field '//input[@name="confirm_password"]'.</msg>
<arg>${customers_txt_confirm_password}</arg>
<arg>${user["password"]}</arg>
<doc>Types the given ``text`` into the text field identified by ``locator``.</doc>
<status status="PASS" start="2025-09-25T23:04:47.242809" elapsed="0.141047"/>
</kw>
<kw name="Get Value" owner="SeleniumLibrary">
<msg time="2025-09-25T23:04:47.401321" level="INFO">${fetched_confirm_password} = 7G##1Fay</msg>
<var>${fetched_confirm_password}</var>
<arg>${customers_txt_confirm_password}</arg>
<doc>Returns the value attribute of the element identified by ``locator``.</doc>
<status status="PASS" start="2025-09-25T23:04:47.384433" elapsed="0.017087"/>
</kw>
<kw name="Should Be Equal As Strings" owner="BuiltIn">
<arg>${fetched_confirm_password}</arg>
<arg>${user["password"]}</arg>
<doc>Fails if objects are unequal after converting them to strings.</doc>
<status status="PASS" start="2025-09-25T23:04:47.401738" elapsed="0.000792"/>
</kw>
<arg>${user}</arg>
<status status="PASS" start="2025-09-25T23:04:44.631112" elapsed="2.771561"/>
</kw>
<kw name="Click Button" owner="SeleniumLibrary">
<msg time="2025-09-25T23:04:47.403077" level="INFO">Clicking button '//button[@aria-label="Save"]'.</msg>
<arg>${customers_txt_save}</arg>
<doc>Clicks the button identified by ``locator``.</doc>
<status status="PASS" start="2025-09-25T23:04:47.402842" elapsed="0.139088"/>
</kw>
<kw name="Wait Until Page Contains" owner="SeleniumLibrary">
<arg>Customer created</arg>
<doc>Waits until ``text`` appears on the current page.</doc>
<status status="PASS" start="2025-09-25T23:04:47.542539" elapsed="0.476789"/>
</kw>
<kw name="Go To Customers Page" owner="CustomerPage">
<kw name="Click Element" owner="SeleniumLibrary">
<msg time="2025-09-25T23:04:48.022006" level="INFO">Clicking element '(//p[text()="Customers"])[2]'.</msg>
<arg>${nav_btn_customers}</arg>
<doc>Click the element identified by ``locator``.</doc>
<status status="PASS" start="2025-09-25T23:04:48.020097" elapsed="0.110491"/>
</kw>
<kw name="Wait Until Element Is Visible" owner="SeleniumLibrary">
<arg>//table//tbody</arg>
<doc>Waits until the element ``locator`` is visible.</doc>
<status status="PASS" start="2025-09-25T23:04:48.131104" elapsed="0.258257"/>
</kw>
<kw name="Wait Until Element Is Visible" owner="SeleniumLibrary">
<arg>${customers_btn_create}</arg>
<doc>Waits until the element ``locator`` is visible.</doc>
<status status="PASS" start="2025-09-25T23:04:48.390179" elapsed="0.018107"/>
</kw>
<status status="PASS" start="2025-09-25T23:04:48.019694" elapsed="0.388890"/>
</kw>
<kw name="Refresh Customer Table Data" owner="Test1">
<kw name="Wait Until Element Is Visible" owner="SeleniumLibrary">
<arg>${btn_refresh}</arg>
<doc>Waits until the element ``locator`` is visible.</doc>
<status status="PASS" start="2025-09-25T23:04:48.409550" elapsed="0.317633"/>
</kw>
<kw name="Click Element" owner="SeleniumLibrary">
<msg time="2025-09-25T23:04:48.728068" level="INFO">Clicking element '//button[@aria-label="Refresh"]'.</msg>
<arg>${btn_refresh}</arg>
<doc>Click the element identified by ``locator``.</doc>
<status status="PASS" start="2025-09-25T23:04:48.727666" elapsed="0.101667"/>
</kw>
<kw name="Wait Until Element Is Visible" owner="SeleniumLibrary">
<arg>${loading_icon}</arg>
<arg>timeout=5s</arg>
<doc>Waits until the element ``locator`` is visible.</doc>
<status status="PASS" start="2025-09-25T23:04:48.829701" elapsed="0.016940"/>
</kw>
<kw name="Wait Until Element Is Not Visible" owner="SeleniumLibrary">
<arg>${loading_icon}</arg>
<arg>timeout=15s</arg>
<doc>Waits until the element ``locator`` is not visible.</doc>
<status status="PASS" start="2025-09-25T23:04:48.846933" elapsed="0.457921"/>
</kw>
<kw name="Wait Until Element Is Visible" owner="SeleniumLibrary">
<arg>//table//tbody</arg>
<doc>Waits until the element ``locator`` is visible.</doc>
<status status="PASS" start="2025-09-25T23:04:49.306308" elapsed="0.022971"/>
</kw>
<status status="PASS" start="2025-09-25T23:04:48.408969" elapsed="0.920519"/>
</kw>
<var name="${user}">{'id': 2, 'name': 'Ervin Howell', 'username': 'Antonette', 'email': 'Shanna@melissa.tv', 'address': {'street': 'Victor Plains', 'suite': 'Suite 879', 'city': 'Wisokyburgh', 'zipcode': '90566-7771', 'g...</var>
<status status="PASS" start="2025-09-25T23:04:44.084216" elapsed="5.245363"/>
</iter>
<iter>
<kw name="Go To Customers Page" owner="CustomerPage">
<kw name="Click Element" owner="SeleniumLibrary">
<msg time="2025-09-25T23:04:49.330553" level="INFO">Clicking element '(//p[text()="Customers"])[2]'.</msg>
<arg>${nav_btn_customers}</arg>
<doc>Click the element identified by ``locator``.</doc>
<status status="PASS" start="2025-09-25T23:04:49.330326" elapsed="0.104365"/>
</kw>
<kw name="Wait Until Element Is Visible" owner="SeleniumLibrary">
<arg>//table//tbody</arg>
<doc>Waits until the element ``locator`` is visible.</doc>
<status status="PASS" start="2025-09-25T23:04:49.435049" elapsed="0.052412"/>
</kw>
<kw name="Wait Until Element Is Visible" owner="SeleniumLibrary">
<arg>${customers_btn_create}</arg>
<doc>Waits until the element ``locator`` is visible.</doc>
<status status="PASS" start="2025-09-25T23:04:49.487886" elapsed="0.022355"/>
</kw>
<status status="PASS" start="2025-09-25T23:04:49.330050" elapsed="0.180416"/>
</kw>
<kw name="Click Element" owner="SeleniumLibrary">
<msg time="2025-09-25T23:04:49.510945" level="INFO">Clicking element '//a[@aria-label="Create"]'.</msg>
<arg>${customers_btn_create}</arg>
<doc>Click the element identified by ``locator``.</doc>
<status status="PASS" start="2025-09-25T23:04:49.510655" elapsed="0.124232"/>
</kw>
<kw name="Wait Until Element Is Visible" owner="SeleniumLibrary">
<arg>${customers_txt_firstname}</arg>
<doc>Waits until the element ``locator`` is visible.</doc>
<status status="PASS" start="2025-09-25T23:04:49.635386" elapsed="0.265217"/>
</kw>
<kw name="Verify And Input User Data" owner="Test1">
<kw name="Set Variable" owner="BuiltIn">
<msg time="2025-09-25T23:04:49.902437" level="INFO">${first_name} = Clementine</msg>
<var>${first_name}</var>
<arg>${user["first_name"]}</arg>
<doc>Returns the given values which can then be assigned to a variables.</doc>
<status status="PASS" start="2025-09-25T23:04:49.901649" elapsed="0.000965"/>
</kw>
<kw name="Set Variable" owner="BuiltIn">
<msg time="2025-09-25T23:04:49.905574" level="INFO">${last_name} = Bauch</msg>
<var>${last_name}</var>
<arg>${user["last_name"]}</arg>
<doc>Returns the given values which can then be assigned to a variables.</doc>
<status status="PASS" start="2025-09-25T23:04:49.902871" elapsed="0.003471"/>
</kw>
<kw name="Clear Element Text" owner="SeleniumLibrary">
<arg>${customers_txt_firstname}</arg>
<doc>Clears the value of the text-input-element identified by ``locator``.</doc>
<status status="PASS" start="2025-09-25T23:04:49.906986" elapsed="0.093766"/>
</kw>
<kw name="Input Text" owner="SeleniumLibrary">
<msg time="2025-09-25T23:04:50.001479" level="INFO">Typing text 'Clementine' into text field '//input[@name="first_name"]'.</msg>
<arg>${customers_txt_firstname}</arg>
<arg>${first_name}</arg>
<doc>Types the given ``text`` into the text field identified by ``locator``.</doc>
<status status="PASS" start="2025-09-25T23:04:50.001096" elapsed="0.184132"/>
</kw>
<kw name="Get Value" owner="SeleniumLibrary">
<msg time="2025-09-25T23:04:50.214469" level="INFO">${fetched_first_name} = Clementine</msg>
<var>${fetched_first_name}</var>
<arg>${customers_txt_firstname}</arg>
<doc>Returns the value attribute of the element identified by ``locator``.</doc>
<status status="PASS" start="2025-09-25T23:04:50.185582" elapsed="0.029152"/>
</kw>
<kw name="Should Be Equal As Strings" owner="BuiltIn">
<arg>${fetched_first_name}</arg>
<arg>${first_name}</arg>
<doc>Fails if objects are unequal after converting them to strings.</doc>
<status status="PASS" start="2025-09-25T23:04:50.215054" elapsed="0.000451"/>
</kw>
<kw name="Clear Element Text" owner="SeleniumLibrary">
<arg>${customers_txt_lastname}</arg>
<doc>Clears the value of the text-input-element identified by ``locator``.</doc>
<status status="PASS" start="2025-09-25T23:04:50.215810" elapsed="0.077258"/>
</kw>
<kw name="Input Text" owner="SeleniumLibrary">
<msg time="2025-09-25T23:04:50.293857" level="INFO">Typing text 'Bauch' into text field '//input[@name="last_name"]'.</msg>
<arg>${customers_txt_lastname}</arg>
<arg>${last_name}</arg>
<doc>Types the given ``text`` into the text field identified by ``locator``.</doc>
<status status="PASS" start="2025-09-25T23:04:50.293388" elapsed="0.136320"/>
</kw>
<kw name="Get Value" owner="SeleniumLibrary">
<msg time="2025-09-25T23:04:50.446883" level="INFO">${fetched_last_name} = Bauch</msg>
<var>${fetched_last_name}</var>
<arg>${customers_txt_lastname}</arg>
<doc>Returns the value attribute of the element identified by ``locator``.</doc>
<status status="PASS" start="2025-09-25T23:04:50.430180" elapsed="0.016903"/>
</kw>
<kw name="Should Be Equal As Strings" owner="BuiltIn">
<arg>${fetched_last_name}</arg>
<arg>${last_name}</arg>
<doc>Fails if objects are unequal after converting them to strings.</doc>
<status status="PASS" start="2025-09-25T23:04:50.447307" elapsed="0.000360"/>
</kw>
<kw name="Clear Element Text" owner="SeleniumLibrary">
<arg>${customers_txt_email}</arg>
<doc>Clears the value of the text-input-element identified by ``locator``.</doc>
<status status="PASS" start="2025-09-25T23:04:50.447837" elapsed="0.034766"/>
</kw>
<kw name="Input Text" owner="SeleniumLibrary">
<msg time="2025-09-25T23:04:50.483609" level="INFO">Typing text 'Nathan@yesenia.net' into text field '//input[@name="email"]'.</msg>
<arg>${customers_txt_email}</arg>
<arg>${user["email"]}</arg>
<doc>Types the given ``text`` into the text field identified by ``locator``.</doc>
<status status="PASS" start="2025-09-25T23:04:50.482880" elapsed="0.169095"/>
</kw>
<kw name="Get Value" owner="SeleniumLibrary">
<msg time="2025-09-25T23:04:50.669302" level="INFO">${fetched_email} = Nathan@yesenia.net</msg>
<var>${fetched_email}</var>
<arg>${customers_txt_email}</arg>
<doc>Returns the value attribute of the element identified by ``locator``.</doc>
<status status="PASS" start="2025-09-25T23:04:50.652340" elapsed="0.017164"/>
</kw>
<kw name="Should Be Equal As Strings" owner="BuiltIn">
<arg>${fetched_email}</arg>
<arg>${user["email"]}</arg>
<doc>Fails if objects are unequal after converting them to strings.</doc>
<status status="PASS" start="2025-09-25T23:04:50.670087" elapsed="0.005290"/>
</kw>
<kw name="Input Text" owner="SeleniumLibrary">
<msg time="2025-09-25T23:04:50.676593" level="INFO">Typing text '05092004' into text field '//input[@name="birthday"]'.</msg>
<arg>${customers_txt_birthday}</arg>
<arg>${user["birthday"]}</arg>
<doc>Types the given ``text`` into the text field identified by ``locator``.</doc>
<status status="PASS" start="2025-09-25T23:04:50.675812" elapsed="0.123544"/>
</kw>
<kw name="Clear Element Text" owner="SeleniumLibrary">
<arg>${customers_txt_address}</arg>
<doc>Clears the value of the text-input-element identified by ``locator``.</doc>
<status status="PASS" start="2025-09-25T23:04:50.799650" elapsed="0.047634"/>
</kw>
<kw name="Input Text" owner="SeleniumLibrary">
<msg time="2025-09-25T23:04:50.848729" level="INFO">Typing text 'Douglas Extension Suite 847' into text field '//textarea[@name="address"]'.</msg>
<arg>${customers_txt_address}</arg>
<arg>${user["address"]["street"]} ${user["address"]["suite"]}</arg>
<doc>Types the given ``text`` into the text field identified by ``locator``.</doc>
<status status="PASS" start="2025-09-25T23:04:50.847570" elapsed="0.304997"/>
</kw>
<kw name="Get Value" owner="SeleniumLibrary">
<msg time="2025-09-25T23:04:51.169584" level="INFO">${fetched_address} = Douglas Extension Suite 847</msg>
<var>${fetched_address}</var>
<arg>${customers_txt_address}</arg>
<doc>Returns the value attribute of the element identified by ``locator``.</doc>
<status status="PASS" start="2025-09-25T23:04:51.152948" elapsed="0.016846"/>
</kw>
<kw name="Should Be Equal As Strings" owner="BuiltIn">
<arg>${fetched_address}</arg>
<arg>${user["address"]["street"]} ${user["address"]["suite"]}</arg>
<doc>Fails if objects are unequal after converting them to strings.</doc>
<status status="PASS" start="2025-09-25T23:04:51.170295" elapsed="0.004200"/>
</kw>
<kw name="Clear Element Text" owner="SeleniumLibrary">
<arg>${customers_txt_city}</arg>
<doc>Clears the value of the text-input-element identified by ``locator``.</doc>
<status status="PASS" start="2025-09-25T23:04:51.175023" elapsed="0.070692"/>
</kw>
<kw name="Input Text" owner="SeleniumLibrary">
<msg time="2025-09-25T23:04:51.246779" level="INFO">Typing text 'McKenziehaven' into text field '//input[@name="city"]'.</msg>
<arg>${customers_txt_city}</arg>
<arg>${user["address"]["city"]}</arg>
<doc>Types the given ``text`` into the text field identified by ``locator``.</doc>
<status status="PASS" start="2025-09-25T23:04:51.246009" elapsed="0.202573"/>
</kw>
<kw name="Get Value" owner="SeleniumLibrary">
<msg time="2025-09-25T23:04:51.467038" level="INFO">${fetched_city} = McKenziehaven</msg>
<var>${fetched_city}</var>
<arg>${customers_txt_city}</arg>
<doc>Returns the value attribute of the element identified by ``locator``.</doc>
<status status="PASS" start="2025-09-25T23:04:51.449002" elapsed="0.018220"/>
</kw>
<kw name="Should Be Equal As Strings" owner="BuiltIn">
<arg>${fetched_city}</arg>
<arg>${user["address"]["city"]}</arg>
<doc>Fails if objects are unequal after converting them to strings.</doc>
<status status="PASS" start="2025-09-25T23:04:51.467456" elapsed="0.000697"/>
</kw>
<kw name="Clear Element Text" owner="SeleniumLibrary">
<arg>${customers_txt_stateAbbr}</arg>
<doc>Clears the value of the text-input-element identified by ``locator``.</doc>
<status status="PASS" start="2025-09-25T23:04:51.468336" elapsed="0.044709"/>
</kw>
<kw name="Input Text" owner="SeleniumLibrary">
<msg time="2025-09-25T23:04:51.514077" level="INFO">Typing text 'DO' into text field '//input[@name="stateAbbr"]'.</msg>
<arg>${customers_txt_stateAbbr}</arg>
<arg>${user["address"]["stateAbbr"]}</arg>
<doc>Types the given ``text`` into the text field identified by ``locator``.</doc>
<status status="PASS" start="2025-09-25T23:04:51.513338" elapsed="0.116919"/>
</kw>
<kw name="Get Value" owner="SeleniumLibrary">
<msg time="2025-09-25T23:04:51.647027" level="INFO">${fetched_state} = DO</msg>
<var>${fetched_state}</var>
<arg>${customers_txt_stateAbbr}</arg>
<doc>Returns the value attribute of the element identified by ``locator``.</doc>
<status status="PASS" start="2025-09-25T23:04:51.630709" elapsed="0.016528"/>
</kw>
<kw name="Should Be Equal As Strings" owner="BuiltIn">
<arg>${fetched_state}</arg>
<arg>${user["address"]["stateAbbr"]}</arg>
<doc>Fails if objects are unequal after converting them to strings.</doc>
<status status="PASS" start="2025-09-25T23:04:51.647469" elapsed="0.000836"/>
</kw>
<kw name="Clear Element Text" owner="SeleniumLibrary">
<arg>${customers_txt_zipcode}</arg>
<doc>Clears the value of the text-input-element identified by ``locator``.</doc>
<status status="PASS" start="2025-09-25T23:04:51.648512" elapsed="0.052468"/>
</kw>
<kw name="Input Text" owner="SeleniumLibrary">
<msg time="2025-09-25T23:04:51.701936" level="INFO">Typing text '59590-4157' into text field '//input[@name="zipcode"]'.</msg>
<arg>${customers_txt_zipcode}</arg>
<arg>${user["address"]["zipcode"]}</arg>
<doc>Types the given ``text`` into the text field identified by ``locator``.</doc>
<status status="PASS" start="2025-09-25T23:04:51.701255" elapsed="0.147929"/>
</kw>
<kw name="Get Value" owner="SeleniumLibrary">
<msg time="2025-09-25T23:04:51.867677" level="INFO">${fetched_zipcode} = 59590-4157</msg>
<var>${fetched_zipcode}</var>
<arg>${customers_txt_zipcode}</arg>
<doc>Returns the value attribute of the element identified by ``locator``.</doc>
<status status="PASS" start="2025-09-25T23:04:51.849690" elapsed="0.018171"/>
</kw>
<kw name="Should Be Equal As Strings" owner="BuiltIn">
<arg>${fetched_zipcode}</arg>
<arg>${user["address"]["zipcode"]}</arg>
<doc>Fails if objects are unequal after converting them to strings.</doc>
<status status="PASS" start="2025-09-25T23:04:51.868073" elapsed="0.001087"/>
</kw>
<kw name="Clear Element Text" owner="SeleniumLibrary">
<arg>${customers_txt_password}</arg>
<doc>Clears the value of the text-input-element identified by ``locator``.</doc>
<status status="PASS" start="2025-09-25T23:04:51.869551" elapsed="0.047194"/>
</kw>
<kw name="Input Text" owner="SeleniumLibrary">
<msg time="2025-09-25T23:04:51.917894" level="INFO">Typing text 'viGQ2@HZ' into text field '//input[@name="password"]'.</msg>
<arg>${customers_txt_password}</arg>
<arg>${user["password"]}</arg>
<doc>Types the given ``text`` into the text field identified by ``locator``.</doc>
<status status="PASS" start="2025-09-25T23:04:51.917077" elapsed="0.137074"/>
</kw>
<kw name="Get Value" owner="SeleniumLibrary">
<msg time="2025-09-25T23:04:52.070265" level="INFO">${fetched_password} = viGQ2@HZ</msg>
<var>${fetched_password}</var>
<arg>${customers_txt_password}</arg>
<doc>Returns the value attribute of the element identified by ``locator``.</doc>
<status status="PASS" start="2025-09-25T23:04:52.055688" elapsed="0.016380"/>
</kw>
<kw name="Should Be Equal As Strings" owner="BuiltIn">
<arg>${fetched_password}</arg>
<arg>${user["password"]}</arg>
<doc>Fails if objects are unequal after converting them to strings.</doc>
<status status="PASS" start="2025-09-25T23:04:52.072604" elapsed="0.001315"/>
</kw>
<kw name="Clear Element Text" owner="SeleniumLibrary">
<arg>${customers_txt_confirm_password}</arg>
<doc>Clears the value of the text-input-element identified by ``locator``.</doc>
<status status="PASS" start="2025-09-25T23:04:52.074376" elapsed="0.043103"/>
</kw>
<kw name="Input Text" owner="SeleniumLibrary">
<msg time="2025-09-25T23:04:52.118912" level="INFO">Typing text 'viGQ2@HZ' into text field '//input[@name="confirm_password"]'.</msg>
<arg>${customers_txt_confirm_password}</arg>
<arg>${user["password"]}</arg>
<doc>Types the given ``text`` into the text field identified by ``locator``.</doc>
<status status="PASS" start="2025-09-25T23:04:52.117760" elapsed="0.182775"/>
</kw>
<kw name="Get Value" owner="SeleniumLibrary">
<msg time="2025-09-25T23:04:52.324056" level="INFO">${fetched_confirm_password} = viGQ2@HZ</msg>
<var>${fetched_confirm_password}</var>
<arg>${customers_txt_confirm_password}</arg>
<doc>Returns the value attribute of the element identified by ``locator``.</doc>
<status status="PASS" start="2025-09-25T23:04:52.300957" elapsed="0.023346"/>
</kw>
<kw name="Should Be Equal As Strings" owner="BuiltIn">
<arg>${fetched_confirm_password}</arg>
<arg>${user["password"]}</arg>
<doc>Fails if objects are unequal after converting them to strings.</doc>
<status status="PASS" start="2025-09-25T23:04:52.324574" elapsed="0.000961"/>
</kw>
<arg>${user}</arg>
<status status="PASS" start="2025-09-25T23:04:49.901179" elapsed="2.424540"/>
</kw>
<kw name="Click Button" owner="SeleniumLibrary">
<msg time="2025-09-25T23:04:52.326191" level="INFO">Clicking button '//button[@aria-label="Save"]'.</msg>
<arg>${customers_txt_save}</arg>
<doc>Clicks the button identified by ``locator``.</doc>
<status status="PASS" start="2025-09-25T23:04:52.325903" elapsed="0.186736"/>
</kw>
<kw name="Wait Until Page Contains" owner="SeleniumLibrary">
<arg>Customer created</arg>
<doc>Waits until ``text`` appears on the current page.</doc>
<status status="PASS" start="2025-09-25T23:04:52.513193" elapsed="0.535566"/>
</kw>
<kw name="Go To Customers Page" owner="CustomerPage">
<kw name="Click Element" owner="SeleniumLibrary">
<msg time="2025-09-25T23:04:53.050824" level="INFO">Clicking element '(//p[text()="Customers"])[2]'.</msg>
<arg>${nav_btn_customers}</arg>
<doc>Click the element identified by ``locator``.</doc>
<status status="PASS" start="2025-09-25T23:04:53.050246" elapsed="0.135854"/>
</kw>
<kw name="Wait Until Element Is Visible" owner="SeleniumLibrary">
<arg>//table//tbody</arg>
<doc>Waits until the element ``locator`` is visible.</doc>
<status status="PASS" start="2025-09-25T23:04:53.187324" elapsed="0.287398"/>
</kw>
<kw name="Wait Until Element Is Visible" owner="SeleniumLibrary">
<arg>${customers_btn_create}</arg>
<doc>Waits until the element ``locator`` is visible.</doc>
<status status="PASS" start="2025-09-25T23:04:53.475060" elapsed="0.019085"/>
</kw>
<status status="PASS" start="2025-09-25T23:04:53.049519" elapsed="0.444863"/>
</kw>
<kw name="Refresh Customer Table Data" owner="Test1">
<kw name="Wait Until Element Is Visible" owner="SeleniumLibrary">
<arg>${btn_refresh}</arg>
<doc>Waits until the element ``locator`` is visible.</doc>
<status status="PASS" start="2025-09-25T23:04:53.494991" elapsed="0.317710"/>
</kw>
<kw name="Click Element" owner="SeleniumLibrary">
<msg time="2025-09-25T23:04:53.813378" level="INFO">Clicking element '//button[@aria-label="Refresh"]'.</msg>
<arg>${btn_refresh}</arg>
<doc>Click the element identified by ``locator``.</doc>
<status status="PASS" start="2025-09-25T23:04:53.812993" elapsed="0.100321"/>
</kw>
<kw name="Wait Until Element Is Visible" owner="SeleniumLibrary">
<arg>${loading_icon}</arg>
<arg>timeout=5s</arg>
<doc>Waits until the element ``locator`` is visible.</doc>
<status status="PASS" start="2025-09-25T23:04:53.913721" elapsed="0.018704"/>
</kw>
<kw name="Wait Until Element Is Not Visible" owner="SeleniumLibrary">
<arg>${loading_icon}</arg>
<arg>timeout=15s</arg>
<doc>Waits until the element ``locator`` is not visible.</doc>
<status status="PASS" start="2025-09-25T23:04:53.932715" elapsed="0.457783"/>
</kw>
<kw name="Wait Until Element Is Visible" owner="SeleniumLibrary">
<arg>//table//tbody</arg>
<doc>Waits until the element ``locator`` is visible.</doc>
<status status="PASS" start="2025-09-25T23:04:54.391150" elapsed="0.019596"/>
</kw>
<status status="PASS" start="2025-09-25T23:04:53.494641" elapsed="0.916320"/>
</kw>
<var name="${user}">{'id': 3, 'name': 'Clementine Bauch', 'username': 'Samantha', 'email': 'Nathan@yesenia.net', 'address': {'street': 'Douglas Extension', 'suite': 'Suite 847', 'city': 'McKenziehaven', 'zipcode': '59590...</var>
<status status="PASS" start="2025-09-25T23:04:49.329835" elapsed="5.081223"/>
</iter>
<iter>
<kw name="Go To Customers Page" owner="CustomerPage">
<kw name="Click Element" owner="SeleniumLibrary">
<msg time="2025-09-25T23:04:54.412441" level="INFO">Clicking element '(//p[text()="Customers"])[2]'.</msg>
<arg>${nav_btn_customers}</arg>
<doc>Click the element identified by ``locator``.</doc>
<status status="PASS" start="2025-09-25T23:04:54.411833" elapsed="0.157408"/>
</kw>
<kw name="Wait Until Element Is Visible" owner="SeleniumLibrary">
<arg>//table//tbody</arg>
<doc>Waits until the element ``locator`` is visible.</doc>
<status status="PASS" start="2025-09-25T23:04:54.569652" elapsed="0.058057"/>
</kw>
<kw name="Wait Until Element Is Visible" owner="SeleniumLibrary">
<arg>${customers_btn_create}</arg>
<doc>Waits until the element ``locator`` is visible.</doc>
<status status="PASS" start="2025-09-25T23:04:54.628009" elapsed="0.016114"/>
</kw>
<status status="PASS" start="2025-09-25T23:04:54.411530" elapsed="0.232829"/>
</kw>
<kw name="Click Element" owner="SeleniumLibrary">
<msg time="2025-09-25T23:04:54.644867" level="INFO">Clicking element '//a[@aria-label="Create"]'.</msg>
<arg>${customers_btn_create}</arg>
<doc>Click the element identified by ``locator``.</doc>
<status status="PASS" start="2025-09-25T23:04:54.644557" elapsed="0.078680"/>
</kw>
<kw name="Wait Until Element Is Visible" owner="SeleniumLibrary">
<arg>${customers_txt_firstname}</arg>
<doc>Waits until the element ``locator`` is visible.</doc>
<status status="PASS" start="2025-09-25T23:04:54.723844" elapsed="0.276750"/>
</kw>
<kw name="Verify And Input User Data" owner="Test1">
<kw name="Set Variable" owner="BuiltIn">
<msg time="2025-09-25T23:04:55.002069" level="INFO">${first_name} = Patricia</msg>
<var>${first_name}</var>
<arg>${user["first_name"]}</arg>
<doc>Returns the given values which can then be assigned to a variables.</doc>
<status status="PASS" start="2025-09-25T23:04:55.001407" elapsed="0.000790"/>
</kw>
<kw name="Set Variable" owner="BuiltIn">
<msg time="2025-09-25T23:04:55.002939" level="INFO">${last_name} = Lebsack</msg>
<var>${last_name}</var>
<arg>${user["last_name"]}</arg>
<doc>Returns the given values which can then be assigned to a variables.</doc>
<status status="PASS" start="2025-09-25T23:04:55.002365" elapsed="0.000687"/>
</kw>
<kw name="Clear Element Text" owner="SeleniumLibrary">
<arg>${customers_txt_firstname}</arg>
<doc>Clears the value of the text-input-element identified by ``locator``.</doc>
<status status="PASS" start="2025-09-25T23:04:55.004002" elapsed="0.063964"/>
</kw>
<kw name="Input Text" owner="SeleniumLibrary">
<msg time="2025-09-25T23:04:55.068688" level="INFO">Typing text 'Patricia' into text field '//input[@name="first_name"]'.</msg>
<arg>${customers_txt_firstname}</arg>
<arg>${first_name}</arg>
<doc>Types the given ``text`` into the text field identified by ``locator``.</doc>
<status status="PASS" start="2025-09-25T23:04:55.068313" elapsed="0.153670"/>
</kw>
<kw name="Get Value" owner="SeleniumLibrary">
<msg time="2025-09-25T23:04:55.245227" level="INFO">${fetched_first_name} = Patricia</msg>
<var>${fetched_first_name}</var>
<arg>${customers_txt_firstname}</arg>
<doc>Returns the value attribute of the element identified by ``locator``.</doc>
<status status="PASS" start="2025-09-25T23:04:55.222496" elapsed="0.022936"/>
</kw>
<kw name="Should Be Equal As Strings" owner="BuiltIn">
<arg>${fetched_first_name}</arg>
<arg>${first_name}</arg>
<doc>Fails if objects are unequal after converting them to strings.</doc>
<status status="PASS" start="2025-09-25T23:04:55.245653" elapsed="0.000317"/>
</kw>
<kw name="Clear Element Text" owner="SeleniumLibrary">
<arg>${customers_txt_lastname}</arg>
<doc>Clears the value of the text-input-element identified by ``locator``.</doc>
<status status="PASS" start="2025-09-25T23:04:55.246136" elapsed="0.042286"/>
</kw>
<kw name="Input Text" owner="SeleniumLibrary">
<msg time="2025-09-25T23:04:55.290354" level="INFO">Typing text 'Lebsack' into text field '//input[@name="last_name"]'.</msg>
<arg>${customers_txt_lastname}</arg>
<arg>${last_name}</arg>
<doc>Types the given ``text`` into the text field identified by ``locator``.</doc>
<status status="PASS" start="2025-09-25T23:04:55.289693" elapsed="0.132278"/>
</kw>
<kw name="Get Value" owner="SeleniumLibrary">
<msg time="2025-09-25T23:04:55.436410" level="INFO">${fetched_last_name} = Lebsack</msg>
<var>${fetched_last_name}</var>
<arg>${customers_txt_lastname}</arg>
<doc>Returns the value attribute of the element identified by ``locator``.</doc>
<status status="PASS" start="2025-09-25T23:04:55.422491" elapsed="0.014450"/>
</kw>
<kw name="Should Be Equal As Strings" owner="BuiltIn">
<arg>${fetched_last_name}</arg>
<arg>${last_name}</arg>
<doc>Fails if objects are unequal after converting them to strings.</doc>
<status status="PASS" start="2025-09-25T23:04:55.437832" elapsed="0.000470"/>
</kw>
<kw name="Clear Element Text" owner="SeleniumLibrary">
<arg>${customers_txt_email}</arg>
<doc>Clears the value of the text-input-element identified by ``locator``.</doc>
<status status="PASS" start="2025-09-25T23:04:55.438609" elapsed="0.042035"/>
</kw>
<kw name="Input Text" owner="SeleniumLibrary">
<msg time="2025-09-25T23:04:55.481780" level="INFO">Typing text 'Julianne.OConner@kory.org' into text field '//input[@name="email"]'.</msg>
<arg>${customers_txt_email}</arg>
<arg>${user["email"]}</arg>
<doc>Types the given ``text`` into the text field identified by ``locator``.</doc>
<status status="PASS" start="2025-09-25T23:04:55.480980" elapsed="0.188135"/>
</kw>
<kw name="Get Value" owner="SeleniumLibrary">
<msg time="2025-09-25T23:04:55.687358" level="INFO">${fetched_email} = Julianne.OConner@kory.org</msg>
<var>${fetched_email}</var>
<arg>${customers_txt_email}</arg>
<doc>Returns the value attribute of the element identified by ``locator``.</doc>
<status status="PASS" start="2025-09-25T23:04:55.669474" elapsed="0.019523"/>
</kw>
<kw name="Should Be Equal As Strings" owner="BuiltIn">
<arg>${fetched_email}</arg>
<arg>${user["email"]}</arg>
<doc>Fails if objects are unequal after converting them to strings.</doc>
<status status="PASS" start="2025-09-25T23:04:55.689592" elapsed="0.001454"/>
</kw>
<kw name="Input Text" owner="SeleniumLibrary">
<msg time="2025-09-25T23:04:55.692097" level="INFO">Typing text '01072001' into text field '//input[@name="birthday"]'.</msg>
<arg>${customers_txt_birthday}</arg>
<arg>${user["birthday"]}</arg>
<doc>Types the given ``text`` into the text field identified by ``locator``.</doc>
<status status="PASS" start="2025-09-25T23:04:55.691328" elapsed="0.155864"/>
</kw>
<kw name="Clear Element Text" owner="SeleniumLibrary">
<arg>${customers_txt_address}</arg>
<doc>Clears the value of the text-input-element identified by ``locator``.</doc>
<status status="PASS" start="2025-09-25T23:04:55.847552" elapsed="0.031010"/>
</kw>
<kw name="Input Text" owner="SeleniumLibrary">
<msg time="2025-09-25T23:04:55.879947" level="INFO">Typing text 'Hoeger Mall Apt. 692' into text field '//textarea[@name="address"]'.</msg>
<arg>${customers_txt_address}</arg>
<arg>${user["address"]["street"]} ${user["address"]["suite"]}</arg>
<doc>Types the given ``text`` into the text field identified by ``locator``.</doc>
<status status="PASS" start="2025-09-25T23:04:55.878861" elapsed="0.363168"/>
</kw>
<kw name="Get Value" owner="SeleniumLibrary">
<msg time="2025-09-25T23:04:56.264295" level="INFO">${fetched_address} = Hoeger Mall Apt. 692</msg>
<var>${fetched_address}</var>
<arg>${customers_txt_address}</arg>
<doc>Returns the value attribute of the element identified by ``locator``.</doc>
<status status="PASS" start="2025-09-25T23:04:56.242728" elapsed="0.021799"/>
</kw>
<kw name="Should Be Equal As Strings" owner="BuiltIn">
<arg>${fetched_address}</arg>
<arg>${user["address"]["street"]} ${user["address"]["suite"]}</arg>
<doc>Fails if objects are unequal after converting them to strings.</doc>
<status status="PASS" start="2025-09-25T23:04:56.264759" elapsed="0.001213"/>
</kw>
<kw name="Clear Element Text" owner="SeleniumLibrary">
<arg>${customers_txt_city}</arg>
<doc>Clears the value of the text-input-element identified by ``locator``.</doc>
<status status="PASS" start="2025-09-25T23:04:56.266276" elapsed="0.031598"/>
</kw>
<kw name="Input Text" owner="SeleniumLibrary">
<msg time="2025-09-25T23:04:56.299183" level="INFO">Typing text 'South Elvis' into text field '//input[@name="city"]'.</msg>
<arg>${customers_txt_city}</arg>
<arg>${user["address"]["city"]}</arg>
<doc>Types the given ``text`` into the text field identified by ``locator``.</doc>
<status status="PASS" start="2025-09-25T23:04:56.298166" elapsed="0.145353"/>
</kw>
<kw name="Get Value" owner="SeleniumLibrary">
<msg time="2025-09-25T23:04:56.481274" level="INFO">${fetched_city} = South Elvis</msg>
<var>${fetched_city}</var>
<arg>${customers_txt_city}</arg>
<doc>Returns the value attribute of the element identified by ``locator``.</doc>
<status status="PASS" start="2025-09-25T23:04:56.444026" elapsed="0.037453"/>
</kw>
<kw name="Should Be Equal As Strings" owner="BuiltIn">
<arg>${fetched_city}</arg>
<arg>${user["address"]["city"]}</arg>
<doc>Fails if objects are unequal after converting them to strings.</doc>
<status status="PASS" start="2025-09-25T23:04:56.481704" elapsed="0.000917"/>
</kw>
<kw name="Clear Element Text" owner="SeleniumLibrary">
<arg>${customers_txt_stateAbbr}</arg>
<doc>Clears the value of the text-input-element identified by ``locator``.</doc>
<status status="PASS" start="2025-09-25T23:04:56.482847" elapsed="0.074740"/>
</kw>
<kw name="Input Text" owner="SeleniumLibrary">
<msg time="2025-09-25T23:04:56.559373" level="INFO">Typing text 'HO' into text field '//input[@name="stateAbbr"]'.</msg>
<arg>${customers_txt_stateAbbr}</arg>
<arg>${user["address"]["stateAbbr"]}</arg>
<doc>Types the given ``text`` into the text field identified by ``locator``.</doc>
<status status="PASS" start="2025-09-25T23:04:56.558025" elapsed="0.145455"/>
</kw>
<kw name="Get Value" owner="SeleniumLibrary">
<msg time="2025-09-25T23:04:56.725278" level="INFO">${fetched_state} = HO</msg>
<var>${fetched_state}</var>
<arg>${customers_txt_stateAbbr}</arg>
<doc>Returns the value attribute of the element identified by ``locator``.</doc>
<status status="PASS" start="2025-09-25T23:04:56.704197" elapsed="0.021310"/>
</kw>
<kw name="Should Be Equal As Strings" owner="BuiltIn">
<arg>${fetched_state}</arg>
<arg>${user["address"]["stateAbbr"]}</arg>
<doc>Fails if objects are unequal after converting them to strings.</doc>
<status status="PASS" start="2025-09-25T23:04:56.725729" elapsed="0.000678"/>
</kw>
<kw name="Clear Element Text" owner="SeleniumLibrary">
<arg>${customers_txt_zipcode}</arg>
<doc>Clears the value of the text-input-element identified by ``locator``.</doc>
<status status="PASS" start="2025-09-25T23:04:56.726578" elapsed="0.114038"/>
</kw>
<kw name="Input Text" owner="SeleniumLibrary">
<msg time="2025-09-25T23:04:56.842441" level="INFO">Typing text '53919-4257' into text field '//input[@name="zipcode"]'.</msg>
<arg>${customers_txt_zipcode}</arg>
<arg>${user["address"]["zipcode"]}</arg>
<doc>Types the given ``text`` into the text field identified by ``locator``.</doc>
<status status="PASS" start="2025-09-25T23:04:56.841153" elapsed="0.168243"/>
</kw>
<kw name="Get Value" owner="SeleniumLibrary">
<msg time="2025-09-25T23:04:57.027106" level="INFO">${fetched_zipcode} = 53919-4257</msg>
<var>${fetched_zipcode}</var>
<arg>${customers_txt_zipcode}</arg>
<doc>Returns the value attribute of the element identified by ``locator``.</doc>
<status status="PASS" start="2025-09-25T23:04:57.009717" elapsed="0.017584"/>
</kw>
<kw name="Should Be Equal As Strings" owner="BuiltIn">
<arg>${fetched_zipcode}</arg>
<arg>${user["address"]["zipcode"]}</arg>
<doc>Fails if objects are unequal after converting them to strings.</doc>
<status status="PASS" start="2025-09-25T23:04:57.027520" elapsed="0.000955"/>
</kw>
<kw name="Clear Element Text" owner="SeleniumLibrary">
<arg>${customers_txt_password}</arg>
<doc>Clears the value of the text-input-element identified by ``locator``.</doc>
<status status="PASS" start="2025-09-25T23:04:57.028774" elapsed="0.055879"/>
</kw>
<kw name="Input Text" owner="SeleniumLibrary">
<msg time="2025-09-25T23:04:57.086970" level="INFO">Typing text 'AMe@@0nt' into text field '//input[@name="password"]'.</msg>
<arg>${customers_txt_password}</arg>
<arg>${user["password"]}</arg>
<doc>Types the given ``text`` into the text field identified by ``locator``.</doc>
<status status="PASS" start="2025-09-25T23:04:57.085068" elapsed="0.147124"/>
</kw>
<kw name="Get Value" owner="SeleniumLibrary">
<msg time="2025-09-25T23:04:57.259963" level="INFO">${fetched_password} = AMe@@0nt</msg>
<var>${fetched_password}</var>
<arg>${customers_txt_password}</arg>
<doc>Returns the value attribute of the element identified by ``locator``.</doc>
<status status="PASS" start="2025-09-25T23:04:57.233098" elapsed="0.027311"/>
</kw>
<kw name="Should Be Equal As Strings" owner="BuiltIn">
<arg>${fetched_password}</arg>
<arg>${user["password"]}</arg>
<doc>Fails if objects are unequal after converting them to strings.</doc>
<status status="PASS" start="2025-09-25T23:04:57.260782" elapsed="0.001231"/>
</kw>
<kw name="Clear Element Text" owner="SeleniumLibrary">
<arg>${customers_txt_confirm_password}</arg>
<doc>Clears the value of the text-input-element identified by ``locator``.</doc>
<status status="PASS" start="2025-09-25T23:04:57.262373" elapsed="0.071871"/>
</kw>
<kw name="Input Text" owner="SeleniumLibrary">
<msg time="2025-09-25T23:04:57.335397" level="INFO">Typing text 'AMe@@0nt' into text field '//input[@name="confirm_password"]'.</msg>
<arg>${customers_txt_confirm_password}</arg>
<arg>${user["password"]}</arg>
<doc>Types the given ``text`` into the text field identified by ``locator``.</doc>
<status status="PASS" start="2025-09-25T23:04:57.334565" elapsed="0.180841"/>
</kw>
<kw name="Get Value" owner="SeleniumLibrary">
<msg time="2025-09-25T23:04:57.530893" level="INFO">${fetched_confirm_password} = AMe@@0nt</msg>
<var>${fetched_confirm_password}</var>
<arg>${customers_txt_confirm_password}</arg>
<doc>Returns the value attribute of the element identified by ``locator``.</doc>
<status status="PASS" start="2025-09-25T23:04:57.515957" elapsed="0.015124"/>
</kw>
<kw name="Should Be Equal As Strings" owner="BuiltIn">
<arg>${fetched_confirm_password}</arg>
<arg>${user["password"]}</arg>
<doc>Fails if objects are unequal after converting them to strings.</doc>
<status status="PASS" start="2025-09-25T23:04:57.531297" elapsed="0.000744"/>
</kw>
<arg>${user}</arg>
<status status="PASS" start="2025-09-25T23:04:55.001023" elapsed="2.531158"/>
</kw>
<kw name="Click Button" owner="SeleniumLibrary">
<msg time="2025-09-25T23:04:57.532587" level="INFO">Clicking button '//button[@aria-label="Save"]'.</msg>
<arg>${customers_txt_save}</arg>
<doc>Clicks the button identified by ``locator``.</doc>
<status status="PASS" start="2025-09-25T23:04:57.532352" elapsed="0.102024"/>
</kw>
<kw name="Wait Until Page Contains" owner="SeleniumLibrary">
<arg>Customer created</arg>
<doc>Waits until ``text`` appears on the current page.</doc>
<status status="PASS" start="2025-09-25T23:04:57.634830" elapsed="0.501022"/>
</kw>
<kw name="Go To Customers Page" owner="CustomerPage">
<kw name="Click Element" owner="SeleniumLibrary">
<msg time="2025-09-25T23:04:58.139303" level="INFO">Clicking element '(//p[text()="Customers"])[2]'.</msg>
<arg>${nav_btn_customers}</arg>
<doc>Click the element identified by ``locator``.</doc>
<status status="PASS" start="2025-09-25T23:04:58.138759" elapsed="0.135307"/>
</kw>
<kw name="Wait Until Element Is Visible" owner="SeleniumLibrary">
<arg>//table//tbody</arg>
<doc>Waits until the element ``locator`` is visible.</doc>
<status status="PASS" start="2025-09-25T23:04:58.274588" elapsed="0.303397"/>
</kw>
<kw name="Wait Until Element Is Visible" owner="SeleniumLibrary">
<arg>${customers_btn_create}</arg>
<doc>Waits until the element ``locator`` is visible.</doc>
<status status="PASS" start="2025-09-25T23:04:58.578408" elapsed="0.038410"/>
</kw>
<status status="PASS" start="2025-09-25T23:04:58.136613" elapsed="0.480440"/>
</kw>
<kw name="Refresh Customer Table Data" owner="Test1">
<kw name="Wait Until Element Is Visible" owner="SeleniumLibrary">
<arg>${btn_refresh}</arg>
<doc>Waits until the element ``locator`` is visible.</doc>
<status status="PASS" start="2025-09-25T23:04:58.617640" elapsed="0.247919"/>
</kw>
<kw name="Click Element" owner="SeleniumLibrary">
<msg time="2025-09-25T23:04:58.866126" level="INFO">Clicking element '//button[@aria-label="Refresh"]'.</msg>
<arg>${btn_refresh}</arg>
<doc>Click the element identified by ``locator``.</doc>
<status status="PASS" start="2025-09-25T23:04:58.865839" elapsed="0.079270"/>
</kw>
<kw name="Wait Until Element Is Visible" owner="SeleniumLibrary">
<arg>${loading_icon}</arg>
<arg>timeout=5s</arg>
<doc>Waits until the element ``locator`` is visible.</doc>
<status status="PASS" start="2025-09-25T23:04:58.945631" elapsed="0.019406"/>
</kw>
<kw name="Wait Until Element Is Not Visible" owner="SeleniumLibrary">
<arg>${loading_icon}</arg>
<arg>timeout=15s</arg>
<doc>Waits until the element ``locator`` is not visible.</doc>
<status status="PASS" start="2025-09-25T23:04:58.965311" elapsed="0.465261"/>
</kw>
<kw name="Wait Until Element Is Visible" owner="SeleniumLibrary">
<arg>//table//tbody</arg>
<doc>Waits until the element ``locator`` is visible.</doc>
<status status="PASS" start="2025-09-25T23:04:59.430905" elapsed="0.038188"/>
</kw>
<status status="PASS" start="2025-09-25T23:04:58.617282" elapsed="0.852033"/>
</kw>
<var name="${user}">{'id': 4, 'name': 'Patricia Lebsack', 'username': 'Karianne', 'email': 'Julianne.OConner@kory.org', 'address': {'street': 'Hoeger Mall', 'suite': 'Apt. 692', 'city': 'South Elvis', 'zipcode': '53919-4...</var>
<status status="PASS" start="2025-09-25T23:04:54.411296" elapsed="5.058114"/>
</iter>
<iter>
<kw name="Go To Customers Page" owner="CustomerPage">
<kw name="Click Element" owner="SeleniumLibrary">
<msg time="2025-09-25T23:04:59.471014" level="INFO">Clicking element '(//p[text()="Customers"])[2]'.</msg>
<arg>${nav_btn_customers}</arg>
<doc>Click the element identified by ``locator``.</doc>
<status status="PASS" start="2025-09-25T23:04:59.470525" elapsed="0.096593"/>
</kw>
<kw name="Wait Until Element Is Visible" owner="SeleniumLibrary">
<arg>//table//tbody</arg>
<doc>Waits until the element ``locator`` is visible.</doc>
<status status="PASS" start="2025-09-25T23:04:59.567459" elapsed="0.032842"/>
</kw>
<kw name="Wait Until Element Is Visible" owner="SeleniumLibrary">
<arg>${customers_btn_create}</arg>
<doc>Waits until the element ``locator`` is visible.</doc>
<status status="PASS" start="2025-09-25T23:04:59.600632" elapsed="0.023848"/>
</kw>
<status status="PASS" start="2025-09-25T23:04:59.470120" elapsed="0.155305"/>
</kw>
<kw name="Click Element" owner="SeleniumLibrary">
<msg time="2025-09-25T23:04:59.626474" level="INFO">Clicking element '//a[@aria-label="Create"]'.</msg>
<arg>${customers_btn_create}</arg>
<doc>Click the element identified by ``locator``.</doc>
<status status="PASS" start="2025-09-25T23:04:59.625800" elapsed="0.162143"/>
</kw>
<kw name="Wait Until Element Is Visible" owner="SeleniumLibrary">
<arg>${customers_txt_firstname}</arg>
<doc>Waits until the element ``locator`` is visible.</doc>
[...]
<arg>${name}: ${spent_text}</arg>
<doc>Logs the given message to the console.</doc>
<status status="NOT RUN" start="2025-09-25T23:05:54.950593" elapsed="0.000100"/>
</kw>
<kw name="Evaluate" owner="BuiltIn">
<var>${total_spending}</var>
<arg>${total_spending} + ${spent_value}</arg>
<doc>Evaluates the given expression in Python and returns the result.</doc>
<status status="NOT RUN" start="2025-09-25T23:05:54.950866" elapsed="0.000092"/>
</kw>
<status status="NOT RUN" start="2025-09-25T23:05:54.949824" elapsed="0.001222"/>
</branch>
<status status="PASS" start="2025-09-25T23:05:54.949781" elapsed="0.001349"/>
</if>
<var name="${index}">18</var>
<status status="PASS" start="2025-09-25T23:05:54.900856" elapsed="0.050307"/>
</iter>
<iter>
<kw name="Set Variable" owner="BuiltIn">
<msg time="2025-09-25T23:05:54.951782" level="INFO">${row_locator} = (//table//tbody//tr)[19]</msg>
<var>${row_locator}</var>
<arg>(//table//tbody//tr)[${index}]</arg>
<doc>Returns the given values which can then be assigned to a variables.</doc>
<status status="PASS" start="2025-09-25T23:05:54.951536" elapsed="0.000361"/>
</kw>
<kw name="Get Text" owner="SeleniumLibrary">
<msg time="2025-09-25T23:05:55.066380" level="INFO">${name} = Karine Harber</msg>
<var>${name}</var>
<arg>${row_locator}//td[2]</arg>
<doc>Returns the text value of the element identified by ``locator``.</doc>
<status status="PASS" start="2025-09-25T23:05:54.952073" elapsed="0.114548"/>
</kw>
<kw name="Get Text" owner="SeleniumLibrary">
<msg time="2025-09-25T23:05:55.085736" level="INFO">${spent_text} = $369.23</msg>
<var>${spent_text}</var>
<arg>${row_locator}//td[5]</arg>
<doc>Returns the text value of the element identified by ``locator``.</doc>
<status status="PASS" start="2025-09-25T23:05:55.066856" elapsed="0.019062"/>
</kw>
<kw name="Evaluate" owner="BuiltIn">
<msg time="2025-09-25T23:05:55.087000" level="INFO">${spent_value} = 369.23</msg>
<var>${spent_value}</var>
<arg>float("""${spent_text}""".replace('$','').replace(',',''))</arg>
<doc>Evaluates the given expression in Python and returns the result.</doc>
<status status="PASS" start="2025-09-25T23:05:55.086146" elapsed="0.000992"/>
</kw>
<if>
<branch type="IF" condition="${spent_value} &gt; 0">
<kw name="Log To Console" owner="BuiltIn">
<arg>${name}: ${spent_text}</arg>
<doc>Logs the given message to the console.</doc>
<status status="PASS" start="2025-09-25T23:05:55.087818" elapsed="0.000478"/>
</kw>
<kw name="Evaluate" owner="BuiltIn">
<msg time="2025-09-25T23:05:55.089326" level="INFO">${total_spending} = 1849.02</msg>
<var>${total_spending}</var>
<arg>${total_spending} + ${spent_value}</arg>
<doc>Evaluates the given expression in Python and returns the result.</doc>
<status status="PASS" start="2025-09-25T23:05:55.088711" elapsed="0.000803"/>
</kw>
<status status="PASS" start="2025-09-25T23:05:55.087301" elapsed="0.002326"/>
</branch>
<status status="PASS" start="2025-09-25T23:05:55.087274" elapsed="0.002460"/>
</if>
<var name="${index}">19</var>
<status status="PASS" start="2025-09-25T23:05:54.951389" elapsed="0.138377"/>
</iter>
<iter>
<kw name="Set Variable" owner="BuiltIn">
<msg time="2025-09-25T23:05:55.090416" level="INFO">${row_locator} = (//table//tbody//tr)[20]</msg>
<var>${row_locator}</var>
<arg>(//table//tbody//tr)[${index}]</arg>
<doc>Returns the given values which can then be assigned to a variables.</doc>
<status status="PASS" start="2025-09-25T23:05:55.090171" elapsed="0.000696"/>
</kw>
<kw name="Get Text" owner="SeleniumLibrary">
<msg time="2025-09-25T23:05:55.123789" level="INFO">${name} = Irma Roob</msg>
<var>${name}</var>
<arg>${row_locator}//td[2]</arg>
<doc>Returns the text value of the element identified by ``locator``.</doc>
<status status="PASS" start="2025-09-25T23:05:55.091037" elapsed="0.032950"/>
</kw>
<kw name="Get Text" owner="SeleniumLibrary">
<msg time="2025-09-25T23:05:55.143944" level="INFO">${spent_text} = $0.00</msg>
<var>${spent_text}</var>
<arg>${row_locator}//td[5]</arg>
<doc>Returns the text value of the element identified by ``locator``.</doc>
<status status="PASS" start="2025-09-25T23:05:55.124229" elapsed="0.019907"/>
</kw>
<kw name="Evaluate" owner="BuiltIn">
<msg time="2025-09-25T23:05:55.144817" level="INFO">${spent_value} = 0.0</msg>
<var>${spent_value}</var>
<arg>float("""${spent_text}""".replace('$','').replace(',',''))</arg>
<doc>Evaluates the given expression in Python and returns the result.</doc>
<status status="PASS" start="2025-09-25T23:05:55.144372" elapsed="0.000546"/>
</kw>
<if>
<branch type="IF" condition="${spent_value} &gt; 0">
<kw name="Log To Console" owner="BuiltIn">
<arg>${name}: ${spent_text}</arg>
<doc>Logs the given message to the console.</doc>
<status status="NOT RUN" start="2025-09-25T23:05:55.145280" elapsed="0.000077"/>
</kw>
<kw name="Evaluate" owner="BuiltIn">
<var>${total_spending}</var>
<arg>${total_spending} + ${spent_value}</arg>
<doc>Evaluates the given expression in Python and returns the result.</doc>
<status status="NOT RUN" start="2025-09-25T23:05:55.145498" elapsed="0.000077"/>
</kw>
<status status="NOT RUN" start="2025-09-25T23:05:55.145050" elapsed="0.000602"/>
</branch>
<status status="PASS" start="2025-09-25T23:05:55.145026" elapsed="0.000702"/>
</if>
<var name="${index}">20</var>
<status status="PASS" start="2025-09-25T23:05:55.089991" elapsed="0.055773"/>
</iter>
<iter>
<kw name="Set Variable" owner="BuiltIn">
<msg time="2025-09-25T23:05:55.146324" level="INFO">${row_locator} = (//table//tbody//tr)[21]</msg>
<var>${row_locator}</var>
<arg>(//table//tbody//tr)[${index}]</arg>
<doc>Returns the given values which can then be assigned to a variables.</doc>
<status status="PASS" start="2025-09-25T23:05:55.146110" elapsed="0.000315"/>
</kw>
<kw name="Get Text" owner="SeleniumLibrary">
<msg time="2025-09-25T23:05:55.170920" level="INFO">${name} = J
Jacques Cronin</msg>
<var>${name}</var>
<arg>${row_locator}//td[2]</arg>
<doc>Returns the text value of the element identified by ``locator``.</doc>
<status status="PASS" start="2025-09-25T23:05:55.146572" elapsed="0.024543"/>
</kw>
<kw name="Get Text" owner="SeleniumLibrary">
<msg time="2025-09-25T23:05:55.192979" level="INFO">${spent_text} = $0.00</msg>
<var>${spent_text}</var>
<arg>${row_locator}//td[5]</arg>
<doc>Returns the text value of the element identified by ``locator``.</doc>
<status status="PASS" start="2025-09-25T23:05:55.171348" elapsed="0.021818"/>
</kw>
<kw name="Evaluate" owner="BuiltIn">
<msg time="2025-09-25T23:05:55.193896" level="INFO">${spent_value} = 0.0</msg>
<var>${spent_value}</var>
<arg>float("""${spent_text}""".replace('$','').replace(',',''))</arg>
<doc>Evaluates the given expression in Python and returns the result.</doc>
<status status="PASS" start="2025-09-25T23:05:55.193401" elapsed="0.000609"/>
</kw>
<if>
<branch type="IF" condition="${spent_value} &gt; 0">
<kw name="Log To Console" owner="BuiltIn">
<arg>${name}: ${spent_text}</arg>
<doc>Logs the given message to the console.</doc>
<status status="NOT RUN" start="2025-09-25T23:05:55.194401" elapsed="0.000081"/>
</kw>
<kw name="Evaluate" owner="BuiltIn">
<var>${total_spending}</var>
<arg>${total_spending} + ${spent_value}</arg>
<doc>Evaluates the given expression in Python and returns the result.</doc>
<status status="NOT RUN" start="2025-09-25T23:05:55.194810" elapsed="0.000137"/>
</kw>
<status status="NOT RUN" start="2025-09-25T23:05:55.194154" elapsed="0.000942"/>
</branch>
<status status="PASS" start="2025-09-25T23:05:55.194128" elapsed="0.001111"/>
</if>
<var name="${index}">21</var>
<status status="PASS" start="2025-09-25T23:05:55.145962" elapsed="0.049329"/>
</iter>
<iter>
<kw name="Set Variable" owner="BuiltIn">
<msg time="2025-09-25T23:05:55.196306" level="INFO">${row_locator} = (//table//tbody//tr)[22]</msg>
<var>${row_locator}</var>
<arg>(//table//tbody//tr)[${index}]</arg>
<doc>Returns the given values which can then be assigned to a variables.</doc>
<status status="PASS" start="2025-09-25T23:05:55.195963" elapsed="0.000485"/>
</kw>
<kw name="Get Text" owner="SeleniumLibrary">
<msg time="2025-09-25T23:05:55.222336" level="INFO">${name} = Fabiola Collins</msg>
<var>${name}</var>
<arg>${row_locator}//td[2]</arg>
<doc>Returns the text value of the element identified by ``locator``.</doc>
<status status="PASS" start="2025-09-25T23:05:55.196630" elapsed="0.025893"/>
</kw>
<kw name="Get Text" owner="SeleniumLibrary">
<msg time="2025-09-25T23:05:55.241234" level="INFO">${spent_text} = $157.14</msg>
<var>${spent_text}</var>
<arg>${row_locator}//td[5]</arg>
<doc>Returns the text value of the element identified by ``locator``.</doc>
<status status="PASS" start="2025-09-25T23:05:55.222743" elapsed="0.018671"/>
</kw>
<kw name="Evaluate" owner="BuiltIn">
<msg time="2025-09-25T23:05:55.242038" level="INFO">${spent_value} = 157.14</msg>
<var>${spent_value}</var>
<arg>float("""${spent_text}""".replace('$','').replace(',',''))</arg>
<doc>Evaluates the given expression in Python and returns the result.</doc>
<status status="PASS" start="2025-09-25T23:05:55.241638" elapsed="0.000507"/>
</kw>
<if>
<branch type="IF" condition="${spent_value} &gt; 0">
<kw name="Log To Console" owner="BuiltIn">
<arg>${name}: ${spent_text}</arg>
<doc>Logs the given message to the console.</doc>
<status status="PASS" start="2025-09-25T23:05:55.242529" elapsed="0.000458"/>
</kw>
<kw name="Evaluate" owner="BuiltIn">
<msg time="2025-09-25T23:05:55.243945" level="INFO">${total_spending} = 2006.1599999999999</msg>
<var>${total_spending}</var>
<arg>${total_spending} + ${spent_value}</arg>
<doc>Evaluates the given expression in Python and returns the result.</doc>
<status status="PASS" start="2025-09-25T23:05:55.243338" elapsed="0.000854"/>
</kw>
<status status="PASS" start="2025-09-25T23:05:55.242283" elapsed="0.002032"/>
</branch>
<status status="PASS" start="2025-09-25T23:05:55.242258" elapsed="0.002149"/>
</if>
<var name="${index}">22</var>
<status status="PASS" start="2025-09-25T23:05:55.195636" elapsed="0.048805"/>
</iter>
<iter>
<kw name="Set Variable" owner="BuiltIn">
<msg time="2025-09-25T23:05:55.245096" level="INFO">${row_locator} = (//table//tbody//tr)[23]</msg>
<var>${row_locator}</var>
<arg>(//table//tbody//tr)[${index}]</arg>
<doc>Returns the given values which can then be assigned to a variables.</doc>
<status status="PASS" start="2025-09-25T23:05:55.244860" elapsed="0.000337"/>
</kw>
<kw name="Get Text" owner="SeleniumLibrary">
<msg time="2025-09-25T23:05:55.278443" level="INFO">${name} = Constance Smitham</msg>
<var>${name}</var>
<arg>${row_locator}//td[2]</arg>
<doc>Returns the text value of the element identified by ``locator``.</doc>
<status status="PASS" start="2025-09-25T23:05:55.245354" elapsed="0.033275"/>
</kw>
<kw name="Get Text" owner="SeleniumLibrary">
<msg time="2025-09-25T23:05:55.298121" level="INFO">${spent_text} = $0.00</msg>
<var>${spent_text}</var>
<arg>${row_locator}//td[5]</arg>
<doc>Returns the text value of the element identified by ``locator``.</doc>
<status status="PASS" start="2025-09-25T23:05:55.278846" elapsed="0.019446"/>
</kw>
<kw name="Evaluate" owner="BuiltIn">
<msg time="2025-09-25T23:05:55.299036" level="INFO">${spent_value} = 0.0</msg>
<var>${spent_value}</var>
<arg>float("""${spent_text}""".replace('$','').replace(',',''))</arg>
<doc>Evaluates the given expression in Python and returns the result.</doc>
<status status="PASS" start="2025-09-25T23:05:55.298517" elapsed="0.000653"/>
</kw>
<if>
<branch type="IF" condition="${spent_value} &gt; 0">
<kw name="Log To Console" owner="BuiltIn">
<arg>${name}: ${spent_text}</arg>
<doc>Logs the given message to the console.</doc>
<status status="NOT RUN" start="2025-09-25T23:05:55.299602" elapsed="0.000085"/>
</kw>
<kw name="Evaluate" owner="BuiltIn">
<var>${total_spending}</var>
<arg>${total_spending} + ${spent_value}</arg>
<doc>Evaluates the given expression in Python and returns the result.</doc>
<status status="NOT RUN" start="2025-09-25T23:05:55.299852" elapsed="0.000140"/>
</kw>
<status status="NOT RUN" start="2025-09-25T23:05:55.299329" elapsed="0.000764"/>
</branch>
<status status="PASS" start="2025-09-25T23:05:55.299302" elapsed="0.000906"/>
</if>
<var name="${index}">23</var>
<status status="PASS" start="2025-09-25T23:05:55.244684" elapsed="0.055560"/>
</iter>
<iter>
<kw name="Set Variable" owner="BuiltIn">
<msg time="2025-09-25T23:05:55.300895" level="INFO">${row_locator} = (//table//tbody//tr)[24]</msg>
<var>${row_locator}</var>
<arg>(//table//tbody//tr)[${index}]</arg>
<doc>Returns the given values which can then be assigned to a variables.</doc>
<status status="PASS" start="2025-09-25T23:05:55.300638" elapsed="0.000379"/>
</kw>
<kw name="Get Text" owner="SeleniumLibrary">
<msg time="2025-09-25T23:05:55.398754" level="INFO">${name} = J
Jerrod Green</msg>
<var>${name}</var>
<arg>${row_locator}//td[2]</arg>
<doc>Returns the text value of the element identified by ``locator``.</doc>
<status status="PASS" start="2025-09-25T23:05:55.301177" elapsed="0.097875"/>
</kw>
<kw name="Get Text" owner="SeleniumLibrary">
<msg time="2025-09-25T23:05:55.423076" level="INFO">${spent_text} = $0.00</msg>
<var>${spent_text}</var>
<arg>${row_locator}//td[5]</arg>
<doc>Returns the text value of the element identified by ``locator``.</doc>
<status status="PASS" start="2025-09-25T23:05:55.399395" elapsed="0.023878"/>
</kw>
<kw name="Evaluate" owner="BuiltIn">
<msg time="2025-09-25T23:05:55.424403" level="INFO">${spent_value} = 0.0</msg>
<var>${spent_value}</var>
<arg>float("""${spent_text}""".replace('$','').replace(',',''))</arg>
<doc>Evaluates the given expression in Python and returns the result.</doc>
<status status="PASS" start="2025-09-25T23:05:55.423522" elapsed="0.001013"/>
</kw>
<if>
<branch type="IF" condition="${spent_value} &gt; 0">
<kw name="Log To Console" owner="BuiltIn">
<arg>${name}: ${spent_text}</arg>
<doc>Logs the given message to the console.</doc>
<status status="NOT RUN" start="2025-09-25T23:05:55.424986" elapsed="0.000084"/>
</kw>
<kw name="Evaluate" owner="BuiltIn">
<var>${total_spending}</var>
<arg>${total_spending} + ${spent_value}</arg>
<doc>Evaluates the given expression in Python and returns the result.</doc>
<status status="NOT RUN" start="2025-09-25T23:05:55.425215" elapsed="0.000080"/>
</kw>
<status status="NOT RUN" start="2025-09-25T23:05:55.424697" elapsed="0.000683"/>
</branch>
<status status="PASS" start="2025-09-25T23:05:55.424671" elapsed="0.000790"/>
</if>
<var name="${index}">24</var>
<status status="PASS" start="2025-09-25T23:05:55.300471" elapsed="0.125020"/>
</iter>
<iter>
<kw name="Set Variable" owner="BuiltIn">
<msg time="2025-09-25T23:05:55.426061" level="INFO">${row_locator} = (//table//tbody//tr)[25]</msg>
<var>${row_locator}</var>
<arg>(//table//tbody//tr)[${index}]</arg>
<doc>Returns the given values which can then be assigned to a variables.</doc>
<status status="PASS" start="2025-09-25T23:05:55.425835" elapsed="0.000330"/>
</kw>
<kw name="Get Text" owner="SeleniumLibrary">
<msg time="2025-09-25T23:05:55.450648" level="INFO">${name} = A
Aimee Kshlerin</msg>
<var>${name}</var>
<arg>${row_locator}//td[2]</arg>
<doc>Returns the text value of the element identified by ``locator``.</doc>
<status status="PASS" start="2025-09-25T23:05:55.426319" elapsed="0.024511"/>
</kw>
<kw name="Get Text" owner="SeleniumLibrary">
<msg time="2025-09-25T23:05:55.470857" level="INFO">${spent_text} = $0.00</msg>
<var>${spent_text}</var>
<arg>${row_locator}//td[5]</arg>
<doc>Returns the text value of the element identified by ``locator``.</doc>
<status status="PASS" start="2025-09-25T23:05:55.451226" elapsed="0.019822"/>
</kw>
<kw name="Evaluate" owner="BuiltIn">
<msg time="2025-09-25T23:05:55.471712" level="INFO">${spent_value} = 0.0</msg>
<var>${spent_value}</var>
<arg>float("""${spent_text}""".replace('$','').replace(',',''))</arg>
<doc>Evaluates the given expression in Python and returns the result.</doc>
<status status="PASS" start="2025-09-25T23:05:55.471278" elapsed="0.000556"/>
</kw>
<if>
<branch type="IF" condition="${spent_value} &gt; 0">
<kw name="Log To Console" owner="BuiltIn">
<arg>${name}: ${spent_text}</arg>
<doc>Logs the given message to the console.</doc>
<status status="NOT RUN" start="2025-09-25T23:05:55.472282" elapsed="0.000085"/>
</kw>
<kw name="Evaluate" owner="BuiltIn">
<var>${total_spending}</var>
<arg>${total_spending} + ${spent_value}</arg>
<doc>Evaluates the given expression in Python and returns the result.</doc>
<status status="NOT RUN" start="2025-09-25T23:05:55.472515" elapsed="0.000082"/>
</kw>
<status status="NOT RUN" start="2025-09-25T23:05:55.471971" elapsed="0.000710"/>
</branch>
<status status="PASS" start="2025-09-25T23:05:55.471946" elapsed="0.000818"/>
</if>
<var name="${index}">25</var>
<status status="PASS" start="2025-09-25T23:05:55.425691" elapsed="0.047102"/>
</iter>
<var>${index}</var>
<value>1</value>
<value>${row_count}+1</value>
<status status="PASS" start="2025-09-25T23:05:53.546894" elapsed="1.925987"/>
</for>
<return>
<value>${total_spending}</value>
<status status="PASS" start="2025-09-25T23:05:55.473383" elapsed="0.001948"/>
</return>
<msg time="2025-09-25T23:05:55.475656" level="INFO">${total_spending} = 2006.1599999999999</msg>
<var>${total_spending}</var>
<status status="PASS" start="2025-09-25T23:05:53.529680" elapsed="1.946302"/>
</kw>
<kw name="Log To Console" owner="BuiltIn">
<arg>\n==================================</arg>
<doc>Logs the given message to the console.</doc>
<status status="PASS" start="2025-09-25T23:05:55.476221" elapsed="0.001070"/>
</kw>
<kw name="Log To Console" owner="BuiltIn">
<arg>Total Customer Spending: ${total_spending}</arg>
<doc>Logs the given message to the console.</doc>
<status status="PASS" start="2025-09-25T23:05:55.477733" elapsed="0.001883"/>
</kw>
<kw name="Log To Console" owner="BuiltIn">
<arg>==================================</arg>
<doc>Logs the given message to the console.</doc>
<status status="PASS" start="2025-09-25T23:05:55.480087" elapsed="0.003147"/>
</kw>
<kw name="Run Keyword If" owner="BuiltIn">
<kw name="Fail" owner="BuiltIn">
<msg time="2025-09-25T23:05:55.491503" level="FAIL">FAIL: Total spending (2006.1599999999999) is below minimum threshold ($3500)</msg>
<arg>FAIL: Total spending (${total_spending}) is below minimum threshold ($3500)</arg>
<doc>Fails the test with the given message and optionally alters its tags.</doc>
<status status="FAIL" start="2025-09-25T23:05:55.486241" elapsed="0.015003">FAIL: Total spending (2006.1599999999999) is below minimum threshold ($3500)</status>
</kw>
<arg>${total_spending} &lt; 3500</arg>
<arg>Fail</arg>
<arg>FAIL: Total spending (${total_spending}) is below minimum threshold ($3500)</arg>
<arg>ELSE</arg>
<arg>Log To Console</arg>
<arg>PASS: Total spending (${total_spending}) meets minimum threshold ($3500)</arg>
<doc>Runs the given keyword with the given arguments, if ``condition`` is true.</doc>
<status status="FAIL" start="2025-09-25T23:05:55.483886" elapsed="0.017971">FAIL: Total spending (2006.1599999999999) is below minimum threshold ($3500)</status>
</kw>
<status status="FAIL" start="2025-09-25T23:05:53.503477" elapsed="2.001142">FAIL: Total spending (2006.1599999999999) is below minimum threshold ($3500)</status>
</kw>
<doc>TASK 5: Analyzes and validates user spending.</doc>
<status status="FAIL" start="2025-09-25T23:05:53.327187" elapsed="2.180498">FAIL: Total spending (2006.1599999999999) is below minimum threshold ($3500)</status>
</test>
<kw name="Close All Browsers" owner="SeleniumLibrary" type="TEARDOWN">
<doc>Closes all open browsers and resets the browser cache.</doc>
<status status="PASS" start="2025-09-25T23:05:55.517920" elapsed="2.820322"/>
</kw>
<status status="FAIL" start="2025-09-25T23:04:19.507852" elapsed="98.830716"/>
</suite>
<statistics>
<total>
<stat pass="3" fail="1" skip="0">All Tests</stat>
</total>
<tag>
</tag>
<suite>
<stat name="Tests" id="s1" pass="3" fail="1" skip="0">Tests</stat>
</suite>
</statistics>
<errors>
</errors>
</robot>
